

================================================================
== Vivado HLS Report for 'image_filter_sqrtf1'
================================================================
* Date:           Thu Jun  4 17:29:30 2015

* Version:        2015.1 (Build 1215546 on Mon Apr 27 19:24:50 PM 2015)
* Project:        image_filter
* Solution:       solution1
* Product family: zynq
* Target device:  xc7z020clg484-1


================================================================
== Performance Estimates
================================================================
+ Timing (ns): 
    * Summary: 
    +---------+-------+----------+------------+
    |  Clock  | Target| Estimated| Uncertainty|
    +---------+-------+----------+------------+
    |default  |   6.00|      3.39|        0.75|
    +---------+-------+----------+------------+

+ Latency (clock cycles): 
    * Summary: 
    +-----+-----+-----+-----+---------+
    |  Latency  |  Interval | Pipeline|
    | min | max | min | max |   Type  |
    +-----+-----+-----+-----+---------+
    |   27|   27|   27|   27|   none  |
    +-----+-----+-----+-----+---------+

    + Detail: 
        * Instance: 
        N/A

        * Loop: 
        N/A



================================================================
== Utilization Estimates
================================================================
* Summary: 
+-----------------+---------+-------+--------+-------+
|       Name      | BRAM_18K| DSP48E|   FF   |  LUT  |
+-----------------+---------+-------+--------+-------+
|Expression       |        -|      -|       -|      -|
|FIFO             |        -|      -|       -|      -|
|Instance         |        -|      -|       -|      -|
|Memory           |        -|      -|       -|      -|
|Multiplexer      |        -|      -|       -|      -|
|Register         |        -|      -|       -|      -|
+-----------------+---------+-------+--------+-------+
|Total            |        0|      0|       0|      0|
+-----------------+---------+-------+--------+-------+
|Available        |      280|    220|  106400|  53200|
+-----------------+---------+-------+--------+-------+
|Utilization (%)  |        0|      0|       0|      0|
+-----------------+---------+-------+--------+-------+

+ Detail: 
    * Instance: 
    N/A

    * Memory: 
    N/A

    * FIFO: 
    N/A

    * Expression: 
    N/A

    * Multiplexer: 
    N/A

    * Register: 
    N/A



================================================================
== Interface
================================================================
* Summary: 
N/A

============================================================
+ Verbose Summary: Synthesis Manager
============================================================
InlineROM: 1
ExposeGlobal: 0
============================================================
+ Verbose Summary: CDFG Model
============================================================
IsTopModel: 0
ResetActiveHigh: 1
IsCombinational: 2
IsDatapathOnly: 0
HasWiredReturn: 1
HasMFsm: 0
HasVarLatency: 1
IsPipeline: 0
IsRtlPipelined: 0
IsInstanceOverlapped: 0
IsDontTouch: 0
HasImplIP: 0
IsGatedGlobalClock: 0


============================================================
+ Verbose Summary: Schedule
============================================================
* Number of FSM states: 28
* Pipeline: 0
* Dataflow Pipeline: 0

* FSM state transitions: 
1 --> 
	2  / true
2 --> 
	3  / true
3 --> 
	4  / true
4 --> 
	5  / true
5 --> 
	6  / true
6 --> 
	7  / true
7 --> 
	8  / true
8 --> 
	9  / true
9 --> 
	10  / true
10 --> 
	11  / true
11 --> 
	12  / true
12 --> 
	13  / true
13 --> 
	14  / true
14 --> 
	15  / true
15 --> 
	16  / true
16 --> 
	17  / true
17 --> 
	18  / true
18 --> 
	19  / true
19 --> 
	20  / true
20 --> 
	21  / true
21 --> 
	22  / true
22 --> 
	23  / true
23 --> 
	24  / true
24 --> 
	25  / true
25 --> 
	26  / true
26 --> 
	27  / true
27 --> 
	28  / true
28 --> 
* FSM state operations: 

 <State 1>: 3.39ns
ST_1: p_read_2 [1/1] 0.00ns
:0  %p_read_2 = call float @_ssdm_op_Read.ap_auto.float(float %p_read)

ST_1: tmp [28/28] 3.39ns
:1  %tmp = call float @llvm.sqrt.f32(float %p_read_2)


 <State 2>: 3.39ns
ST_2: tmp [27/28] 3.39ns
:1  %tmp = call float @llvm.sqrt.f32(float %p_read_2)


 <State 3>: 3.39ns
ST_3: tmp [26/28] 3.39ns
:1  %tmp = call float @llvm.sqrt.f32(float %p_read_2)


 <State 4>: 3.39ns
ST_4: tmp [25/28] 3.39ns
:1  %tmp = call float @llvm.sqrt.f32(float %p_read_2)


 <State 5>: 3.39ns
ST_5: tmp [24/28] 3.39ns
:1  %tmp = call float @llvm.sqrt.f32(float %p_read_2)


 <State 6>: 3.39ns
ST_6: tmp [23/28] 3.39ns
:1  %tmp = call float @llvm.sqrt.f32(float %p_read_2)


 <State 7>: 3.39ns
ST_7: tmp [22/28] 3.39ns
:1  %tmp = call float @llvm.sqrt.f32(float %p_read_2)


 <State 8>: 3.39ns
ST_8: tmp [21/28] 3.39ns
:1  %tmp = call float @llvm.sqrt.f32(float %p_read_2)


 <State 9>: 3.39ns
ST_9: tmp [20/28] 3.39ns
:1  %tmp = call float @llvm.sqrt.f32(float %p_read_2)


 <State 10>: 3.39ns
ST_10: tmp [19/28] 3.39ns
:1  %tmp = call float @llvm.sqrt.f32(float %p_read_2)


 <State 11>: 3.39ns
ST_11: tmp [18/28] 3.39ns
:1  %tmp = call float @llvm.sqrt.f32(float %p_read_2)


 <State 12>: 3.39ns
ST_12: tmp [17/28] 3.39ns
:1  %tmp = call float @llvm.sqrt.f32(float %p_read_2)


 <State 13>: 3.39ns
ST_13: tmp [16/28] 3.39ns
:1  %tmp = call float @llvm.sqrt.f32(float %p_read_2)


 <State 14>: 3.39ns
ST_14: tmp [15/28] 3.39ns
:1  %tmp = call float @llvm.sqrt.f32(float %p_read_2)


 <State 15>: 3.39ns
ST_15: tmp [14/28] 3.39ns
:1  %tmp = call float @llvm.sqrt.f32(float %p_read_2)


 <State 16>: 3.39ns
ST_16: tmp [13/28] 3.39ns
:1  %tmp = call float @llvm.sqrt.f32(float %p_read_2)


 <State 17>: 3.39ns
ST_17: tmp [12/28] 3.39ns
:1  %tmp = call float @llvm.sqrt.f32(float %p_read_2)


 <State 18>: 3.39ns
ST_18: tmp [11/28] 3.39ns
:1  %tmp = call float @llvm.sqrt.f32(float %p_read_2)


 <State 19>: 3.39ns
ST_19: tmp [10/28] 3.39ns
:1  %tmp = call float @llvm.sqrt.f32(float %p_read_2)


 <State 20>: 3.39ns
ST_20: tmp [9/28] 3.39ns
:1  %tmp = call float @llvm.sqrt.f32(float %p_read_2)


 <State 21>: 3.39ns
ST_21: tmp [8/28] 3.39ns
:1  %tmp = call float @llvm.sqrt.f32(float %p_read_2)


 <State 22>: 3.39ns
ST_22: tmp [7/28] 3.39ns
:1  %tmp = call float @llvm.sqrt.f32(float %p_read_2)


 <State 23>: 3.39ns
ST_23: tmp [6/28] 3.39ns
:1  %tmp = call float @llvm.sqrt.f32(float %p_read_2)


 <State 24>: 3.39ns
ST_24: tmp [5/28] 3.39ns
:1  %tmp = call float @llvm.sqrt.f32(float %p_read_2)


 <State 25>: 3.39ns
ST_25: tmp [4/28] 3.39ns
:1  %tmp = call float @llvm.sqrt.f32(float %p_read_2)


 <State 26>: 3.39ns
ST_26: tmp [3/28] 3.39ns
:1  %tmp = call float @llvm.sqrt.f32(float %p_read_2)


 <State 27>: 3.39ns
ST_27: tmp [2/28] 3.39ns
:1  %tmp = call float @llvm.sqrt.f32(float %p_read_2)


 <State 28>: 3.39ns
ST_28: tmp [1/28] 3.39ns
:1  %tmp = call float @llvm.sqrt.f32(float %p_read_2)

ST_28: stg_58 [1/1] 0.00ns
:2  ret float %tmp



============================================================
+ Verbose Summary: Binding
============================================================
N/A
* FSMD analyzer results:
  - Output states:
  - Chain level:
	State 1
	State 2
	State 3
	State 4
	State 5
	State 6
	State 7
	State 8
	State 9
	State 10
	State 11
	State 12
	State 13
	State 14
	State 15
	State 16
	State 17
	State 18
	State 19
	State 20
	State 21
	State 22
	State 23
	State 24
	State 25
	State 26
	State 27
	State 28


============================================================
+ Verbose Summary: Datapath Resource usage 
============================================================
N/A
