INFO: [Common 17-701] A license check has taken more than 10 seconds to complete. This may indicate that there is a performance issue with one or more license servers listed in XILINXD_LICENSE_FILE or LM_LICENSE_FILE, or that the license servers are just not responding at all. Try setting the FLEXLM_DIAGNOSTICS environment variable to 3 and running Vivado again to get more information.
#-----------------------------------------------------------
# Webtalk v2015.1 (64-bit)
# SW Build 1215546 on Mon Apr 27 19:19:00 MDT 2015
# 
# Start of session at: Fri Jun  5 06:24:29 2015
# Process ID: 10488
# Log file: /home/tim/project_1/project_1.sdk/webtalk/webtalk.log
# Journal file: /home/tim/project_1/project_1.sdk/webtalk/webtalk.jou
#-----------------------------------------------------------
source sdk_webtalk.tcl
# webtalk_init -webtalk_dir /home/tim/project_1/project_1.sdk/webtalk
# webtalk_register_client -client project
# webtalk_add_data -client project -key date_generated -value "Fri Jun 5 06:23:35 2015" -context "software_version_and_target_device"
# webtalk_add_data -client project -key product_version -value "SDK v2015.1" -context "software_version_and_target_device"
# webtalk_add_data -client project -key build_version -value "2015.1" -context "software_version_and_target_device"
# webtalk_add_data -client project -key os_platform -value "amd64" -context "software_version_and_target_device"
# webtalk_add_data -client project -key registration_id -value "211052349_0_0_465" -context "software_version_and_target_device"
# webtalk_add_data -client project -key tool_flow -value "SDK" -context "software_version_and_target_device"
# webtalk_add_data -client project -key beta -value "false" -context "software_version_and_target_device"
# webtalk_add_data -client project -key route_design -value "NA" -context "software_version_and_target_device"
# webtalk_add_data -client project -key target_family -value "NA" -context "software_version_and_target_device"
# webtalk_add_data -client project -key target_device -value "NA" -context "software_version_and_target_device"
# webtalk_add_data -client project -key target_package -value "NA" -context "software_version_and_target_device"
# webtalk_add_data -client project -key target_speed -value "NA" -context "software_version_and_target_device"
# webtalk_add_data -client project -key random_id -value "2hr2sjgcqgo0ff3odj8406nknl" -context "software_version_and_target_device"
# webtalk_add_data -client project -key project_id -value "2015.1_5" -context "software_version_and_target_device"
# webtalk_add_data -client project -key project_iteration -value "5" -context "software_version_and_target_device"
# webtalk_add_data -client project -key os_name -value "Ubuntu" -context "user_environment"
# webtalk_add_data -client project -key os_release -value "Ubuntu 14.04.2 LTS" -context "user_environment"
# webtalk_add_data -client project -key cpu_name -value "Intel(R) Core(TM) i7-2640M CPU @ 2.80GHz" -context "user_environment"
# webtalk_add_data -client project -key cpu_speed -value "2793.086 MHz" -context "user_environment"
# webtalk_add_data -client project -key total_processors -value "2" -context "user_environment"
# webtalk_add_data -client project -key system_ram -value "4.000 GB" -context "user_environment"
# webtalk_register_client -client sdk
# webtalk_add_data -client sdk -key uid -value "1433508322000" -context "sdk\\\\hardware/1433508322000"
# webtalk_add_data -client sdk -key isZynq -value "true" -context "sdk\\\\hardware/1433508322000"
# webtalk_add_data -client sdk -key Processors -value "2" -context "sdk\\\\hardware/1433508322000"
# webtalk_add_data -client sdk -key VivadoVersion -value "2015.1.0" -context "sdk\\\\hardware/1433508322000"
# webtalk_add_data -client sdk -key Arch -value "zynq" -context "sdk\\\\hardware/1433508322000"
# webtalk_add_data -client sdk -key Device -value "7z020" -context "sdk\\\\hardware/1433508322000"
# webtalk_add_data -client sdk -key IsHandoff -value "true" -context "sdk\\\\hardware/1433508322000"
# webtalk_add_data -client sdk -key uid -value "1433508322000" -context "sdk\\\\bsp/1433508322000"
# webtalk_add_data -client sdk -key hwid -value "1433508322000" -context "sdk\\\\bsp/1433508322000"
# webtalk_add_data -client sdk -key os -value "standalone" -context "sdk\\\\bsp/1433508322000"
# webtalk_add_data -client sdk -key apptemplate -value "zynq_fsbl" -context "sdk\\\\bsp/1433508322000"
# webtalk_add_data -client sdk -key uid -value "1433508327000" -context "sdk\\\\application/1433508327000"
# webtalk_add_data -client sdk -key hwid -value "1433508322000" -context "sdk\\\\application/1433508327000"
# webtalk_add_data -client sdk -key bspid -value "1433508322000" -context "sdk\\\\application/1433508327000"
# webtalk_add_data -client sdk -key newbsp -value "true" -context "sdk\\\\application/1433508327000"
# webtalk_add_data -client sdk -key os -value "standalone" -context "sdk\\\\application/1433508327000"
# webtalk_add_data -client sdk -key apptemplate -value "zynq_fsbl" -context "sdk\\\\application/1433508327000"
# webtalk_add_data -client sdk -key uid -value "1433508649000" -context "sdk\\\\bsp/1433508649000"
# webtalk_add_data -client sdk -key hwid -value "1432593819000" -context "sdk\\\\bsp/1433508649000"
# webtalk_add_data -client sdk -key os -value "standalone" -context "sdk\\\\bsp/1433508649000"
# webtalk_add_data -client sdk -key apptemplate -value "zynq_fsbl" -context "sdk\\\\bsp/1433508649000"
# webtalk_add_data -client sdk -key uid -value "1433508667000" -context "sdk\\\\application/1433508667000"
# webtalk_add_data -client sdk -key hwid -value "1432593819000" -context "sdk\\\\application/1433508667000"
# webtalk_add_data -client sdk -key bspid -value "1433508649000" -context "sdk\\\\application/1433508667000"
# webtalk_add_data -client sdk -key newbsp -value "true" -context "sdk\\\\application/1433508667000"
# webtalk_add_data -client sdk -key os -value "standalone" -context "sdk\\\\application/1433508667000"
# webtalk_add_data -client sdk -key apptemplate -value "zynq_fsbl" -context "sdk\\\\application/1433508667000"
# webtalk_transmit -clientid 427407946 -regid "211052349_0_0_465" -xml /home/tim/project_1/project_1.sdk/webtalk/usage_statistics_ext_sdk.xml -html /home/tim/project_1/project_1.sdk/webtalk/usage_statistics_ext_sdk.html -wdm /home/tim/project_1/project_1.sdk/webtalk/sdk_webtalk.wdm -intro "<H3>SDK Usage Report</H3><BR>"

    while executing
"webtalk_transmit -clientid 427407946 -regid "211052349_0_0_465" -xml /home/tim/project_1/project_1.sdk/webtalk/usage_statistics_ext_sdk.xml -html /hom..."
    (file "sdk_webtalk.tcl" line 52)
INFO: [Common 17-206] Exiting Webtalk at Fri Jun  5 06:24:29 2015...
