INFO: [Common 17-701] A license check has taken more than 10 seconds to complete. This may indicate that there is a performance issue with one or more license servers listed in XILINXD_LICENSE_FILE or LM_LICENSE_FILE, or that the license servers are just not responding at all. Try setting the FLEXLM_DIAGNOSTICS environment variable to 3 and running Vivado again to get more information.
#-----------------------------------------------------------
# Webtalk v2015.1 (64-bit)
# SW Build 1215546 on Mon Apr 27 19:19:00 MDT 2015
# 
# Start of session at: Mon May 25 15:53:42 2015
# Process ID: 44125
# Log file: /home/tim/project_1/project_1.sdk/webtalk/webtalk.log
# Journal file: /home/tim/project_1/project_1.sdk/webtalk/webtalk.jou
#-----------------------------------------------------------
source sdk_webtalk.tcl
# webtalk_init -webtalk_dir /home/tim/project_1/project_1.sdk/webtalk
# webtalk_register_client -client project
# webtalk_add_data -client project -key date_generated -value "Mon May 25 15:53:11 2015" -context "software_version_and_target_device"
# webtalk_add_data -client project -key product_version -value "SDK v2015.1" -context "software_version_and_target_device"
# webtalk_add_data -client project -key build_version -value "2015.1" -context "software_version_and_target_device"
# webtalk_add_data -client project -key os_platform -value "amd64" -context "software_version_and_target_device"
# webtalk_add_data -client project -key registration_id -value "211052349_0_0_575" -context "software_version_and_target_device"
# webtalk_add_data -client project -key tool_flow -value "SDK" -context "software_version_and_target_device"
# webtalk_add_data -client project -key beta -value "false" -context "software_version_and_target_device"
# webtalk_add_data -client project -key route_design -value "NA" -context "software_version_and_target_device"
# webtalk_add_data -client project -key target_family -value "NA" -context "software_version_and_target_device"
# webtalk_add_data -client project -key target_device -value "NA" -context "software_version_and_target_device"
# webtalk_add_data -client project -key target_package -value "NA" -context "software_version_and_target_device"
# webtalk_add_data -client project -key target_speed -value "NA" -context "software_version_and_target_device"
# webtalk_add_data -client project -key random_id -value "obqtdptpfir5848g76errmr0ba" -context "software_version_and_target_device"
# webtalk_add_data -client project -key project_id -value "2015.1_1" -context "software_version_and_target_device"
# webtalk_add_data -client project -key project_iteration -value "1" -context "software_version_and_target_device"
# webtalk_add_data -client project -key os_name -value "Ubuntu" -context "user_environment"
# webtalk_add_data -client project -key os_release -value "Ubuntu 14.04.1 LTS" -context "user_environment"
# webtalk_add_data -client project -key cpu_name -value "Intel(R) Core(TM) i7-2640M CPU @ 2.80GHz" -context "user_environment"
# webtalk_add_data -client project -key cpu_speed -value "2793.386 MHz" -context "user_environment"
# webtalk_add_data -client project -key total_processors -value "2" -context "user_environment"
# webtalk_add_data -client project -key system_ram -value "4.000 GB" -context "user_environment"
# webtalk_register_client -client sdk
# webtalk_add_data -client sdk -key uid -value "1432594147000" -context "sdk\\\\bsp/1432594147000"
# webtalk_add_data -client sdk -key hwid -value "1432593819000" -context "sdk\\\\bsp/1432594147000"
# webtalk_add_data -client sdk -key os -value "standalone" -context "sdk\\\\bsp/1432594147000"
# webtalk_add_data -client sdk -key apptemplate -value "null" -context "sdk\\\\bsp/1432594147000"
# webtalk_transmit -clientid 2476164864 -regid "211052349_0_0_575" -xml /home/tim/project_1/project_1.sdk/webtalk/usage_statistics_ext_sdk.xml -html /home/tim/project_1/project_1.sdk/webtalk/usage_statistics_ext_sdk.html -wdm /home/tim/project_1/project_1.sdk/webtalk/sdk_webtalk.wdm -intro "<H3>SDK Usage Report</H3><BR>"

    while executing
"webtalk_transmit -clientid 2476164864 -regid "211052349_0_0_575" -xml /home/tim/project_1/project_1.sdk/webtalk/usage_statistics_ext_sdk.xml -html /ho..."
    (file "sdk_webtalk.tcl" line 29)
INFO: [Common 17-206] Exiting Webtalk at Mon May 25 15:53:45 2015...
