

================================================================
== Vivado HLS Report for 'image_filter_fh_Mat2AXIvideo_32_480_640_5_s'
================================================================
* Date:           Wed Jun  3 13:51:36 2015

* Version:        2015.1 (Build 1215546 on Mon Apr 27 19:24:50 PM 2015)
* Project:        image_filter_2
* Solution:       solution1
* Product family: zynq
* Target device:  xc7z020clg484-1


================================================================
== Performance Estimates
================================================================
+ Timing (ns): 
    * Summary: 
    +---------+-------+----------+------------+
    |  Clock  | Target| Estimated| Uncertainty|
    +---------+-------+----------+------------+
    |default  |   6.50|      3.51|        0.81|
    +---------+-------+----------+------------+

+ Latency (clock cycles): 
    * Summary: 
    +-----+--------+-----+--------+---------+
    |    Latency   |   Interval   | Pipeline|
    | min |   max  | min |   max  |   Type  |
    +-----+--------+-----+--------+---------+
    |    1|  308641|    1|  308641|   none  |
    +-----+--------+-----+--------+---------+

    + Detail: 
        * Instance: 
        N/A

        * Loop: 
        +---------------+-----+--------+----------+-----------+-----------+---------+----------+
        |               |    Latency   | Iteration|  Initiation Interval  |   Trip  |          |
        |   Loop Name   | min |   max  |  Latency |  achieved |   target  |  Count  | Pipelined|
        +---------------+-----+--------+----------+-----------+-----------+---------+----------+
        |- loop_height  |    0|  308640|  3 ~ 643 |          -|          -| 0 ~ 480 |    no    |
        | + loop_width  |    0|     640|         2|          1|          1| 0 ~ 640 |    yes   |
        +---------------+-----+--------+----------+-----------+-----------+---------+----------+



================================================================
== Utilization Estimates
================================================================
* Summary: 
+-----------------+---------+-------+--------+-------+
|       Name      | BRAM_18K| DSP48E|   FF   |  LUT  |
+-----------------+---------+-------+--------+-------+
|Expression       |        -|      -|       -|      -|
|FIFO             |        -|      -|       -|      -|
|Instance         |        -|      -|       -|      -|
|Memory           |        -|      -|       -|      -|
|Multiplexer      |        -|      -|       -|      -|
|Register         |        -|      -|       -|      -|
+-----------------+---------+-------+--------+-------+
|Total            |        0|      0|       0|      0|
+-----------------+---------+-------+--------+-------+
|Available        |      280|    220|  106400|  53200|
+-----------------+---------+-------+--------+-------+
|Utilization (%)  |        0|      0|       0|      0|
+-----------------+---------+-------+--------+-------+

+ Detail: 
    * Instance: 
    N/A

    * Memory: 
    N/A

    * FIFO: 
    N/A

    * Expression: 
    N/A

    * Multiplexer: 
    N/A

    * Register: 
    N/A



================================================================
== Interface
================================================================
* Summary: 
N/A

============================================================
+ Verbose Summary: Synthesis Manager
============================================================
InlineROM: 1
ExposeGlobal: 0
============================================================
+ Verbose Summary: CDFG Model
============================================================
IsTopModel: 0
ResetActiveHigh: 1
IsCombinational: 2
IsDatapathOnly: 0
HasWiredReturn: 1
HasMFsm: 0
HasVarLatency: 1
IsPipeline: 0
IsRtlPipelined: 0
IsInstanceOverlapped: 0
IsDontTouch: 0
HasImplIP: 0
IsGatedGlobalClock: 0

+ Individual pipeline summary: 
  * Pipeline-0: initiation interval (II) = 1, depth = 2


============================================================
+ Verbose Summary: Schedule
============================================================
* Number of FSM states: 5
* Pipeline: 1
  Pipeline-0: II = 1, D = 2, States = { 3 4 }
* Dataflow Pipeline: 0

* FSM state transitions: 
1 --> 
	2  / true
2 --> 
	3  / (!exitcond2)
3 --> 
	5  / (exitcond)
	4  / (!exitcond)
4 --> 
	3  / true
5 --> 
	2  / true
* FSM state operations: 

 <State 1>: 1.84ns
ST_1: tmp_user_V [1/1] 0.00ns
:0  %tmp_user_V = alloca i1, align 1

ST_1: stg_7 [1/1] 0.00ns
:1  call void (...)* @_ssdm_op_SpecInterface(i1* %AXI_video_strm_V_dest_V, i1* %AXI_video_strm_V_id_V, i1* %AXI_video_strm_V_last_V, i1* %AXI_video_strm_V_user_V, i4* %AXI_video_strm_V_strb_V, i4* %AXI_video_strm_V_keep_V, i32* %AXI_video_strm_V_data_V, [5 x i8]* @p_str1805, i32 0, i32 0, i32 0, i32 0, [16 x i8]* @p_str1808, [1 x i8]* @p_str1807, [1 x i8]* @p_str1807)

ST_1: stg_8 [1/1] 0.00ns
:2  call void (...)* @_ssdm_op_SpecInterface(float* %img_data_stream_V, [8 x i8]* @str72, i32 0, i32 0, i32 0, i32 0, [1 x i8]* @str73, [1 x i8]* @str73, [8 x i8]* @str72)

ST_1: img_cols_V_read_2 [1/1] 0.00ns
:3  %img_cols_V_read_2 = call i12 @_ssdm_op_Read.ap_auto.i12(i12 %img_cols_V_read)

ST_1: img_rows_V_read_2 [1/1] 0.00ns
:4  %img_rows_V_read_2 = call i12 @_ssdm_op_Read.ap_auto.i12(i12 %img_rows_V_read)

ST_1: lhs_V_cast [1/1] 0.00ns
:5  %lhs_V_cast = zext i12 %img_cols_V_read_2 to i13

ST_1: r_V [1/1] 1.84ns
:6  %r_V = add i13 %lhs_V_cast, -1

ST_1: stg_13 [1/1] 1.57ns
:7  store i1 true, i1* %tmp_user_V, align 1

ST_1: stg_14 [1/1] 1.57ns
:8  br label %1


 <State 2>: 3.51ns
ST_2: p_s [1/1] 0.00ns
:0  %p_s = phi i12 [ 0, %0 ], [ %i_V, %4 ]

ST_2: exitcond2 [1/1] 2.14ns
:1  %exitcond2 = icmp eq i12 %p_s, %img_rows_V_read_2

ST_2: i_V [1/1] 1.84ns
:2  %i_V = add i12 %p_s, 1

ST_2: stg_18 [1/1] 0.00ns
:3  br i1 %exitcond2, label %5, label %2

ST_2: stg_19 [1/1] 0.00ns
:0  call void (...)* @_ssdm_op_SpecLoopName([12 x i8]* @p_str1814) nounwind

ST_2: tmp_s [1/1] 0.00ns
:1  %tmp_s = call i32 (...)* @_ssdm_op_SpecRegionBegin([12 x i8]* @p_str1814)

ST_2: stg_21 [1/1] 0.00ns
:2  call void (...)* @_ssdm_op_SpecLoopTripCount(i32 0, i32 480, i32 0, [1 x i8]* @p_str1807) nounwind

ST_2: stg_22 [1/1] 1.57ns
:3  br label %3

ST_2: stg_23 [1/1] 0.00ns
:0  ret void


 <State 3>: 3.51ns
ST_3: p_2 [1/1] 0.00ns
:0  %p_2 = phi i12 [ 0, %2 ], [ %j_V, %.critedge ]

ST_3: exitcond [1/1] 2.14ns
:1  %exitcond = icmp eq i12 %p_2, %img_cols_V_read_2

ST_3: j_V [1/1] 1.84ns
:2  %j_V = add i12 %p_2, 1

ST_3: stg_27 [1/1] 0.00ns
:3  br i1 %exitcond, label %4, label %.critedge

ST_3: tmp_cast [1/1] 0.00ns
.critedge:5  %tmp_cast = zext i12 %p_2 to i13

ST_3: axi_last_V [1/1] 2.18ns
.critedge:6  %axi_last_V = icmp eq i13 %tmp_cast, %r_V


 <State 4>: 2.84ns
ST_4: tmp_user_V_load [1/1] 0.00ns
.critedge:0  %tmp_user_V_load = load i1* %tmp_user_V, align 1

ST_4: stg_31 [1/1] 0.00ns
.critedge:1  call void (...)* @_ssdm_op_SpecLoopName([11 x i8]* @p_str1815) nounwind

ST_4: tmp_83 [1/1] 0.00ns
.critedge:2  %tmp_83 = call i32 (...)* @_ssdm_op_SpecRegionBegin([11 x i8]* @p_str1815)

ST_4: stg_33 [1/1] 0.00ns
.critedge:3  call void (...)* @_ssdm_op_SpecLoopTripCount(i32 0, i32 640, i32 0, [1 x i8]* @p_str1807) nounwind

ST_4: stg_34 [1/1] 0.00ns
.critedge:4  call void (...)* @_ssdm_op_SpecPipeline(i32 1, i32 1, i32 1, i32 0, [1 x i8]* @p_str1807) nounwind

ST_4: tmp_84 [1/1] 0.00ns
.critedge:7  %tmp_84 = call i32 (...)* @_ssdm_op_SpecRegionBegin([12 x i8]* @p_str1819)

ST_4: stg_36 [1/1] 0.00ns
.critedge:8  call void (...)* @_ssdm_op_SpecProtocol(i32 0, [1 x i8]* @p_str1807) nounwind

ST_4: tmp [1/1] 2.84ns
.critedge:9  %tmp = call float @_ssdm_op_Read.ap_fifo.volatile.floatP(float* %img_data_stream_V)

ST_4: empty [1/1] 0.00ns
.critedge:10  %empty = call i32 (...)* @_ssdm_op_SpecRegionEnd([12 x i8]* @p_str1819, i32 %tmp_84)

ST_4: stg_39 [1/1] 0.00ns
.critedge:11  call void (...)* @_ssdm_op_SpecLoopName([14 x i8]* @p_str1816) nounwind

ST_4: tmp_data_V [1/1] 0.00ns
.critedge:12  %tmp_data_V = bitcast float %tmp to i32

ST_4: stg_41 [1/1] 0.00ns
.critedge:13  call void @_ssdm_op_Write.axis.volatile.i32P.i4P.i4P.i1P.i1P.i1P.i1P(i32* %AXI_video_strm_V_data_V, i4* %AXI_video_strm_V_keep_V, i4* %AXI_video_strm_V_strb_V, i1* %AXI_video_strm_V_user_V, i1* %AXI_video_strm_V_last_V, i1* %AXI_video_strm_V_id_V, i1* %AXI_video_strm_V_dest_V, i32 %tmp_data_V, i4 -1, i4 undef, i1 %tmp_user_V_load, i1 %axi_last_V, i1 undef, i1 undef)

ST_4: empty_25 [1/1] 0.00ns
.critedge:14  %empty_25 = call i32 (...)* @_ssdm_op_SpecRegionEnd([11 x i8]* @p_str1815, i32 %tmp_83)

ST_4: stg_43 [1/1] 1.57ns
.critedge:15  store i1 false, i1* %tmp_user_V, align 1

ST_4: stg_44 [1/1] 0.00ns
.critedge:16  br label %3


 <State 5>: 0.00ns
ST_5: empty_26 [1/1] 0.00ns
:0  %empty_26 = call i32 (...)* @_ssdm_op_SpecRegionEnd([12 x i8]* @p_str1814, i32 %tmp_s)

ST_5: stg_46 [1/1] 0.00ns
:1  br label %1



============================================================
+ Verbose Summary: Binding
============================================================
STG Binding: 
---------------- STG Properties BEGIN ----------------
- Is combinational: 0
- Is one-state seq: 0
- Is datapath-only: 0
- Is clock enabled: 0
- Is pipelined: 0
- Is top level: 0
Port [ Return ] is wired: 1; IO mode=ap_ctrl_hs:ce=0
Port [ img_rows_V_read]:  wired=1; compound=0; hidden=0; nouse=0; global=0; static=0; extern=0; dir=0; type=0; mode=0x7fc00b51aa30; pingpong=0; private_global=0; IO mode=ap_none:ce=0
Port [ img_cols_V_read]:  wired=1; compound=0; hidden=0; nouse=0; global=0; static=0; extern=0; dir=0; type=0; mode=0x7fc00b51aa90; pingpong=0; private_global=0; IO mode=ap_none:ce=0
Port [ img_data_stream_V]:  wired=1; compound=1; hidden=0; nouse=0; global=0; static=0; extern=0; dir=0; type=3; mode=0x7fc00b51aaf0; pingpong=0; private_global=0; IO mode=ap_fifo:ce=0
Port [ AXI_video_strm_V_data_V]:  wired=1; compound=1; hidden=0; nouse=0; global=0; static=0; extern=0; dir=1; type=0; mode=0x7fc009740920; pingpong=0; private_global=0; IO mode=axis:ce=0
Port [ AXI_video_strm_V_keep_V]:  wired=1; compound=1; hidden=0; nouse=0; global=0; static=0; extern=0; dir=1; type=0; mode=0x7fc009652180; pingpong=0; private_global=0; IO mode=axis:ce=0
Port [ AXI_video_strm_V_strb_V]:  wired=1; compound=1; hidden=0; nouse=0; global=0; static=0; extern=0; dir=1; type=0; mode=0x7fc0096521e0; pingpong=0; private_global=0; IO mode=axis:ce=0
Port [ AXI_video_strm_V_user_V]:  wired=1; compound=1; hidden=0; nouse=0; global=0; static=0; extern=0; dir=1; type=0; mode=0x7fc009652240; pingpong=0; private_global=0; IO mode=axis:ce=0
Port [ AXI_video_strm_V_last_V]:  wired=1; compound=1; hidden=0; nouse=0; global=0; static=0; extern=0; dir=1; type=0; mode=0x7fc0096522a0; pingpong=0; private_global=0; IO mode=axis:ce=0
Port [ AXI_video_strm_V_id_V]:  wired=1; compound=1; hidden=0; nouse=0; global=0; static=0; extern=0; dir=1; type=0; mode=0x7fc00b51a970; pingpong=0; private_global=0; IO mode=axis:ce=0
Port [ AXI_video_strm_V_dest_V]:  wired=1; compound=1; hidden=0; nouse=0; global=0; static=0; extern=0; dir=1; type=0; mode=0x7fc00b51a9d0; pingpong=0; private_global=0; IO mode=axis:ce=0
---------------- STG Properties END ------------------

---------------- Datapath Model BEGIN ----------------

<LifeTime>
<method=bitvector/>
tmp_user_V        (alloca           ) [ 011111]
stg_7             (specinterface    ) [ 000000]
stg_8             (specinterface    ) [ 000000]
img_cols_V_read_2 (read             ) [ 001111]
img_rows_V_read_2 (read             ) [ 001111]
lhs_V_cast        (zext             ) [ 000000]
r_V               (add              ) [ 001111]
stg_13            (store            ) [ 000000]
stg_14            (br               ) [ 011111]
p_s               (phi              ) [ 001000]
exitcond2         (icmp             ) [ 001111]
i_V               (add              ) [ 011111]
stg_18            (br               ) [ 000000]
stg_19            (specloopname     ) [ 000000]
tmp_s             (specregionbegin  ) [ 000111]
stg_21            (speclooptripcount) [ 000000]
stg_22            (br               ) [ 001111]
stg_23            (ret              ) [ 000000]
p_2               (phi              ) [ 000100]
exitcond          (icmp             ) [ 001111]
j_V               (add              ) [ 001111]
stg_27            (br               ) [ 000000]
tmp_cast          (zext             ) [ 000000]
axi_last_V        (icmp             ) [ 000110]
tmp_user_V_load   (load             ) [ 000000]
stg_31            (specloopname     ) [ 000000]
tmp_83            (specregionbegin  ) [ 000000]
stg_33            (speclooptripcount) [ 000000]
stg_34            (specpipeline     ) [ 000000]
tmp_84            (specregionbegin  ) [ 000000]
stg_36            (specprotocol     ) [ 000000]
tmp               (read             ) [ 000000]
empty             (specregionend    ) [ 000000]
stg_39            (specloopname     ) [ 000000]
tmp_data_V        (bitcast          ) [ 000000]
stg_41            (write            ) [ 000000]
empty_25          (specregionend    ) [ 000000]
stg_43            (store            ) [ 000000]
stg_44            (br               ) [ 001111]
empty_26          (specregionend    ) [ 000000]
stg_46            (br               ) [ 011111]
</LifeTime>

<model>

<comp_list>
<comp id="0" class="1000" name="img_rows_V_read">
<pin_list>
<pin id="1" dir="1" index="0" bw="1" slack="0"/>
</pin_list>
<bind>
<StgValue><ssdm name="img_rows_V_read"/></StgValue>
</bind>
</comp>

<comp id="2" class="1000" name="img_cols_V_read">
<pin_list>
<pin id="3" dir="1" index="0" bw="1" slack="0"/>
</pin_list>
<bind>
<StgValue><ssdm name="img_cols_V_read"/></StgValue>
</bind>
</comp>

<comp id="4" class="1000" name="img_data_stream_V">
<pin_list>
<pin id="5" dir="1" index="0" bw="1" slack="0"/>
</pin_list>
<bind>
<StgValue><ssdm name="img_data_stream_V"/></StgValue>
</bind>
</comp>

<comp id="6" class="1000" name="AXI_video_strm_V_data_V">
<pin_list>
<pin id="7" dir="1" index="0" bw="1" slack="0"/>
</pin_list>
<bind>
<StgValue><ssdm name="AXI_video_strm_V_data_V"/></StgValue>
</bind>
</comp>

<comp id="8" class="1000" name="AXI_video_strm_V_keep_V">
<pin_list>
<pin id="9" dir="1" index="0" bw="1" slack="0"/>
</pin_list>
<bind>
<StgValue><ssdm name="AXI_video_strm_V_keep_V"/></StgValue>
</bind>
</comp>

<comp id="10" class="1000" name="AXI_video_strm_V_strb_V">
<pin_list>
<pin id="11" dir="1" index="0" bw="1" slack="0"/>
</pin_list>
<bind>
<StgValue><ssdm name="AXI_video_strm_V_strb_V"/></StgValue>
</bind>
</comp>

<comp id="12" class="1000" name="AXI_video_strm_V_user_V">
<pin_list>
<pin id="13" dir="1" index="0" bw="1" slack="0"/>
</pin_list>
<bind>
<StgValue><ssdm name="AXI_video_strm_V_user_V"/></StgValue>
</bind>
</comp>

<comp id="14" class="1000" name="AXI_video_strm_V_last_V">
<pin_list>
<pin id="15" dir="1" index="0" bw="1" slack="0"/>
</pin_list>
<bind>
<StgValue><ssdm name="AXI_video_strm_V_last_V"/></StgValue>
</bind>
</comp>

<comp id="16" class="1000" name="AXI_video_strm_V_id_V">
<pin_list>
<pin id="17" dir="1" index="0" bw="1" slack="0"/>
</pin_list>
<bind>
<StgValue><ssdm name="AXI_video_strm_V_id_V"/></StgValue>
</bind>
</comp>

<comp id="18" class="1000" name="AXI_video_strm_V_dest_V">
<pin_list>
<pin id="19" dir="1" index="0" bw="1" slack="0"/>
</pin_list>
<bind>
<StgValue><ssdm name="AXI_video_strm_V_dest_V"/></StgValue>
</bind>
</comp>

<comp id="20" class="1001" name="const_20">
<pin_list>
<pin id="21" dir="1" index="0" bw="1" slack="0"/>
</pin_list>
<bind>
<StgValue><ssdm name=""/></StgValue>
</bind>
</comp>

<comp id="22" class="1001" name="const_22">
<pin_list>
<pin id="23" dir="1" index="0" bw="1" slack="2147483647"/>
</pin_list>
<bind>
<StgValue><ssdm name="_ssdm_op_SpecInterface"/></StgValue>
</bind>
</comp>

<comp id="24" class="1001" name="const_24">
<pin_list>
<pin id="25" dir="1" index="0" bw="1" slack="2147483647"/>
</pin_list>
<bind>
<StgValue><ssdm name="p_str1805"/></StgValue>
</bind>
</comp>

<comp id="26" class="1001" name="const_26">
<pin_list>
<pin id="27" dir="1" index="0" bw="1" slack="2147483647"/>
</pin_list>
<bind>
<StgValue><ssdm name=""/></StgValue>
</bind>
</comp>

<comp id="28" class="1001" name="const_28">
<pin_list>
<pin id="29" dir="1" index="0" bw="1" slack="2147483647"/>
</pin_list>
<bind>
<StgValue><ssdm name="p_str1808"/></StgValue>
</bind>
</comp>

<comp id="30" class="1001" name="const_30">
<pin_list>
<pin id="31" dir="1" index="0" bw="1" slack="2147483647"/>
</pin_list>
<bind>
<StgValue><ssdm name="p_str1807"/></StgValue>
</bind>
</comp>

<comp id="32" class="1001" name="const_32">
<pin_list>
<pin id="33" dir="1" index="0" bw="1" slack="2147483647"/>
</pin_list>
<bind>
<StgValue><ssdm name="str72"/></StgValue>
</bind>
</comp>

<comp id="34" class="1001" name="const_34">
<pin_list>
<pin id="35" dir="1" index="0" bw="1" slack="2147483647"/>
</pin_list>
<bind>
<StgValue><ssdm name="str73"/></StgValue>
</bind>
</comp>

<comp id="36" class="1001" name="const_36">
<pin_list>
<pin id="37" dir="1" index="0" bw="1" slack="0"/>
</pin_list>
<bind>
<StgValue><ssdm name="_ssdm_op_Read.ap_auto.i12"/></StgValue>
</bind>
</comp>

<comp id="38" class="1001" name="const_38">
<pin_list>
<pin id="39" dir="1" index="0" bw="1" slack="0"/>
</pin_list>
<bind>
<StgValue><ssdm name=""/></StgValue>
</bind>
</comp>

<comp id="40" class="1001" name="const_40">
<pin_list>
<pin id="41" dir="1" index="0" bw="1" slack="0"/>
</pin_list>
<bind>
<StgValue><ssdm name=""/></StgValue>
</bind>
</comp>

<comp id="42" class="1001" name="const_42">
<pin_list>
<pin id="43" dir="1" index="0" bw="1" slack="1"/>
</pin_list>
<bind>
<StgValue><ssdm name=""/></StgValue>
</bind>
</comp>

<comp id="44" class="1001" name="const_44">
<pin_list>
<pin id="45" dir="1" index="0" bw="1" slack="0"/>
</pin_list>
<bind>
<StgValue><ssdm name=""/></StgValue>
</bind>
</comp>

<comp id="46" class="1001" name="const_46">
<pin_list>
<pin id="47" dir="1" index="0" bw="1" slack="2147483647"/>
</pin_list>
<bind>
<StgValue><ssdm name="_ssdm_op_SpecLoopName"/></StgValue>
</bind>
</comp>

<comp id="48" class="1001" name="const_48">
<pin_list>
<pin id="49" dir="1" index="0" bw="1" slack="2147483647"/>
</pin_list>
<bind>
<StgValue><ssdm name="p_str1814"/></StgValue>
</bind>
</comp>

<comp id="50" class="1001" name="const_50">
<pin_list>
<pin id="51" dir="1" index="0" bw="1" slack="2147483647"/>
</pin_list>
<bind>
<StgValue><ssdm name="_ssdm_op_SpecRegionBegin"/></StgValue>
</bind>
</comp>

<comp id="52" class="1001" name="const_52">
<pin_list>
<pin id="53" dir="1" index="0" bw="1" slack="2147483647"/>
</pin_list>
<bind>
<StgValue><ssdm name="_ssdm_op_SpecLoopTripCount"/></StgValue>
</bind>
</comp>

<comp id="54" class="1001" name="const_54">
<pin_list>
<pin id="55" dir="1" index="0" bw="1" slack="2147483647"/>
</pin_list>
<bind>
<StgValue><ssdm name=""/></StgValue>
</bind>
</comp>

<comp id="56" class="1001" name="const_56">
<pin_list>
<pin id="57" dir="1" index="0" bw="1" slack="2147483647"/>
</pin_list>
<bind>
<StgValue><ssdm name="p_str1815"/></StgValue>
</bind>
</comp>

<comp id="58" class="1001" name="const_58">
<pin_list>
<pin id="59" dir="1" index="0" bw="1" slack="2147483647"/>
</pin_list>
<bind>
<StgValue><ssdm name=""/></StgValue>
</bind>
</comp>

<comp id="60" class="1001" name="const_60">
<pin_list>
<pin id="61" dir="1" index="0" bw="1" slack="2147483647"/>
</pin_list>
<bind>
<StgValue><ssdm name="_ssdm_op_SpecPipeline"/></StgValue>
</bind>
</comp>

<comp id="62" class="1001" name="const_62">
<pin_list>
<pin id="63" dir="1" index="0" bw="1" slack="2147483647"/>
</pin_list>
<bind>
<StgValue><ssdm name=""/></StgValue>
</bind>
</comp>

<comp id="64" class="1001" name="const_64">
<pin_list>
<pin id="65" dir="1" index="0" bw="1" slack="2147483647"/>
</pin_list>
<bind>
<StgValue><ssdm name="p_str1819"/></StgValue>
</bind>
</comp>

<comp id="66" class="1001" name="const_66">
<pin_list>
<pin id="67" dir="1" index="0" bw="1" slack="2147483647"/>
</pin_list>
<bind>
<StgValue><ssdm name="_ssdm_op_SpecProtocol"/></StgValue>
</bind>
</comp>

<comp id="68" class="1001" name="const_68">
<pin_list>
<pin id="69" dir="1" index="0" bw="1" slack="0"/>
</pin_list>
<bind>
<StgValue><ssdm name="_ssdm_op_Read.ap_fifo.volatile.floatP"/></StgValue>
</bind>
</comp>

<comp id="70" class="1001" name="const_70">
<pin_list>
<pin id="71" dir="1" index="0" bw="1" slack="2147483647"/>
</pin_list>
<bind>
<StgValue><ssdm name="_ssdm_op_SpecRegionEnd"/></StgValue>
</bind>
</comp>

<comp id="72" class="1001" name="const_72">
<pin_list>
<pin id="73" dir="1" index="0" bw="1" slack="2147483647"/>
</pin_list>
<bind>
<StgValue><ssdm name="p_str1816"/></StgValue>
</bind>
</comp>

<comp id="74" class="1001" name="const_74">
<pin_list>
<pin id="75" dir="1" index="0" bw="1" slack="0"/>
</pin_list>
<bind>
<StgValue><ssdm name="_ssdm_op_Write.axis.volatile.i32P.i4P.i4P.i1P.i1P.i1P.i1P"/></StgValue>
</bind>
</comp>

<comp id="76" class="1001" name="const_76">
<pin_list>
<pin id="77" dir="1" index="0" bw="1" slack="0"/>
</pin_list>
<bind>
<StgValue><ssdm name=""/></StgValue>
</bind>
</comp>

<comp id="78" class="1001" name="const_78">
<pin_list>
<pin id="79" dir="1" index="0" bw="1" slack="0"/>
</pin_list>
<bind>
<StgValue><ssdm name=""/></StgValue>
</bind>
</comp>

<comp id="80" class="1001" name="const_80">
<pin_list>
<pin id="81" dir="1" index="0" bw="1" slack="0"/>
</pin_list>
<bind>
<StgValue><ssdm name=""/></StgValue>
</bind>
</comp>

<comp id="82" class="1001" name="const_82">
<pin_list>
<pin id="83" dir="1" index="0" bw="1" slack="0"/>
</pin_list>
<bind>
<StgValue><ssdm name=""/></StgValue>
</bind>
</comp>

<comp id="84" class="1004" name="tmp_user_V_fu_84">
<pin_list>
<pin id="85" dir="0" index="0" bw="1" slack="0"/>
<pin id="86" dir="1" index="1" bw="1" slack="0"/>
</pin_list>
<bind>
<opcode="alloca(26) " fcode="alloca"/>
<opset="tmp_user_V/1 "/>
</bind>
</comp>

<comp id="88" class="1004" name="img_cols_V_read_2_read_fu_88">
<pin_list>
<pin id="89" dir="0" index="0" bw="12" slack="0"/>
<pin id="90" dir="0" index="1" bw="12" slack="0"/>
<pin id="91" dir="1" index="2" bw="12" slack="0"/>
</pin_list>
<bind>
<opcode="read(1150) " fcode="read"/>
<opset="img_cols_V_read_2/1 "/>
</bind>
</comp>

<comp id="94" class="1004" name="img_rows_V_read_2_read_fu_94">
<pin_list>
<pin id="95" dir="0" index="0" bw="12" slack="0"/>
<pin id="96" dir="0" index="1" bw="12" slack="0"/>
<pin id="97" dir="1" index="2" bw="12" slack="1"/>
</pin_list>
<bind>
<opcode="read(1150) " fcode="read"/>
<opset="img_rows_V_read_2/1 "/>
</bind>
</comp>

<comp id="100" class="1004" name="tmp_read_fu_100">
<pin_list>
<pin id="101" dir="0" index="0" bw="32" slack="0"/>
<pin id="102" dir="0" index="1" bw="32" slack="0"/>
<pin id="103" dir="1" index="2" bw="32" slack="0"/>
</pin_list>
<bind>
<opcode="read(1150) " fcode="read"/>
<opset="tmp/4 "/>
</bind>
</comp>

<comp id="106" class="1004" name="stg_41_write_fu_106">
<pin_list>
<pin id="107" dir="0" index="0" bw="0" slack="0"/>
<pin id="108" dir="0" index="1" bw="32" slack="0"/>
<pin id="109" dir="0" index="2" bw="4" slack="0"/>
<pin id="110" dir="0" index="3" bw="4" slack="0"/>
<pin id="111" dir="0" index="4" bw="1" slack="0"/>
<pin id="112" dir="0" index="5" bw="1" slack="0"/>
<pin id="113" dir="0" index="6" bw="1" slack="0"/>
<pin id="114" dir="0" index="7" bw="1" slack="0"/>
<pin id="115" dir="0" index="8" bw="32" slack="0"/>
<pin id="116" dir="0" index="9" bw="1" slack="0"/>
<pin id="117" dir="0" index="10" bw="1" slack="0"/>
<pin id="118" dir="0" index="11" bw="1" slack="0"/>
<pin id="119" dir="0" index="12" bw="1" slack="1"/>
<pin id="120" dir="0" index="13" bw="1" slack="0"/>
<pin id="121" dir="0" index="14" bw="1" slack="0"/>
<pin id="122" dir="1" index="15" bw="0" slack="2147483647"/>
</pin_list>
<bind>
<opcode="write(1151) " fcode="write"/>
<opset="stg_41/4 "/>
</bind>
</comp>

<comp id="135" class="1005" name="p_s_reg_135">
<pin_list>
<pin id="136" dir="0" index="0" bw="12" slack="1"/>
<pin id="137" dir="1" index="1" bw="12" slack="1"/>
</pin_list>
<bind>
<opset="p_s (phireg) "/>
</bind>
</comp>

<comp id="139" class="1004" name="p_s_phi_fu_139">
<pin_list>
<pin id="140" dir="0" index="0" bw="1" slack="1"/>
<pin id="141" dir="0" index="1" bw="0" slack="2147483647"/>
<pin id="142" dir="0" index="2" bw="12" slack="0"/>
<pin id="143" dir="0" index="3" bw="0" slack="2147483647"/>
<pin id="144" dir="1" index="4" bw="12" slack="0"/>
</pin_list>
<bind>
<opcode="phi(47) " fcode="phi"/>
<opset="p_s/2 "/>
</bind>
</comp>

<comp id="146" class="1005" name="p_2_reg_146">
<pin_list>
<pin id="147" dir="0" index="0" bw="12" slack="1"/>
<pin id="148" dir="1" index="1" bw="12" slack="1"/>
</pin_list>
<bind>
<opset="p_2 (phireg) "/>
</bind>
</comp>

<comp id="150" class="1004" name="p_2_phi_fu_150">
<pin_list>
<pin id="151" dir="0" index="0" bw="1" slack="1"/>
<pin id="152" dir="0" index="1" bw="0" slack="2147483647"/>
<pin id="153" dir="0" index="2" bw="12" slack="0"/>
<pin id="154" dir="0" index="3" bw="0" slack="2147483647"/>
<pin id="155" dir="1" index="4" bw="12" slack="0"/>
</pin_list>
<bind>
<opcode="phi(47) " fcode="phi"/>
<opset="p_2/3 "/>
</bind>
</comp>

<comp id="158" class="1004" name="lhs_V_cast_fu_158">
<pin_list>
<pin id="159" dir="0" index="0" bw="12" slack="0"/>
<pin id="160" dir="1" index="1" bw="13" slack="0"/>
</pin_list>
<bind>
<opcode="zext(34) " fcode="zext"/>
<opset="lhs_V_cast/1 "/>
</bind>
</comp>

<comp id="162" class="1004" name="r_V_fu_162">
<pin_list>
<pin id="163" dir="0" index="0" bw="12" slack="0"/>
<pin id="164" dir="0" index="1" bw="1" slack="0"/>
<pin id="165" dir="1" index="2" bw="13" slack="2"/>
</pin_list>
<bind>
<opcode="add(8) " fcode="add"/>
<opset="r_V/1 "/>
</bind>
</comp>

<comp id="168" class="1004" name="stg_13_store_fu_168">
<pin_list>
<pin id="169" dir="0" index="0" bw="1" slack="0"/>
<pin id="170" dir="0" index="1" bw="1" slack="0"/>
<pin id="171" dir="1" index="2" bw="0" slack="2147483647"/>
</pin_list>
<bind>
<opcode="store(28) " fcode="store"/>
<opset="stg_13/1 "/>
</bind>
</comp>

<comp id="173" class="1004" name="exitcond2_fu_173">
<pin_list>
<pin id="174" dir="0" index="0" bw="12" slack="0"/>
<pin id="175" dir="0" index="1" bw="12" slack="1"/>
<pin id="176" dir="1" index="2" bw="1" slack="1"/>
</pin_list>
<bind>
<opcode="icmp(45) " fcode="icmp"/>
<opset="exitcond2/2 "/>
</bind>
</comp>

<comp id="178" class="1004" name="i_V_fu_178">
<pin_list>
<pin id="179" dir="0" index="0" bw="12" slack="0"/>
<pin id="180" dir="0" index="1" bw="1" slack="0"/>
<pin id="181" dir="1" index="2" bw="12" slack="0"/>
</pin_list>
<bind>
<opcode="add(8) " fcode="add"/>
<opset="i_V/2 "/>
</bind>
</comp>

<comp id="184" class="1004" name="exitcond_fu_184">
<pin_list>
<pin id="185" dir="0" index="0" bw="12" slack="0"/>
<pin id="186" dir="0" index="1" bw="12" slack="2"/>
<pin id="187" dir="1" index="2" bw="1" slack="1"/>
</pin_list>
<bind>
<opcode="icmp(45) " fcode="icmp"/>
<opset="exitcond/3 "/>
</bind>
</comp>

<comp id="189" class="1004" name="j_V_fu_189">
<pin_list>
<pin id="190" dir="0" index="0" bw="12" slack="0"/>
<pin id="191" dir="0" index="1" bw="1" slack="0"/>
<pin id="192" dir="1" index="2" bw="12" slack="0"/>
</pin_list>
<bind>
<opcode="add(8) " fcode="add"/>
<opset="j_V/3 "/>
</bind>
</comp>

<comp id="195" class="1004" name="tmp_cast_fu_195">
<pin_list>
<pin id="196" dir="0" index="0" bw="12" slack="0"/>
<pin id="197" dir="1" index="1" bw="13" slack="0"/>
</pin_list>
<bind>
<opcode="zext(34) " fcode="zext"/>
<opset="tmp_cast/3 "/>
</bind>
</comp>

<comp id="199" class="1004" name="axi_last_V_fu_199">
<pin_list>
<pin id="200" dir="0" index="0" bw="12" slack="0"/>
<pin id="201" dir="0" index="1" bw="13" slack="2"/>
<pin id="202" dir="1" index="2" bw="1" slack="1"/>
</pin_list>
<bind>
<opcode="icmp(45) " fcode="icmp"/>
<opset="axi_last_V/3 "/>
</bind>
</comp>

<comp id="204" class="1004" name="tmp_user_V_load_load_fu_204">
<pin_list>
<pin id="205" dir="0" index="0" bw="1" slack="3"/>
<pin id="206" dir="1" index="1" bw="1" slack="0"/>
</pin_list>
<bind>
<opcode="load(27) " fcode="load"/>
<opset="tmp_user_V_load/4 "/>
</bind>
</comp>

<comp id="208" class="1004" name="tmp_data_V_fu_208">
<pin_list>
<pin id="209" dir="0" index="0" bw="32" slack="0"/>
<pin id="210" dir="1" index="1" bw="32" slack="0"/>
</pin_list>
<bind>
<opcode="bitcast(44) " fcode="bitcast"/>
<opset="tmp_data_V/4 "/>
</bind>
</comp>

<comp id="213" class="1004" name="stg_43_store_fu_213">
<pin_list>
<pin id="214" dir="0" index="0" bw="1" slack="0"/>
<pin id="215" dir="0" index="1" bw="1" slack="3"/>
<pin id="216" dir="1" index="2" bw="0" slack="2147483647"/>
</pin_list>
<bind>
<opcode="store(28) " fcode="store"/>
<opset="stg_43/4 "/>
</bind>
</comp>

<comp id="218" class="1005" name="tmp_user_V_reg_218">
<pin_list>
<pin id="219" dir="0" index="0" bw="1" slack="0"/>
<pin id="220" dir="1" index="1" bw="1" slack="0"/>
</pin_list>
<bind>
<opset="tmp_user_V "/>
</bind>
</comp>

<comp id="225" class="1005" name="img_cols_V_read_2_reg_225">
<pin_list>
<pin id="226" dir="0" index="0" bw="12" slack="2"/>
<pin id="227" dir="1" index="1" bw="12" slack="2"/>
</pin_list>
<bind>
<opset="img_cols_V_read_2 "/>
</bind>
</comp>

<comp id="230" class="1005" name="img_rows_V_read_2_reg_230">
<pin_list>
<pin id="231" dir="0" index="0" bw="12" slack="1"/>
<pin id="232" dir="1" index="1" bw="12" slack="1"/>
</pin_list>
<bind>
<opset="img_rows_V_read_2 "/>
</bind>
</comp>

<comp id="235" class="1005" name="r_V_reg_235">
<pin_list>
<pin id="236" dir="0" index="0" bw="13" slack="2"/>
<pin id="237" dir="1" index="1" bw="13" slack="2"/>
</pin_list>
<bind>
<opset="r_V "/>
</bind>
</comp>

<comp id="240" class="1005" name="exitcond2_reg_240">
<pin_list>
<pin id="241" dir="0" index="0" bw="1" slack="1"/>
<pin id="242" dir="1" index="1" bw="1" slack="2147483647"/>
</pin_list>
<bind>
<opset="exitcond2 "/>
</bind>
</comp>

<comp id="244" class="1005" name="i_V_reg_244">
<pin_list>
<pin id="245" dir="0" index="0" bw="12" slack="0"/>
<pin id="246" dir="1" index="1" bw="12" slack="0"/>
</pin_list>
<bind>
<opset="i_V "/>
</bind>
</comp>

<comp id="249" class="1005" name="exitcond_reg_249">
<pin_list>
<pin id="250" dir="0" index="0" bw="1" slack="1"/>
<pin id="251" dir="1" index="1" bw="1" slack="2147483647"/>
</pin_list>
<bind>
<opset="exitcond "/>
</bind>
</comp>

<comp id="253" class="1005" name="j_V_reg_253">
<pin_list>
<pin id="254" dir="0" index="0" bw="12" slack="0"/>
<pin id="255" dir="1" index="1" bw="12" slack="0"/>
</pin_list>
<bind>
<opset="j_V "/>
</bind>
</comp>

<comp id="258" class="1005" name="axi_last_V_reg_258">
<pin_list>
<pin id="259" dir="0" index="0" bw="1" slack="1"/>
<pin id="260" dir="1" index="1" bw="1" slack="1"/>
</pin_list>
<bind>
<opset="axi_last_V "/>
</bind>
</comp>

</comp_list>

<net_list>
<net id="87"><net_src comp="20" pin="0"/><net_sink comp="84" pin=0"/></net>

<net id="92"><net_src comp="36" pin="0"/><net_sink comp="88" pin=0"/></net>

<net id="93"><net_src comp="2" pin="0"/><net_sink comp="88" pin=1"/></net>

<net id="98"><net_src comp="36" pin="0"/><net_sink comp="94" pin=0"/></net>

<net id="99"><net_src comp="0" pin="0"/><net_sink comp="94" pin=1"/></net>

<net id="104"><net_src comp="68" pin="0"/><net_sink comp="100" pin=0"/></net>

<net id="105"><net_src comp="4" pin="0"/><net_sink comp="100" pin=1"/></net>

<net id="123"><net_src comp="74" pin="0"/><net_sink comp="106" pin=0"/></net>

<net id="124"><net_src comp="6" pin="0"/><net_sink comp="106" pin=1"/></net>

<net id="125"><net_src comp="8" pin="0"/><net_sink comp="106" pin=2"/></net>

<net id="126"><net_src comp="10" pin="0"/><net_sink comp="106" pin=3"/></net>

<net id="127"><net_src comp="12" pin="0"/><net_sink comp="106" pin=4"/></net>

<net id="128"><net_src comp="14" pin="0"/><net_sink comp="106" pin=5"/></net>

<net id="129"><net_src comp="16" pin="0"/><net_sink comp="106" pin=6"/></net>

<net id="130"><net_src comp="18" pin="0"/><net_sink comp="106" pin=7"/></net>

<net id="131"><net_src comp="76" pin="0"/><net_sink comp="106" pin=9"/></net>

<net id="132"><net_src comp="78" pin="0"/><net_sink comp="106" pin=10"/></net>

<net id="133"><net_src comp="80" pin="0"/><net_sink comp="106" pin=13"/></net>

<net id="134"><net_src comp="80" pin="0"/><net_sink comp="106" pin=14"/></net>

<net id="138"><net_src comp="42" pin="0"/><net_sink comp="135" pin=0"/></net>

<net id="145"><net_src comp="135" pin="1"/><net_sink comp="139" pin=0"/></net>

<net id="149"><net_src comp="42" pin="0"/><net_sink comp="146" pin=0"/></net>

<net id="156"><net_src comp="146" pin="1"/><net_sink comp="150" pin=0"/></net>

<net id="161"><net_src comp="88" pin="2"/><net_sink comp="158" pin=0"/></net>

<net id="166"><net_src comp="158" pin="1"/><net_sink comp="162" pin=0"/></net>

<net id="167"><net_src comp="38" pin="0"/><net_sink comp="162" pin=1"/></net>

<net id="172"><net_src comp="40" pin="0"/><net_sink comp="168" pin=0"/></net>

<net id="177"><net_src comp="139" pin="4"/><net_sink comp="173" pin=0"/></net>

<net id="182"><net_src comp="139" pin="4"/><net_sink comp="178" pin=0"/></net>

<net id="183"><net_src comp="44" pin="0"/><net_sink comp="178" pin=1"/></net>

<net id="188"><net_src comp="150" pin="4"/><net_sink comp="184" pin=0"/></net>

<net id="193"><net_src comp="150" pin="4"/><net_sink comp="189" pin=0"/></net>

<net id="194"><net_src comp="44" pin="0"/><net_sink comp="189" pin=1"/></net>

<net id="198"><net_src comp="150" pin="4"/><net_sink comp="195" pin=0"/></net>

<net id="203"><net_src comp="195" pin="1"/><net_sink comp="199" pin=0"/></net>

<net id="207"><net_src comp="204" pin="1"/><net_sink comp="106" pin=11"/></net>

<net id="211"><net_src comp="100" pin="2"/><net_sink comp="208" pin=0"/></net>

<net id="212"><net_src comp="208" pin="1"/><net_sink comp="106" pin=8"/></net>

<net id="217"><net_src comp="82" pin="0"/><net_sink comp="213" pin=0"/></net>

<net id="221"><net_src comp="84" pin="1"/><net_sink comp="218" pin=0"/></net>

<net id="222"><net_src comp="218" pin="1"/><net_sink comp="168" pin=1"/></net>

<net id="223"><net_src comp="218" pin="1"/><net_sink comp="204" pin=0"/></net>

<net id="224"><net_src comp="218" pin="1"/><net_sink comp="213" pin=1"/></net>

<net id="228"><net_src comp="88" pin="2"/><net_sink comp="225" pin=0"/></net>

<net id="229"><net_src comp="225" pin="1"/><net_sink comp="184" pin=1"/></net>

<net id="233"><net_src comp="94" pin="2"/><net_sink comp="230" pin=0"/></net>

<net id="234"><net_src comp="230" pin="1"/><net_sink comp="173" pin=1"/></net>

<net id="238"><net_src comp="162" pin="2"/><net_sink comp="235" pin=0"/></net>

<net id="239"><net_src comp="235" pin="1"/><net_sink comp="199" pin=1"/></net>

<net id="243"><net_src comp="173" pin="2"/><net_sink comp="240" pin=0"/></net>

<net id="247"><net_src comp="178" pin="2"/><net_sink comp="244" pin=0"/></net>

<net id="248"><net_src comp="244" pin="1"/><net_sink comp="139" pin=2"/></net>

<net id="252"><net_src comp="184" pin="2"/><net_sink comp="249" pin=0"/></net>

<net id="256"><net_src comp="189" pin="2"/><net_sink comp="253" pin=0"/></net>

<net id="257"><net_src comp="253" pin="1"/><net_sink comp="150" pin=2"/></net>

<net id="261"><net_src comp="199" pin="2"/><net_sink comp="258" pin=0"/></net>

<net id="262"><net_src comp="258" pin="1"/><net_sink comp="106" pin=12"/></net>

</net_list>

</model> 
---------------- Datapath Model END ------------------

* FSMD analyzer results:
  - Output states:
	Port: AXI_video_strm_V_data_V | {4 }
	Port: AXI_video_strm_V_keep_V | {4 }
	Port: AXI_video_strm_V_strb_V | {4 }
	Port: AXI_video_strm_V_user_V | {4 }
	Port: AXI_video_strm_V_last_V | {4 }
	Port: AXI_video_strm_V_id_V | {4 }
	Port: AXI_video_strm_V_dest_V | {4 }
  - Chain level:
	State 1
		r_V : 1
		stg_13 : 1
	State 2
		exitcond2 : 1
		i_V : 1
		stg_18 : 2
	State 3
		exitcond : 1
		j_V : 1
		stg_27 : 2
		tmp_cast : 1
		axi_last_V : 2
	State 4
		empty : 1
		stg_41 : 1
		empty_25 : 1
	State 5


============================================================
+ Verbose Summary: Datapath Resource usage 
============================================================

* Functional unit list:
|----------|------------------------------|---------|---------|
| Operation|        Functional Unit       |    FF   |   LUT   |
|----------|------------------------------|---------|---------|
|          |          r_V_fu_162          |    0    |    12   |
|    add   |          i_V_fu_178          |    0    |    12   |
|          |          j_V_fu_189          |    0    |    12   |
|----------|------------------------------|---------|---------|
|          |       exitcond2_fu_173       |    0    |    5    |
|   icmp   |        exitcond_fu_184       |    0    |    5    |
|          |       axi_last_V_fu_199      |    0    |    5    |
|----------|------------------------------|---------|---------|
|          | img_cols_V_read_2_read_fu_88 |    0    |    0    |
|   read   | img_rows_V_read_2_read_fu_94 |    0    |    0    |
|          |        tmp_read_fu_100       |    0    |    0    |
|----------|------------------------------|---------|---------|
|   write  |      stg_41_write_fu_106     |    0    |    0    |
|----------|------------------------------|---------|---------|
|   zext   |       lhs_V_cast_fu_158      |    0    |    0    |
|          |        tmp_cast_fu_195       |    0    |    0    |
|----------|------------------------------|---------|---------|
|   Total  |                              |    0    |    51   |
|----------|------------------------------|---------|---------|

Memories:
N/A

* Register list:
+-------------------------+--------+
|                         |   FF   |
+-------------------------+--------+
|    axi_last_V_reg_258   |    1   |
|    exitcond2_reg_240    |    1   |
|     exitcond_reg_249    |    1   |
|       i_V_reg_244       |   12   |
|img_cols_V_read_2_reg_225|   12   |
|img_rows_V_read_2_reg_230|   12   |
|       j_V_reg_253       |   12   |
|       p_2_reg_146       |   12   |
|       p_s_reg_135       |   12   |
|       r_V_reg_235       |   13   |
|    tmp_user_V_reg_218   |    1   |
+-------------------------+--------+
|          Total          |   89   |
+-------------------------+--------+

* Multiplexer (MUX) list: 
|--------|------|------|------|--------|
|  Comp  |  Pin | Size |  BW  | S x BW |
|--------|------|------|------|--------|
|  Total |      |      |      |    0   |
|--------|------|------|------|--------|



* Summary:
+-----------+--------+--------+
|           |   FF   |   LUT  |
+-----------+--------+--------+
|  Function |    0   |   51   |
|   Memory  |    -   |    -   |
|Multiplexer|    -   |    -   |
|  Register |   89   |    -   |
+-----------+--------+--------+
|   Total   |   89   |   51   |
+-----------+--------+--------+
