INFO: [VRFC 10-163] Analyzing VHDL file "/home/tim/project_1/project_1.srcs/sources_1/ipshared/xilinx.com/lib_cdc_v1_0/3c38df9f/hdl/src/vhdl/cdc_sync.vhd" into library lib_cdc_v1_0
INFO: [VRFC 10-307] analyzing entity cdc_sync
INFO: [VRFC 10-163] Analyzing VHDL file "/home/tim/project_1/project_1.srcs/sources_1/ipshared/xilinx.com/lib_pkg_v1_0/22b9c58c/hdl/src/vhdl/lib_pkg.vhd" into library lib_pkg_v1_0
INFO: [VRFC 10-163] Analyzing VHDL file "/home/tim/project_1/project_1.srcs/sources_1/ipshared/xilinx.com/fifo_generator_v12_0/15467f24/hdl/fifo_generator_v12_0_rfs.vhd" into library fifo_generator_v12_0
INFO: [VRFC 10-307] analyzing entity input_blk
INFO: [VRFC 10-307] analyzing entity output_blk
INFO: [VRFC 10-307] analyzing entity shft_wrapper
INFO: [VRFC 10-307] analyzing entity shft_ram
INFO: [VRFC 10-307] analyzing entity wr_pf_as
INFO: [VRFC 10-307] analyzing entity wr_pf_ss
INFO: [VRFC 10-307] analyzing entity rd_pe_as
INFO: [VRFC 10-307] analyzing entity rd_pe_ss
INFO: [VRFC 10-307] analyzing entity synchronizer_ff
INFO: [VRFC 10-307] analyzing entity delay
INFO: [VRFC 10-307] analyzing entity bin_cntr
INFO: [VRFC 10-307] analyzing entity clk_x_pntrs_builtin
INFO: [VRFC 10-307] analyzing entity logic_builtin
INFO: [VRFC 10-307] analyzing entity builtin_prim
INFO: [VRFC 10-307] analyzing entity builtin_extdepth
INFO: [VRFC 10-307] analyzing entity builtin_top
INFO: [VRFC 10-307] analyzing entity reset_builtin
INFO: [VRFC 10-307] analyzing entity builtin_prim_v6
INFO: [VRFC 10-307] analyzing entity builtin_extdepth_v6
INFO: [VRFC 10-307] analyzing entity builtin_extdepth_low_latency
INFO: [VRFC 10-307] analyzing entity builtin_top_v6
INFO: [VRFC 10-307] analyzing entity fifo_generator_v12_0_builtin
INFO: [VRFC 10-307] analyzing entity bram_sync_reg
INFO: [VRFC 10-307] analyzing entity bram_fifo_rstlogic
INFO: [VRFC 10-307] analyzing entity reset_blk_ramfifo
INFO: [VRFC 10-307] analyzing entity axi_reg_slice
INFO: [VRFC 10-307] analyzing entity fifo_generator_top
INFO: [VRFC 10-307] analyzing entity fifo_generator_v12_0_synth
INFO: [VRFC 10-163] Analyzing VHDL file "/home/tim/project_1/project_1.srcs/sources_1/ipshared/xilinx.com/lib_fifo_v1_0/259791c0/hdl/src/vhdl/async_fifo_fg.vhd" into library lib_fifo_v1_0
INFO: [VRFC 10-307] analyzing entity async_fifo_fg
INFO: [VRFC 10-163] Analyzing VHDL file "/home/tim/project_1/project_1.srcs/sources_1/ipshared/xilinx.com/lib_fifo_v1_0/259791c0/hdl/src/vhdl/sync_fifo_fg.vhd" into library lib_fifo_v1_0
INFO: [VRFC 10-307] analyzing entity sync_fifo_fg
INFO: [VRFC 10-163] Analyzing VHDL file "/home/tim/project_1/project_1.srcs/sources_1/ipshared/xilinx.com/lib_bmg_v1_0/1cb7cddc/hdl/src/vhdl/blk_mem_gen_wrapper.vhd" into library lib_bmg_v1_0
INFO: [VRFC 10-307] analyzing entity blk_mem_gen_wrapper
INFO: [VRFC 10-163] Analyzing VHDL file "/home/tim/project_1/project_1.srcs/sources_1/ipshared/xilinx.com/lib_srl_fifo_v1_0/c6efbe92/hdl/src/vhdl/cntr_incr_decr_addn_f.vhd" into library lib_srl_fifo_v1_0
INFO: [VRFC 10-307] analyzing entity cntr_incr_decr_addn_f
INFO: [VRFC 10-163] Analyzing VHDL file "/home/tim/project_1/project_1.srcs/sources_1/ipshared/xilinx.com/lib_srl_fifo_v1_0/c6efbe92/hdl/src/vhdl/dynshreg_f.vhd" into library lib_srl_fifo_v1_0
INFO: [VRFC 10-307] analyzing entity dynshreg_f
INFO: [VRFC 10-163] Analyzing VHDL file "/home/tim/project_1/project_1.srcs/sources_1/ipshared/xilinx.com/lib_srl_fifo_v1_0/c6efbe92/hdl/src/vhdl/srl_fifo_rbu_f.vhd" into library lib_srl_fifo_v1_0
INFO: [VRFC 10-307] analyzing entity srl_fifo_rbu_f
INFO: [VRFC 10-163] Analyzing VHDL file "/home/tim/project_1/project_1.srcs/sources_1/ipshared/xilinx.com/lib_srl_fifo_v1_0/c6efbe92/hdl/src/vhdl/srl_fifo_f.vhd" into library lib_srl_fifo_v1_0
INFO: [VRFC 10-307] analyzing entity srl_fifo_f
INFO: [VRFC 10-163] Analyzing VHDL file "/home/tim/project_1/project_1.srcs/sources_1/ipshared/xilinx.com/axi_datamover_v5_1/f4229bb6/hdl/src/vhdl/axi_datamover_reset.vhd" into library axi_datamover_v5_1
INFO: [VRFC 10-307] analyzing entity axi_datamover_reset
INFO: [VRFC 10-163] Analyzing VHDL file "/home/tim/project_1/project_1.srcs/sources_1/ipshared/xilinx.com/axi_datamover_v5_1/f4229bb6/hdl/src/vhdl/axi_datamover_afifo_autord.vhd" into library axi_datamover_v5_1
INFO: [VRFC 10-307] analyzing entity axi_datamover_afifo_autord
INFO: [VRFC 10-163] Analyzing VHDL file "/home/tim/project_1/project_1.srcs/sources_1/ipshared/xilinx.com/axi_datamover_v5_1/f4229bb6/hdl/src/vhdl/axi_datamover_sfifo_autord.vhd" into library axi_datamover_v5_1
INFO: [VRFC 10-307] analyzing entity axi_datamover_sfifo_autord
INFO: [VRFC 10-163] Analyzing VHDL file "/home/tim/project_1/project_1.srcs/sources_1/ipshared/xilinx.com/axi_datamover_v5_1/f4229bb6/hdl/src/vhdl/axi_datamover_fifo.vhd" into library axi_datamover_v5_1
INFO: [VRFC 10-307] analyzing entity axi_datamover_fifo
INFO: [VRFC 10-163] Analyzing VHDL file "/home/tim/project_1/project_1.srcs/sources_1/ipshared/xilinx.com/axi_datamover_v5_1/f4229bb6/hdl/src/vhdl/axi_datamover_cmd_status.vhd" into library axi_datamover_v5_1
INFO: [VRFC 10-307] analyzing entity axi_datamover_cmd_status
INFO: [VRFC 10-163] Analyzing VHDL file "/home/tim/project_1/project_1.srcs/sources_1/ipshared/xilinx.com/axi_datamover_v5_1/f4229bb6/hdl/src/vhdl/axi_datamover_scc.vhd" into library axi_datamover_v5_1
INFO: [VRFC 10-307] analyzing entity axi_datamover_scc
INFO: [VRFC 10-163] Analyzing VHDL file "/home/tim/project_1/project_1.srcs/sources_1/ipshared/xilinx.com/axi_datamover_v5_1/f4229bb6/hdl/src/vhdl/axi_datamover_strb_gen2.vhd" into library axi_datamover_v5_1
INFO: [VRFC 10-307] analyzing entity axi_datamover_strb_gen2
INFO: [VRFC 10-163] Analyzing VHDL file "/home/tim/project_1/project_1.srcs/sources_1/ipshared/xilinx.com/axi_datamover_v5_1/f4229bb6/hdl/src/vhdl/axi_datamover_pcc.vhd" into library axi_datamover_v5_1
INFO: [VRFC 10-307] analyzing entity axi_datamover_pcc
INFO: [VRFC 10-163] Analyzing VHDL file "/home/tim/project_1/project_1.srcs/sources_1/ipshared/xilinx.com/axi_datamover_v5_1/f4229bb6/hdl/src/vhdl/axi_datamover_addr_cntl.vhd" into library axi_datamover_v5_1
INFO: [VRFC 10-307] analyzing entity axi_datamover_addr_cntl
INFO: [VRFC 10-163] Analyzing VHDL file "/home/tim/project_1/project_1.srcs/sources_1/ipshared/xilinx.com/axi_datamover_v5_1/f4229bb6/hdl/src/vhdl/axi_datamover_rdmux.vhd" into library axi_datamover_v5_1
INFO: [VRFC 10-307] analyzing entity axi_datamover_rdmux
INFO: [VRFC 10-163] Analyzing VHDL file "/home/tim/project_1/project_1.srcs/sources_1/ipshared/xilinx.com/axi_datamover_v5_1/f4229bb6/hdl/src/vhdl/axi_datamover_rddata_cntl.vhd" into library axi_datamover_v5_1
INFO: [VRFC 10-307] analyzing entity axi_datamover_rddata_cntl
INFO: [VRFC 10-163] Analyzing VHDL file "/home/tim/project_1/project_1.srcs/sources_1/ipshared/xilinx.com/axi_datamover_v5_1/f4229bb6/hdl/src/vhdl/axi_datamover_rd_status_cntl.vhd" into library axi_datamover_v5_1
INFO: [VRFC 10-307] analyzing entity axi_datamover_rd_status_cntl
INFO: [VRFC 10-163] Analyzing VHDL file "/home/tim/project_1/project_1.srcs/sources_1/ipshared/xilinx.com/axi_datamover_v5_1/f4229bb6/hdl/src/vhdl/axi_datamover_wr_demux.vhd" into library axi_datamover_v5_1
INFO: [VRFC 10-307] analyzing entity axi_datamover_wr_demux
INFO: [VRFC 10-163] Analyzing VHDL file "/home/tim/project_1/project_1.srcs/sources_1/ipshared/xilinx.com/axi_datamover_v5_1/f4229bb6/hdl/src/vhdl/axi_datamover_wrdata_cntl.vhd" into library axi_datamover_v5_1
INFO: [VRFC 10-307] analyzing entity axi_datamover_wrdata_cntl
INFO: [VRFC 10-163] Analyzing VHDL file "/home/tim/project_1/project_1.srcs/sources_1/ipshared/xilinx.com/axi_datamover_v5_1/f4229bb6/hdl/src/vhdl/axi_datamover_wr_status_cntl.vhd" into library axi_datamover_v5_1
INFO: [VRFC 10-307] analyzing entity axi_datamover_wr_status_cntl
INFO: [VRFC 10-163] Analyzing VHDL file "/home/tim/project_1/project_1.srcs/sources_1/ipshared/xilinx.com/axi_datamover_v5_1/f4229bb6/hdl/src/vhdl/axi_datamover_skid2mm_buf.vhd" into library axi_datamover_v5_1
INFO: [VRFC 10-307] analyzing entity axi_datamover_skid2mm_buf
INFO: [VRFC 10-163] Analyzing VHDL file "/home/tim/project_1/project_1.srcs/sources_1/ipshared/xilinx.com/axi_datamover_v5_1/f4229bb6/hdl/src/vhdl/axi_datamover_skid_buf.vhd" into library axi_datamover_v5_1
INFO: [VRFC 10-307] analyzing entity axi_datamover_skid_buf
INFO: [VRFC 10-163] Analyzing VHDL file "/home/tim/project_1/project_1.srcs/sources_1/ipshared/xilinx.com/axi_datamover_v5_1/f4229bb6/hdl/src/vhdl/axi_datamover_rd_sf.vhd" into library axi_datamover_v5_1
INFO: [VRFC 10-307] analyzing entity axi_datamover_rd_sf
INFO: [VRFC 10-163] Analyzing VHDL file "/home/tim/project_1/project_1.srcs/sources_1/ipshared/xilinx.com/axi_datamover_v5_1/f4229bb6/hdl/src/vhdl/axi_datamover_wr_sf.vhd" into library axi_datamover_v5_1
INFO: [VRFC 10-307] analyzing entity axi_datamover_wr_sf
INFO: [VRFC 10-163] Analyzing VHDL file "/home/tim/project_1/project_1.srcs/sources_1/ipshared/xilinx.com/axi_datamover_v5_1/f4229bb6/hdl/src/vhdl/axi_datamover_stbs_set.vhd" into library axi_datamover_v5_1
INFO: [VRFC 10-307] analyzing entity axi_datamover_stbs_set
INFO: [VRFC 10-163] Analyzing VHDL file "/home/tim/project_1/project_1.srcs/sources_1/ipshared/xilinx.com/axi_datamover_v5_1/f4229bb6/hdl/src/vhdl/axi_datamover_stbs_set_nodre.vhd" into library axi_datamover_v5_1
INFO: [VRFC 10-307] analyzing entity axi_datamover_stbs_set_nodre
INFO: [VRFC 10-163] Analyzing VHDL file "/home/tim/project_1/project_1.srcs/sources_1/ipshared/xilinx.com/axi_datamover_v5_1/f4229bb6/hdl/src/vhdl/axi_datamover_ibttcc.vhd" into library axi_datamover_v5_1
INFO: [VRFC 10-307] analyzing entity axi_datamover_ibttcc
INFO: [VRFC 10-163] Analyzing VHDL file "/home/tim/project_1/project_1.srcs/sources_1/ipshared/xilinx.com/axi_datamover_v5_1/f4229bb6/hdl/src/vhdl/axi_datamover_indet_btt.vhd" into library axi_datamover_v5_1
INFO: [VRFC 10-307] analyzing entity axi_datamover_indet_btt
INFO: [VRFC 10-163] Analyzing VHDL file "/home/tim/project_1/project_1.srcs/sources_1/ipshared/xilinx.com/axi_datamover_v5_1/f4229bb6/hdl/src/vhdl/axi_datamover_dre_mux2_1_x_n.vhd" into library axi_datamover_v5_1
INFO: [VRFC 10-307] analyzing entity axi_datamover_dre_mux2_1_x_n
INFO: [VRFC 10-163] Analyzing VHDL file "/home/tim/project_1/project_1.srcs/sources_1/ipshared/xilinx.com/axi_datamover_v5_1/f4229bb6/hdl/src/vhdl/axi_datamover_dre_mux4_1_x_n.vhd" into library axi_datamover_v5_1
INFO: [VRFC 10-307] analyzing entity axi_datamover_dre_mux4_1_x_n
INFO: [VRFC 10-163] Analyzing VHDL file "/home/tim/project_1/project_1.srcs/sources_1/ipshared/xilinx.com/axi_datamover_v5_1/f4229bb6/hdl/src/vhdl/axi_datamover_dre_mux8_1_x_n.vhd" into library axi_datamover_v5_1
INFO: [VRFC 10-307] analyzing entity axi_datamover_dre_mux8_1_x_n
INFO: [VRFC 10-163] Analyzing VHDL file "/home/tim/project_1/project_1.srcs/sources_1/ipshared/xilinx.com/axi_datamover_v5_1/f4229bb6/hdl/src/vhdl/axi_datamover_mm2s_dre.vhd" into library axi_datamover_v5_1
INFO: [VRFC 10-307] analyzing entity axi_datamover_mm2s_dre
INFO: [VRFC 10-163] Analyzing VHDL file "/home/tim/project_1/project_1.srcs/sources_1/ipshared/xilinx.com/axi_datamover_v5_1/f4229bb6/hdl/src/vhdl/axi_datamover_s2mm_dre.vhd" into library axi_datamover_v5_1
INFO: [VRFC 10-307] analyzing entity axi_datamover_s2mm_dre
INFO: [VRFC 10-163] Analyzing VHDL file "/home/tim/project_1/project_1.srcs/sources_1/ipshared/xilinx.com/axi_datamover_v5_1/f4229bb6/hdl/src/vhdl/axi_datamover_ms_strb_set.vhd" into library axi_datamover_v5_1
INFO: [VRFC 10-307] analyzing entity axi_datamover_ms_strb_set
INFO: [VRFC 10-163] Analyzing VHDL file "/home/tim/project_1/project_1.srcs/sources_1/ipshared/xilinx.com/axi_datamover_v5_1/f4229bb6/hdl/src/vhdl/axi_datamover_mssai_skid_buf.vhd" into library axi_datamover_v5_1
INFO: [VRFC 10-307] analyzing entity axi_datamover_mssai_skid_buf
INFO: [VRFC 10-163] Analyzing VHDL file "/home/tim/project_1/project_1.srcs/sources_1/ipshared/xilinx.com/axi_datamover_v5_1/f4229bb6/hdl/src/vhdl/axi_datamover_slice.vhd" into library axi_datamover_v5_1
INFO: [VRFC 10-307] analyzing entity axi_datamover_slice
INFO: [VRFC 10-163] Analyzing VHDL file "/home/tim/project_1/project_1.srcs/sources_1/ipshared/xilinx.com/axi_datamover_v5_1/f4229bb6/hdl/src/vhdl/axi_datamover_s2mm_scatter.vhd" into library axi_datamover_v5_1
INFO: [VRFC 10-307] analyzing entity axi_datamover_s2mm_scatter
INFO: [VRFC 10-163] Analyzing VHDL file "/home/tim/project_1/project_1.srcs/sources_1/ipshared/xilinx.com/axi_datamover_v5_1/f4229bb6/hdl/src/vhdl/axi_datamover_s2mm_realign.vhd" into library axi_datamover_v5_1
INFO: [VRFC 10-307] analyzing entity axi_datamover_s2mm_realign
INFO: [VRFC 10-163] Analyzing VHDL file "/home/tim/project_1/project_1.srcs/sources_1/ipshared/xilinx.com/axi_datamover_v5_1/f4229bb6/hdl/src/vhdl/axi_datamover_s2mm_basic_wrap.vhd" into library axi_datamover_v5_1
INFO: [VRFC 10-307] analyzing entity axi_datamover_s2mm_basic_wrap
INFO: [VRFC 10-163] Analyzing VHDL file "/home/tim/project_1/project_1.srcs/sources_1/ipshared/xilinx.com/axi_datamover_v5_1/f4229bb6/hdl/src/vhdl/axi_datamover_s2mm_omit_wrap.vhd" into library axi_datamover_v5_1
INFO: [VRFC 10-307] analyzing entity axi_datamover_s2mm_omit_wrap
INFO: [VRFC 10-163] Analyzing VHDL file "/home/tim/project_1/project_1.srcs/sources_1/ipshared/xilinx.com/axi_datamover_v5_1/f4229bb6/hdl/src/vhdl/axi_datamover_s2mm_full_wrap.vhd" into library axi_datamover_v5_1
INFO: [VRFC 10-307] analyzing entity axi_datamover_s2mm_full_wrap
INFO: [VRFC 10-163] Analyzing VHDL file "/home/tim/project_1/project_1.srcs/sources_1/ipshared/xilinx.com/axi_datamover_v5_1/f4229bb6/hdl/src/vhdl/axi_datamover_mm2s_basic_wrap.vhd" into library axi_datamover_v5_1
INFO: [VRFC 10-307] analyzing entity axi_datamover_mm2s_basic_wrap
INFO: [VRFC 10-163] Analyzing VHDL file "/home/tim/project_1/project_1.srcs/sources_1/ipshared/xilinx.com/axi_datamover_v5_1/f4229bb6/hdl/src/vhdl/axi_datamover_mm2s_omit_wrap.vhd" into library axi_datamover_v5_1
INFO: [VRFC 10-307] analyzing entity axi_datamover_mm2s_omit_wrap
INFO: [VRFC 10-163] Analyzing VHDL file "/home/tim/project_1/project_1.srcs/sources_1/ipshared/xilinx.com/axi_datamover_v5_1/f4229bb6/hdl/src/vhdl/axi_datamover_mm2s_full_wrap.vhd" into library axi_datamover_v5_1
INFO: [VRFC 10-307] analyzing entity axi_datamover_mm2s_full_wrap
INFO: [VRFC 10-163] Analyzing VHDL file "/home/tim/project_1/project_1.srcs/sources_1/ipshared/xilinx.com/axi_datamover_v5_1/f4229bb6/hdl/src/vhdl/axi_datamover.vhd" into library axi_datamover_v5_1
INFO: [VRFC 10-307] analyzing entity axi_datamover
INFO: [VRFC 10-163] Analyzing VHDL file "/home/tim/project_1/project_1.srcs/sources_1/ipshared/xilinx.com/axi_vdma_v6_2/02703168/hdl/src/vhdl/axi_sg_pkg.vhd" into library axi_vdma_v6_2
INFO: [VRFC 10-163] Analyzing VHDL file "/home/tim/project_1/project_1.srcs/sources_1/ipshared/xilinx.com/axi_vdma_v6_2/02703168/hdl/src/vhdl/axi_sg_ftch_sm.vhd" into library axi_vdma_v6_2
INFO: [VRFC 10-307] analyzing entity axi_sg_ftch_sm
INFO: [VRFC 10-163] Analyzing VHDL file "/home/tim/project_1/project_1.srcs/sources_1/ipshared/xilinx.com/axi_vdma_v6_2/02703168/hdl/src/vhdl/axi_sg_ftch_pntr.vhd" into library axi_vdma_v6_2
INFO: [VRFC 10-307] analyzing entity axi_sg_ftch_pntr
INFO: [VRFC 10-163] Analyzing VHDL file "/home/tim/project_1/project_1.srcs/sources_1/ipshared/xilinx.com/axi_vdma_v6_2/02703168/hdl/src/vhdl/axi_sg_ftch_cmdsts_if.vhd" into library axi_vdma_v6_2
INFO: [VRFC 10-307] analyzing entity axi_sg_ftch_cmdsts_if
INFO: [VRFC 10-163] Analyzing VHDL file "/home/tim/project_1/project_1.srcs/sources_1/ipshared/xilinx.com/axi_vdma_v6_2/02703168/hdl/src/vhdl/axi_sg_ftch_mngr.vhd" into library axi_vdma_v6_2
INFO: [VRFC 10-307] analyzing entity axi_sg_ftch_mngr
INFO: [VRFC 10-163] Analyzing VHDL file "/home/tim/project_1/project_1.srcs/sources_1/ipshared/xilinx.com/axi_vdma_v6_2/02703168/hdl/src/vhdl/axi_sg_afifo_autord.vhd" into library axi_vdma_v6_2
INFO: [VRFC 10-307] analyzing entity axi_sg_afifo_autord
INFO: [VRFC 10-163] Analyzing VHDL file "/home/tim/project_1/project_1.srcs/sources_1/ipshared/xilinx.com/axi_vdma_v6_2/02703168/hdl/src/vhdl/axi_sg_ftch_queue.vhd" into library axi_vdma_v6_2
INFO: [VRFC 10-307] analyzing entity axi_sg_ftch_queue
INFO: [VRFC 10-163] Analyzing VHDL file "/home/tim/project_1/project_1.srcs/sources_1/ipshared/xilinx.com/axi_vdma_v6_2/02703168/hdl/src/vhdl/axi_sg_ftch_noqueue.vhd" into library axi_vdma_v6_2
INFO: [VRFC 10-307] analyzing entity axi_sg_ftch_noqueue
INFO: [VRFC 10-163] Analyzing VHDL file "/home/tim/project_1/project_1.srcs/sources_1/ipshared/xilinx.com/axi_vdma_v6_2/02703168/hdl/src/vhdl/axi_sg_ftch_q_mngr.vhd" into library axi_vdma_v6_2
INFO: [VRFC 10-307] analyzing entity axi_sg_ftch_q_mngr
INFO: [VRFC 10-163] Analyzing VHDL file "/home/tim/project_1/project_1.srcs/sources_1/ipshared/xilinx.com/axi_vdma_v6_2/02703168/hdl/src/vhdl/axi_sg_updt_cmdsts_if.vhd" into library axi_vdma_v6_2
INFO: [VRFC 10-307] analyzing entity axi_sg_updt_cmdsts_if
INFO: [VRFC 10-163] Analyzing VHDL file "/home/tim/project_1/project_1.srcs/sources_1/ipshared/xilinx.com/axi_vdma_v6_2/02703168/hdl/src/vhdl/axi_sg_updt_sm.vhd" into library axi_vdma_v6_2
INFO: [VRFC 10-307] analyzing entity axi_sg_updt_sm
INFO: [VRFC 10-163] Analyzing VHDL file "/home/tim/project_1/project_1.srcs/sources_1/ipshared/xilinx.com/axi_vdma_v6_2/02703168/hdl/src/vhdl/axi_sg_updt_mngr.vhd" into library axi_vdma_v6_2
INFO: [VRFC 10-307] analyzing entity axi_sg_updt_mngr
INFO: [VRFC 10-163] Analyzing VHDL file "/home/tim/project_1/project_1.srcs/sources_1/ipshared/xilinx.com/axi_vdma_v6_2/02703168/hdl/src/vhdl/axi_sg_updt_queue.vhd" into library axi_vdma_v6_2
INFO: [VRFC 10-307] analyzing entity axi_sg_updt_queue
INFO: [VRFC 10-163] Analyzing VHDL file "/home/tim/project_1/project_1.srcs/sources_1/ipshared/xilinx.com/axi_vdma_v6_2/02703168/hdl/src/vhdl/axi_sg_updt_noqueue.vhd" into library axi_vdma_v6_2
INFO: [VRFC 10-307] analyzing entity axi_sg_updt_noqueue
INFO: [VRFC 10-163] Analyzing VHDL file "/home/tim/project_1/project_1.srcs/sources_1/ipshared/xilinx.com/axi_vdma_v6_2/02703168/hdl/src/vhdl/axi_sg_updt_q_mngr.vhd" into library axi_vdma_v6_2
INFO: [VRFC 10-307] analyzing entity axi_sg_updt_q_mngr
INFO: [VRFC 10-163] Analyzing VHDL file "/home/tim/project_1/project_1.srcs/sources_1/ipshared/xilinx.com/axi_vdma_v6_2/02703168/hdl/src/vhdl/axi_sg_intrpt.vhd" into library axi_vdma_v6_2
INFO: [VRFC 10-307] analyzing entity axi_sg_intrpt
INFO: [VRFC 10-163] Analyzing VHDL file "/home/tim/project_1/project_1.srcs/sources_1/ipshared/xilinx.com/axi_vdma_v6_2/02703168/hdl/src/vhdl/axi_sg.vhd" into library axi_vdma_v6_2
INFO: [VRFC 10-307] analyzing entity axi_sg
INFO: [VRFC 10-163] Analyzing VHDL file "/home/tim/project_1/project_1.srcs/sources_1/ipshared/xilinx.com/axi_vdma_v6_2/02703168/hdl/src/vhdl/axi_vdma_pkg.vhd" into library axi_vdma_v6_2
INFO: [VRFC 10-163] Analyzing VHDL file "/home/tim/project_1/project_1.srcs/sources_1/ipshared/xilinx.com/axi_vdma_v6_2/02703168/hdl/src/vhdl/axi_vdma_cdc.vhd" into library axi_vdma_v6_2
INFO: [VRFC 10-307] analyzing entity axi_vdma_cdc
INFO: [VRFC 10-163] Analyzing VHDL file "/home/tim/project_1/project_1.srcs/sources_1/ipshared/xilinx.com/axi_vdma_v6_2/02703168/hdl/src/vhdl/axi_vdma_vid_cdc.vhd" into library axi_vdma_v6_2
INFO: [VRFC 10-307] analyzing entity axi_vdma_vid_cdc
INFO: [VRFC 10-163] Analyzing VHDL file "/home/tim/project_1/project_1.srcs/sources_1/ipshared/xilinx.com/axi_vdma_v6_2/02703168/hdl/src/vhdl/axi_vdma_sg_cdc.vhd" into library axi_vdma_v6_2
INFO: [VRFC 10-307] analyzing entity axi_vdma_sg_cdc
INFO: [VRFC 10-163] Analyzing VHDL file "/home/tim/project_1/project_1.srcs/sources_1/ipshared/xilinx.com/axi_vdma_v6_2/02703168/hdl/src/vhdl/axi_vdma_reset.vhd" into library axi_vdma_v6_2
INFO: [VRFC 10-307] analyzing entity axi_vdma_reset
INFO: [VRFC 10-163] Analyzing VHDL file "/home/tim/project_1/project_1.srcs/sources_1/ipshared/xilinx.com/axi_vdma_v6_2/02703168/hdl/src/vhdl/axi_vdma_rst_module.vhd" into library axi_vdma_v6_2
INFO: [VRFC 10-307] analyzing entity axi_vdma_rst_module
INFO: [VRFC 10-163] Analyzing VHDL file "/home/tim/project_1/project_1.srcs/sources_1/ipshared/xilinx.com/axi_vdma_v6_2/02703168/hdl/src/vhdl/axi_vdma_lite_if.vhd" into library axi_vdma_v6_2
INFO: [VRFC 10-307] analyzing entity axi_vdma_lite_if
INFO: [VRFC 10-163] Analyzing VHDL file "/home/tim/project_1/project_1.srcs/sources_1/ipshared/xilinx.com/axi_vdma_v6_2/02703168/hdl/src/vhdl/axi_vdma_register.vhd" into library axi_vdma_v6_2
INFO: [VRFC 10-307] analyzing entity axi_vdma_register
INFO: [VRFC 10-163] Analyzing VHDL file "/home/tim/project_1/project_1.srcs/sources_1/ipshared/xilinx.com/axi_vdma_v6_2/02703168/hdl/src/vhdl/axi_vdma_regdirect.vhd" into library axi_vdma_v6_2
INFO: [VRFC 10-307] analyzing entity axi_vdma_regdirect
INFO: [VRFC 10-163] Analyzing VHDL file "/home/tim/project_1/project_1.srcs/sources_1/ipshared/xilinx.com/axi_vdma_v6_2/02703168/hdl/src/vhdl/axi_vdma_reg_mux.vhd" into library axi_vdma_v6_2
INFO: [VRFC 10-307] analyzing entity axi_vdma_reg_mux
INFO: [VRFC 10-163] Analyzing VHDL file "/home/tim/project_1/project_1.srcs/sources_1/ipshared/xilinx.com/axi_vdma_v6_2/02703168/hdl/src/vhdl/axi_vdma_reg_module.vhd" into library axi_vdma_v6_2
INFO: [VRFC 10-307] analyzing entity axi_vdma_reg_module
INFO: [VRFC 10-163] Analyzing VHDL file "/home/tim/project_1/project_1.srcs/sources_1/ipshared/xilinx.com/axi_vdma_v6_2/02703168/hdl/src/vhdl/axi_vdma_reg_if.vhd" into library axi_vdma_v6_2
INFO: [VRFC 10-307] analyzing entity axi_vdma_reg_if
INFO: [VRFC 10-163] Analyzing VHDL file "/home/tim/project_1/project_1.srcs/sources_1/ipshared/xilinx.com/axi_vdma_v6_2/02703168/hdl/src/vhdl/axi_vdma_intrpt.vhd" into library axi_vdma_v6_2
INFO: [VRFC 10-307] analyzing entity axi_vdma_intrpt
INFO: [VRFC 10-163] Analyzing VHDL file "/home/tim/project_1/project_1.srcs/sources_1/ipshared/xilinx.com/axi_vdma_v6_2/02703168/hdl/src/vhdl/axi_vdma_sof_gen.vhd" into library axi_vdma_v6_2
INFO: [VRFC 10-307] analyzing entity axi_vdma_sof_gen
INFO: [VRFC 10-163] Analyzing VHDL file "/home/tim/project_1/project_1.srcs/sources_1/ipshared/xilinx.com/axi_vdma_v6_2/02703168/hdl/src/vhdl/axi_vdma_skid_buf.vhd" into library axi_vdma_v6_2
INFO: [VRFC 10-307] analyzing entity axi_vdma_skid_buf
INFO: [VRFC 10-163] Analyzing VHDL file "/home/tim/project_1/project_1.srcs/sources_1/ipshared/xilinx.com/axi_vdma_v6_2/02703168/hdl/src/vhdl/axi_vdma_sfifo.vhd" into library axi_vdma_v6_2
INFO: [VRFC 10-307] analyzing entity axi_vdma_sfifo
INFO: [VRFC 10-163] Analyzing VHDL file "/home/tim/project_1/project_1.srcs/sources_1/ipshared/xilinx.com/axi_vdma_v6_2/02703168/hdl/src/vhdl/axi_vdma_sfifo_autord.vhd" into library axi_vdma_v6_2
INFO: [VRFC 10-307] analyzing entity axi_vdma_sfifo_autord
INFO: [VRFC 10-163] Analyzing VHDL file "/home/tim/project_1/project_1.srcs/sources_1/ipshared/xilinx.com/axi_vdma_v6_2/02703168/hdl/src/vhdl/axi_vdma_afifo_builtin.vhd" into library axi_vdma_v6_2
INFO: [VRFC 10-307] analyzing entity axi_vdma_afifo_builtin
INFO: [VRFC 10-163] Analyzing VHDL file "/home/tim/project_1/project_1.srcs/sources_1/ipshared/xilinx.com/axi_vdma_v6_2/02703168/hdl/src/vhdl/axi_vdma_afifo.vhd" into library axi_vdma_v6_2
INFO: [VRFC 10-307] analyzing entity axi_vdma_afifo
INFO: [VRFC 10-163] Analyzing VHDL file "/home/tim/project_1/project_1.srcs/sources_1/ipshared/xilinx.com/axi_vdma_v6_2/02703168/hdl/src/vhdl/axi_vdma_afifo_autord.vhd" into library axi_vdma_v6_2
INFO: [VRFC 10-307] analyzing entity axi_vdma_afifo_autord
INFO: [VRFC 10-163] Analyzing VHDL file "/home/tim/project_1/project_1.srcs/sources_1/ipshared/xilinx.com/axi_vdma_v6_2/02703168/hdl/src/vhdl/axi_vdma_mm2s_linebuf.vhd" into library axi_vdma_v6_2
INFO: [VRFC 10-307] analyzing entity axi_vdma_mm2s_linebuf
INFO: [VRFC 10-163] Analyzing VHDL file "/home/tim/project_1/project_1.srcs/sources_1/ipshared/xilinx.com/axi_vdma_v6_2/02703168/hdl/src/vhdl/axi_vdma_s2mm_linebuf.vhd" into library axi_vdma_v6_2
INFO: [VRFC 10-307] analyzing entity axi_vdma_s2mm_linebuf
INFO: [VRFC 10-163] Analyzing VHDL file "/home/tim/project_1/project_1.srcs/sources_1/ipshared/xilinx.com/axi_vdma_v6_2/02703168/hdl/src/vhdl/axi_vdma_blkmem.vhd" into library axi_vdma_v6_2
INFO: [VRFC 10-307] analyzing entity axi_vdma_blkmem
INFO: [VRFC 10-163] Analyzing VHDL file "/home/tim/project_1/project_1.srcs/sources_1/ipshared/xilinx.com/axi_vdma_v6_2/02703168/hdl/src/vhdl/axi_vdma_fsync_gen.vhd" into library axi_vdma_v6_2
INFO: [VRFC 10-307] analyzing entity axi_vdma_fsync_gen
INFO: [VRFC 10-163] Analyzing VHDL file "/home/tim/project_1/project_1.srcs/sources_1/ipshared/xilinx.com/axi_vdma_v6_2/02703168/hdl/src/vhdl/axi_vdma_vregister.vhd" into library axi_vdma_v6_2
INFO: [VRFC 10-307] analyzing entity axi_vdma_vregister
INFO: [VRFC 10-163] Analyzing VHDL file "/home/tim/project_1/project_1.srcs/sources_1/ipshared/xilinx.com/axi_vdma_v6_2/02703168/hdl/src/vhdl/axi_vdma_vregister_64.vhd" into library axi_vdma_v6_2
INFO: [VRFC 10-307] analyzing entity axi_vdma_vregister_64
INFO: [VRFC 10-163] Analyzing VHDL file "/home/tim/project_1/project_1.srcs/sources_1/ipshared/xilinx.com/axi_vdma_v6_2/02703168/hdl/src/vhdl/axi_vdma_sgregister.vhd" into library axi_vdma_v6_2
INFO: [VRFC 10-307] analyzing entity axi_vdma_sgregister
INFO: [VRFC 10-163] Analyzing VHDL file "/home/tim/project_1/project_1.srcs/sources_1/ipshared/xilinx.com/axi_vdma_v6_2/02703168/hdl/src/vhdl/axi_vdma_vaddrreg_mux.vhd" into library axi_vdma_v6_2
INFO: [VRFC 10-307] analyzing entity axi_vdma_vaddrreg_mux
INFO: [VRFC 10-163] Analyzing VHDL file "/home/tim/project_1/project_1.srcs/sources_1/ipshared/xilinx.com/axi_vdma_v6_2/02703168/hdl/src/vhdl/axi_vdma_vaddrreg_mux_64.vhd" into library axi_vdma_v6_2
INFO: [VRFC 10-307] analyzing entity axi_vdma_vaddrreg_mux_64
INFO: [VRFC 10-163] Analyzing VHDL file "/home/tim/project_1/project_1.srcs/sources_1/ipshared/xilinx.com/axi_vdma_v6_2/02703168/hdl/src/vhdl/axi_vdma_vidreg_module.vhd" into library axi_vdma_v6_2
INFO: [VRFC 10-307] analyzing entity axi_vdma_vidreg_module
INFO: [VRFC 10-163] Analyzing VHDL file "/home/tim/project_1/project_1.srcs/sources_1/ipshared/xilinx.com/axi_vdma_v6_2/02703168/hdl/src/vhdl/axi_vdma_vidreg_module_64.vhd" into library axi_vdma_v6_2
INFO: [VRFC 10-307] analyzing entity axi_vdma_vidreg_module_64
INFO: [VRFC 10-163] Analyzing VHDL file "/home/tim/project_1/project_1.srcs/sources_1/ipshared/xilinx.com/axi_vdma_v6_2/02703168/hdl/src/vhdl/axi_vdma_genlock_mux.vhd" into library axi_vdma_v6_2
INFO: [VRFC 10-307] analyzing entity axi_vdma_genlock_mux
INFO: [VRFC 10-163] Analyzing VHDL file "/home/tim/project_1/project_1.srcs/sources_1/ipshared/xilinx.com/axi_vdma_v6_2/02703168/hdl/src/vhdl/axi_vdma_greycoder.vhd" into library axi_vdma_v6_2
INFO: [VRFC 10-307] analyzing entity axi_vdma_greycoder
INFO: [VRFC 10-163] Analyzing VHDL file "/home/tim/project_1/project_1.srcs/sources_1/ipshared/xilinx.com/axi_vdma_v6_2/02703168/hdl/src/vhdl/axi_vdma_genlock_mngr.vhd" into library axi_vdma_v6_2
INFO: [VRFC 10-307] analyzing entity axi_vdma_genlock_mngr
INFO: [VRFC 10-163] Analyzing VHDL file "/home/tim/project_1/project_1.srcs/sources_1/ipshared/xilinx.com/axi_vdma_v6_2/02703168/hdl/src/vhdl/axi_vdma_sg_if.vhd" into library axi_vdma_v6_2
INFO: [VRFC 10-307] analyzing entity axi_vdma_sg_if
INFO: [VRFC 10-163] Analyzing VHDL file "/home/tim/project_1/project_1.srcs/sources_1/ipshared/xilinx.com/axi_vdma_v6_2/02703168/hdl/src/vhdl/axi_vdma_sm.vhd" into library axi_vdma_v6_2
INFO: [VRFC 10-307] analyzing entity axi_vdma_sm
INFO: [VRFC 10-163] Analyzing VHDL file "/home/tim/project_1/project_1.srcs/sources_1/ipshared/xilinx.com/axi_vdma_v6_2/02703168/hdl/src/vhdl/axi_vdma_cmdsts_if.vhd" into library axi_vdma_v6_2
INFO: [VRFC 10-307] analyzing entity axi_vdma_cmdsts_if
INFO: [VRFC 10-163] Analyzing VHDL file "/home/tim/project_1/project_1.srcs/sources_1/ipshared/xilinx.com/axi_vdma_v6_2/02703168/hdl/src/vhdl/axi_vdma_sts_mngr.vhd" into library axi_vdma_v6_2
INFO: [VRFC 10-307] analyzing entity axi_vdma_sts_mngr
INFO: [VRFC 10-163] Analyzing VHDL file "/home/tim/project_1/project_1.srcs/sources_1/ipshared/xilinx.com/axi_vdma_v6_2/02703168/hdl/src/vhdl/axi_vdma_mngr.vhd" into library axi_vdma_v6_2
INFO: [VRFC 10-307] analyzing entity axi_vdma_mngr
INFO: [VRFC 10-163] Analyzing VHDL file "/home/tim/project_1/project_1.srcs/sources_1/ipshared/xilinx.com/axi_vdma_v6_2/02703168/hdl/src/vhdl/axi_vdma_mngr_64.vhd" into library axi_vdma_v6_2
INFO: [VRFC 10-307] analyzing entity axi_vdma_mngr_64
INFO: [VRFC 10-163] Analyzing VHDL file "/home/tim/project_1/project_1.srcs/sources_1/ipshared/xilinx.com/axi_vdma_v6_2/02703168/hdl/src/vhdl/axi_vdma_mm2s_axis_dwidth_converter.vhd" into library axi_vdma_v6_2
INFO: [VRFC 10-307] analyzing entity axi_vdma_mm2s_axis_dwidth_converter
INFO: [VRFC 10-163] Analyzing VHDL file "/home/tim/project_1/project_1.srcs/sources_1/ipshared/xilinx.com/axi_vdma_v6_2/02703168/hdl/src/vhdl/axi_vdma_s2mm_axis_dwidth_converter.vhd" into library axi_vdma_v6_2
INFO: [VRFC 10-307] analyzing entity axi_vdma_s2mm_axis_dwidth_converter
INFO: [VRFC 10-163] Analyzing VHDL file "/home/tim/project_1/project_1.srcs/sources_1/ipshared/xilinx.com/axi_vdma_v6_2/02703168/hdl/src/vhdl/axi_vdma.vhd" into library axi_vdma_v6_2
INFO: [VRFC 10-307] analyzing entity axi_vdma
INFO: [VRFC 10-163] Analyzing VHDL file "/home/tim/project_1/project_1.srcs/sources_1/bd/design_1/ip/design_1_axi_vdma_0_4/sim/design_1_axi_vdma_0_4.vhd" into library xil_defaultlib
INFO: [VRFC 10-307] analyzing entity design_1_axi_vdma_0_4
INFO: [VRFC 10-163] Analyzing VHDL file "/home/tim/project_1/project_1.srcs/sources_1/ipshared/xilinx.com/proc_sys_reset_v5_0/066de7cd/hdl/src/vhdl/upcnt_n.vhd" into library proc_sys_reset_v5_0
INFO: [VRFC 10-307] analyzing entity upcnt_n
INFO: [VRFC 10-163] Analyzing VHDL file "/home/tim/project_1/project_1.srcs/sources_1/ipshared/xilinx.com/proc_sys_reset_v5_0/066de7cd/hdl/src/vhdl/sequence.vhd" into library proc_sys_reset_v5_0
INFO: [VRFC 10-307] analyzing entity sequence
INFO: [VRFC 10-163] Analyzing VHDL file "/home/tim/project_1/project_1.srcs/sources_1/ipshared/xilinx.com/proc_sys_reset_v5_0/066de7cd/hdl/src/vhdl/lpf.vhd" into library proc_sys_reset_v5_0
INFO: [VRFC 10-307] analyzing entity lpf
INFO: [VRFC 10-163] Analyzing VHDL file "/home/tim/project_1/project_1.srcs/sources_1/ipshared/xilinx.com/proc_sys_reset_v5_0/066de7cd/hdl/src/vhdl/proc_sys_reset.vhd" into library proc_sys_reset_v5_0
INFO: [VRFC 10-307] analyzing entity proc_sys_reset
INFO: [VRFC 10-163] Analyzing VHDL file "/home/tim/project_1/project_1.srcs/sources_1/bd/design_1/ip/design_1_rst_processing_system7_0_100M_3/sim/design_1_rst_processing_system7_0_100M_3.vhd" into library xil_defaultlib
INFO: [VRFC 10-307] analyzing entity design_1_rst_processing_system7_0_100M_3
INFO: [VRFC 10-163] Analyzing VHDL file "/home/tim/project_1/project_1.srcs/sources_1/ipshared/xilinx.com/xbip_utils_v3_0/911737ed/hdl/xbip_utils_v3_0_vh_rfs.vhd" into library xbip_utils_v3_0
INFO: [VRFC 10-163] Analyzing VHDL file "/home/tim/project_1/project_1.srcs/sources_1/ipshared/xilinx.com/axi_utils_v2_0/17fb2e9a/hdl/axi_utils_v2_0_vh_rfs.vhd" into library axi_utils_v2_0
INFO: [VRFC 10-307] analyzing entity glb_srl_fifo
INFO: [VRFC 10-307] analyzing entity glb_ifx_slave
INFO: [VRFC 10-307] analyzing entity glb_ifx_master
INFO: [VRFC 10-307] analyzing entity axi_slave_2to1
INFO: [VRFC 10-307] analyzing entity axi_slave_3to1
INFO: [VRFC 10-307] analyzing entity axi_slave_4to1
INFO: [VRFC 10-163] Analyzing VHDL file "/home/tim/project_1/project_1.srcs/sources_1/ipshared/xilinx.com/xbip_pipe_v3_0/06034905/hdl/xbip_pipe_v3_0_vh_rfs.vhd" into library xbip_pipe_v3_0
INFO: [VRFC 10-307] analyzing entity xbip_pipe_v3_0_viv
INFO: [VRFC 10-163] Analyzing VHDL file "/home/tim/project_1/project_1.srcs/sources_1/ipshared/xilinx.com/xbip_pipe_v3_0/06034905/hdl/xbip_pipe_v3_0.vhd" into library xbip_pipe_v3_0
INFO: [VRFC 10-307] analyzing entity xbip_pipe_v3_0
INFO: [VRFC 10-163] Analyzing VHDL file "/home/tim/project_1/project_1.srcs/sources_1/ipshared/xilinx.com/xbip_dsp48_wrapper_v3_0/7d83764b/hdl/xbip_dsp48_wrapper_v3_0_vh_rfs.vhd" into library xbip_dsp48_wrapper_v3_0
INFO: [VRFC 10-307] analyzing entity xbip_dsp48a_wrapper_v3_0
INFO: [VRFC 10-307] analyzing entity xbip_dsp48a1_wrapper_v3_0
INFO: [VRFC 10-307] analyzing entity xbip_dsp48e_wrapper_v3_0
INFO: [VRFC 10-307] analyzing entity xbip_dsp48e1_wrapper_v3_0
INFO: [VRFC 10-307] analyzing entity xbip_dsp48e2_wrapper_v3_0
INFO: [VRFC 10-307] analyzing entity xbip_dsp48_wrapper_v3_0
INFO: [VRFC 10-163] Analyzing VHDL file "/home/tim/project_1/project_1.srcs/sources_1/ipshared/xilinx.com/xbip_dsp48_addsub_v3_0/dcc1fbbe/hdl/xbip_dsp48_addsub_v3_0_vh_rfs.vhd" into library xbip_dsp48_addsub_v3_0
INFO: [VRFC 10-307] analyzing entity xbip_dsp48_addsub_rtl
INFO: [VRFC 10-307] analyzing entity xbip_dsp48_addsub_synth
INFO: [VRFC 10-307] analyzing entity xbip_dsp48_addsub_v3_0_viv
INFO: [VRFC 10-163] Analyzing VHDL file "/home/tim/project_1/project_1.srcs/sources_1/ipshared/xilinx.com/xbip_dsp48_addsub_v3_0/dcc1fbbe/hdl/xbip_dsp48_addsub_v3_0.vhd" into library xbip_dsp48_addsub_v3_0
INFO: [VRFC 10-307] analyzing entity xbip_dsp48_addsub_v3_0
INFO: [VRFC 10-163] Analyzing VHDL file "/home/tim/project_1/project_1.srcs/sources_1/ipshared/xilinx.com/xbip_bram18k_v3_0/902b235a/hdl/xbip_bram18k_v3_0_vh_rfs.vhd" into library xbip_bram18k_v3_0
INFO: [VRFC 10-307] analyzing entity xbip_bram18k_synth
INFO: [VRFC 10-307] analyzing entity xbip_bram18k_rtl
INFO: [VRFC 10-307] analyzing entity xbip_bram18k_v3_0_viv
INFO: [VRFC 10-163] Analyzing VHDL file "/home/tim/project_1/project_1.srcs/sources_1/ipshared/xilinx.com/xbip_bram18k_v3_0/902b235a/hdl/xbip_bram18k_v3_0.vhd" into library xbip_bram18k_v3_0
INFO: [VRFC 10-307] analyzing entity xbip_bram18k_v3_0
INFO: [VRFC 10-163] Analyzing VHDL file "/home/tim/project_1/project_1.srcs/sources_1/ipshared/xilinx.com/mult_gen_v12_0/eb69cee8/hdl/mult_gen_v12_0_vh_rfs.vhd" into library mult_gen_v12_0
INFO: [VRFC 10-307] analyzing entity op_resize
INFO: [VRFC 10-307] analyzing entity delay_line
INFO: [VRFC 10-307] analyzing entity cc_compare
INFO: [VRFC 10-307] analyzing entity luts
INFO: [VRFC 10-307] analyzing entity mult18
INFO: [VRFC 10-307] analyzing entity dsp
INFO: [VRFC 10-307] analyzing entity hybrid
INFO: [VRFC 10-307] analyzing entity ccm_dist_mem
INFO: [VRFC 10-307] analyzing entity ccm_sp_block_mem
INFO: [VRFC 10-307] analyzing entity ccm_dp_block_mem
INFO: [VRFC 10-307] analyzing entity ccm_syncmem
INFO: [VRFC 10-307] analyzing entity ccm_scaled_adder
INFO: [VRFC 10-307] analyzing entity ccm_operation
INFO: [VRFC 10-307] analyzing entity ccm
INFO: [VRFC 10-307] analyzing entity three_input_adder
INFO: [VRFC 10-307] analyzing entity multmxn_lut6
INFO: [VRFC 10-307] analyzing entity mult_gen_v12_0_viv
INFO: [VRFC 10-163] Analyzing VHDL file "/home/tim/project_1/project_1.srcs/sources_1/ipshared/xilinx.com/mult_gen_v12_0/eb69cee8/hdl/mult_gen_v12_0.vhd" into library mult_gen_v12_0
INFO: [VRFC 10-307] analyzing entity mult_gen_v12_0
INFO: [VRFC 10-163] Analyzing VHDL file "/home/tim/project_1/project_1.srcs/sources_1/ipshared/xilinx.com/floating_point_v7_0/18022bbe/hdl/floating_point_v7_0_vh_rfs.vhd" into library floating_point_v7_0
INFO: [VRFC 10-307] analyzing entity fdgS
INFO: [VRFC 10-307] analyzing entity fdgW
INFO: [VRFC 10-307] analyzing entity lutV
INFO: [VRFC 10-307] analyzing entity lutS
INFO: [VRFC 10-307] analyzing entity lutN
INFO: [VRFC 10-307] analyzing entity lutNMuxS
INFO: [VRFC 10-307] analyzing entity srl16eS
INFO: [VRFC 10-307] analyzing entity delayS
INFO: [VRFC 10-307] analyzing entity andW
INFO: [VRFC 10-307] analyzing entity orW
INFO: [VRFC 10-307] analyzing entity srl16ew
INFO: [VRFC 10-307] analyzing entity delayW
INFO: [VRFC 10-307] analyzing entity compW
INFO: [VRFC 10-307] analyzing entity addSubW
INFO: [VRFC 10-307] analyzing entity equalW
INFO: [VRFC 10-307] analyzing entity addW
INFO: [VRFC 10-307] analyzing entity mult18
INFO: [VRFC 10-307] analyzing entity cntrlgen
INFO: [VRFC 10-307] analyzing entity cntrlgen2
INFO: [VRFC 10-307] analyzing entity ppGenR8
INFO: [VRFC 10-307] analyzing entity ppGenR8Msb2
INFO: [VRFC 10-307] analyzing entity addSubShGW
INFO: [VRFC 10-307] analyzing entity addSubShFW
INFO: [VRFC 10-307] analyzing entity vmRoundW
INFO: [VRFC 10-307] analyzing entity vmsMultCore
INFO: [VRFC 10-307] analyzing entity wideEmbedMult4
INFO: [VRFC 10-307] analyzing entity wideEmbedMult16
INFO: [VRFC 10-307] analyzing entity wideEmbedMult
INFO: [VRFC 10-307] analyzing entity dsp48MultALine
INFO: [VRFC 10-307] analyzing entity dsp48Mult
INFO: [VRFC 10-307] analyzing entity xMult
INFO: [VRFC 10-307] analyzing entity delay
INFO: [VRFC 10-307] analyzing entity delay_s
INFO: [VRFC 10-307] analyzing entity mux_bus2
INFO: [VRFC 10-307] analyzing entity twos_comp
INFO: [VRFC 10-307] analyzing entity carry_chain
INFO: [VRFC 10-307] analyzing entity mux4
INFO: [VRFC 10-307] analyzing entity compare_gt
INFO: [VRFC 10-307] analyzing entity compare_eq_im
INFO: [VRFC 10-307] analyzing entity compare_ne_im
INFO: [VRFC 10-307] analyzing entity compare_eq
INFO: [VRFC 10-307] analyzing entity compare
INFO: [VRFC 10-307] analyzing entity special_detect
INFO: [VRFC 10-307] analyzing entity norm_zero_det
INFO: [VRFC 10-307] analyzing entity zero_det_sel
INFO: [VRFC 10-307] analyzing entity shift_msb_first
INFO: [VRFC 10-307] analyzing entity flt_dec_op
INFO: [VRFC 10-307] analyzing entity flt_dec_op_lat
INFO: [VRFC 10-307] analyzing entity lead_zero_encode
INFO: [VRFC 10-307] analyzing entity lead_zero_encode_shift
INFO: [VRFC 10-307] analyzing entity dsp48e1_wrapper
INFO: [VRFC 10-307] analyzing entity dsp48e2_wrapper
INFO: [VRFC 10-307] analyzing entity addsub_logic
INFO: [VRFC 10-307] analyzing entity addsub_dsp
INFO: [VRFC 10-307] analyzing entity addsub
INFO: [VRFC 10-307] analyzing entity flt_round_bit
INFO: [VRFC 10-307] analyzing entity renorm_and_round_logic
INFO: [VRFC 10-307] analyzing entity norm_and_round_dsp48e1_sgl
INFO: [VRFC 10-307] analyzing entity norm_and_round_logic
INFO: [VRFC 10-307] analyzing entity alignment
INFO: [VRFC 10-307] analyzing entity normalize
INFO: [VRFC 10-307] analyzing entity align_add_dsp48e1_sgl
INFO: [VRFC 10-307] analyzing entity align_add
INFO: [VRFC 10-307] analyzing entity multadd
INFO: [VRFC 10-307] analyzing entity compare_ge
INFO: [VRFC 10-307] analyzing entity fix_to_flt_conv_exp
INFO: [VRFC 10-307] analyzing entity fix_to_flt_conv
INFO: [VRFC 10-307] analyzing entity flt_to_fix_conv
INFO: [VRFC 10-307] analyzing entity flt_to_flt_conv_exp
INFO: [VRFC 10-307] analyzing entity flt_to_flt_conv
INFO: [VRFC 10-307] analyzing entity fp_cmp
INFO: [VRFC 10-307] analyzing entity flt_sqrt_mant_addsub
INFO: [VRFC 10-307] analyzing entity flt_sqrt_mant
INFO: [VRFC 10-307] analyzing entity flt_sqrt_exp
INFO: [VRFC 10-307] analyzing entity flt_sqrt
INFO: [VRFC 10-307] analyzing entity flt_div_mant_addsub
INFO: [VRFC 10-307] analyzing entity flt_div_mant
INFO: [VRFC 10-307] analyzing entity flt_div_exp
INFO: [VRFC 10-307] analyzing entity flt_div
INFO: [VRFC 10-307] analyzing entity fix_mult_dsp48e1_lat_dbl
INFO: [VRFC 10-307] analyzing entity fix_mult_dsp48e1_sgl
INFO: [VRFC 10-307] analyzing entity fix_mult_dsp48e1_dbl
INFO: [VRFC 10-307] analyzing entity fix_mult_dsp48e2_dbl
INFO: [VRFC 10-307] analyzing entity fix_mult_qq
INFO: [VRFC 10-307] analyzing entity fix_mult_xx
INFO: [VRFC 10-307] analyzing entity fix_mult
INFO: [VRFC 10-307] analyzing entity flt_round_dsp_opt_full
INFO: [VRFC 10-307] analyzing entity flt_round_dsp_opt_part
INFO: [VRFC 10-307] analyzing entity flt_mult_round
INFO: [VRFC 10-307] analyzing entity flt_mult_exp
INFO: [VRFC 10-307] analyzing entity flt_mult
INFO: [VRFC 10-307] analyzing entity flt_add_exp
INFO: [VRFC 10-307] analyzing entity flt_add_logic
INFO: [VRFC 10-307] analyzing entity flt_add_dsp
INFO: [VRFC 10-307] analyzing entity flt_add_lat_align_add
INFO: [VRFC 10-307] analyzing entity flt_add_lat_norm
INFO: [VRFC 10-307] analyzing entity flt_add_lat_exp
INFO: [VRFC 10-307] analyzing entity flt_add_lat
INFO: [VRFC 10-307] analyzing entity flt_add
INFO: [VRFC 10-307] analyzing entity flt_recip_approx
INFO: [VRFC 10-307] analyzing entity flt_recip_nr
INFO: [VRFC 10-307] analyzing entity flt_recip_reduction_calc
INFO: [VRFC 10-307] analyzing entity flt_recip_eval
INFO: [VRFC 10-307] analyzing entity flt_recip_postprocess
INFO: [VRFC 10-307] analyzing entity flt_recip_specialcase
INFO: [VRFC 10-307] analyzing entity flt_recip_recomb
INFO: [VRFC 10-307] analyzing entity flt_recipsqrt_dp_m_calc
INFO: [VRFC 10-307] analyzing entity flt_recip
INFO: [VRFC 10-307] analyzing entity flt_log_addsub
INFO: [VRFC 10-307] analyzing entity flt_log_addsub_taylor_fabric
INFO: [VRFC 10-307] analyzing entity flt_log_addsub_taylor_combiner_fabric
INFO: [VRFC 10-307] analyzing entity flt_log_single_one_detect
INFO: [VRFC 10-307] analyzing entity flt_log_inproc
INFO: [VRFC 10-307] analyzing entity flt_log_exp
INFO: [VRFC 10-307] analyzing entity flt_log_L_block_memory
INFO: [VRFC 10-307] analyzing entity flt_pt_log_L_block
INFO: [VRFC 10-307] analyzing entity flt_log_rr_mul_iter
INFO: [VRFC 10-307] analyzing entity flt_log_rr_mul
INFO: [VRFC 10-307] analyzing entity flt_log_rr
INFO: [VRFC 10-307] analyzing entity flt_log_taylor
INFO: [VRFC 10-307] analyzing entity flt_log_shift_msb_first
INFO: [VRFC 10-307] analyzing entity flt_log_lead_zero_encode
INFO: [VRFC 10-307] analyzing entity flt_log_normalize
INFO: [VRFC 10-307] analyzing entity flt_log_norm
INFO: [VRFC 10-307] analyzing entity flt_log_rnd
INFO: [VRFC 10-307] analyzing entity flt_log_specialcase
INFO: [VRFC 10-307] analyzing entity flt_log_recomb
INFO: [VRFC 10-307] analyzing entity flt_log
INFO: [VRFC 10-307] analyzing entity flt_exp_specialcase
INFO: [VRFC 10-307] analyzing entity flt_exp_recomb
INFO: [VRFC 10-307] analyzing entity flt_exp_ccm
INFO: [VRFC 10-307] analyzing entity flt_exp_e2A
INFO: [VRFC 10-307] analyzing entity flt_exp_dp_poly
INFO: [VRFC 10-307] analyzing entity flt_exp_e2zmzm1
INFO: [VRFC 10-307] analyzing entity flt_exp
INFO: [VRFC 10-307] analyzing entity flt_fma_specialcase
INFO: [VRFC 10-307] analyzing entity flt_fma_round_bit
INFO: [VRFC 10-307] analyzing entity flt_fma_renorm_and_round_logic
INFO: [VRFC 10-307] analyzing entity flt_fma_special_detect
INFO: [VRFC 10-307] analyzing entity flt_fma_add_exp
INFO: [VRFC 10-307] analyzing entity flt_fma_alignment
INFO: [VRFC 10-307] analyzing entity flt_fma_addsub_dsp1
INFO: [VRFC 10-307] analyzing entity flt_fma_addsub_dsp2
INFO: [VRFC 10-307] analyzing entity flt_fma_addsub
INFO: [VRFC 10-307] analyzing entity flt_fma_align_add
INFO: [VRFC 10-307] analyzing entity flt_fma_norm_logic
INFO: [VRFC 10-307] analyzing entity flt_fma_add_logic
INFO: [VRFC 10-307] analyzing entity flt_fma_add
INFO: [VRFC 10-307] analyzing entity flt_fma_mul
INFO: [VRFC 10-307] analyzing entity flt_fma
INFO: [VRFC 10-307] analyzing entity flt_accum_flt_to_fix
INFO: [VRFC 10-307] analyzing entity flt_accum_bit_encode
INFO: [VRFC 10-307] analyzing entity flt_accum
INFO: [VRFC 10-307] analyzing entity floating_point_v7_0_viv
INFO: [VRFC 10-307] analyzing entity floating_point_v7_0
INFO: [VRFC 10-163] Analyzing VHDL file "/home/tim/project_1/project_1.srcs/sources_1/ipshared/xilinx.com/image_filter_v1_0/5bcb0bb2/hdl/ip/image_filter_ap_fpext_0_no_dsp_32.vhd" into library xil_defaultlib
INFO: [VRFC 10-307] analyzing entity image_filter_ap_fpext_0_no_dsp_32
INFO: [VRFC 10-163] Analyzing VHDL file "/home/tim/project_1/project_1.srcs/sources_1/ipshared/xilinx.com/image_filter_v1_0/5bcb0bb2/hdl/ip/image_filter_ap_fsqrt_10_no_dsp_32.vhd" into library xil_defaultlib
INFO: [VRFC 10-307] analyzing entity image_filter_ap_fsqrt_10_no_dsp_32
INFO: [VRFC 10-163] Analyzing VHDL file "/home/tim/project_1/project_1.srcs/sources_1/ipshared/xilinx.com/image_filter_v1_0/5bcb0bb2/hdl/ip/image_filter_ap_fsub_3_full_dsp_32.vhd" into library xil_defaultlib
INFO: [VRFC 10-307] analyzing entity image_filter_ap_fsub_3_full_dsp_32
INFO: [VRFC 10-163] Analyzing VHDL file "/home/tim/project_1/project_1.srcs/sources_1/ipshared/xilinx.com/image_filter_v1_0/5bcb0bb2/hdl/ip/image_filter_ap_sitofp_4_no_dsp_64.vhd" into library xil_defaultlib
INFO: [VRFC 10-307] analyzing entity image_filter_ap_sitofp_4_no_dsp_64
INFO: [VRFC 10-163] Analyzing VHDL file "/home/tim/project_1/project_1.srcs/sources_1/ipshared/xilinx.com/image_filter_v1_0/5bcb0bb2/hdl/ip/image_filter_ap_fmul_2_max_dsp_32.vhd" into library xil_defaultlib
INFO: [VRFC 10-307] analyzing entity image_filter_ap_fmul_2_max_dsp_32
INFO: [VRFC 10-163] Analyzing VHDL file "/home/tim/project_1/project_1.srcs/sources_1/bd/design_1/ip/design_1_image_filter_1_0/sim/design_1_image_filter_1_0.vhd" into library xil_defaultlib
INFO: [VRFC 10-307] analyzing entity design_1_image_filter_1_0
INFO: [VRFC 10-163] Analyzing VHDL file "/home/tim/project_1/project_1.srcs/sources_1/bd/design_1/ip/design_1_axi_vdma_1_0/sim/design_1_axi_vdma_1_0.vhd" into library xil_defaultlib
INFO: [VRFC 10-307] analyzing entity design_1_axi_vdma_1_0
