INFO: [VRFC 10-2263] Analyzing Verilog file "/home/tim/project_1/project_1.srcs/sources_1/ipshared/xilinx.com/processing_system7_bfm_v2_0/e69044ca/hdl/processing_system7_bfm_v2_0_arb_wr.v" into library xil_defaultlib
INFO: [VRFC 10-311] analyzing module processing_system7_bfm_v2_0_arb_wr
INFO: [VRFC 10-2263] Analyzing Verilog file "/home/tim/project_1/project_1.srcs/sources_1/ipshared/xilinx.com/processing_system7_bfm_v2_0/e69044ca/hdl/processing_system7_bfm_v2_0_arb_rd.v" into library xil_defaultlib
INFO: [VRFC 10-311] analyzing module processing_system7_bfm_v2_0_arb_rd
INFO: [VRFC 10-2263] Analyzing Verilog file "/home/tim/project_1/project_1.srcs/sources_1/ipshared/xilinx.com/processing_system7_bfm_v2_0/e69044ca/hdl/processing_system7_bfm_v2_0_arb_wr_4.v" into library xil_defaultlib
INFO: [VRFC 10-311] analyzing module processing_system7_bfm_v2_0_arb_wr_4
INFO: [VRFC 10-2263] Analyzing Verilog file "/home/tim/project_1/project_1.srcs/sources_1/ipshared/xilinx.com/processing_system7_bfm_v2_0/e69044ca/hdl/processing_system7_bfm_v2_0_arb_rd_4.v" into library xil_defaultlib
INFO: [VRFC 10-311] analyzing module processing_system7_bfm_v2_0_arb_rd_4
INFO: [VRFC 10-2263] Analyzing Verilog file "/home/tim/project_1/project_1.srcs/sources_1/ipshared/xilinx.com/processing_system7_bfm_v2_0/e69044ca/hdl/processing_system7_bfm_v2_0_arb_hp2_3.v" into library xil_defaultlib
INFO: [VRFC 10-311] analyzing module processing_system7_bfm_v2_0_arb_hp2_3
INFO: [VRFC 10-2263] Analyzing Verilog file "/home/tim/project_1/project_1.srcs/sources_1/ipshared/xilinx.com/processing_system7_bfm_v2_0/e69044ca/hdl/processing_system7_bfm_v2_0_arb_hp0_1.v" into library xil_defaultlib
INFO: [VRFC 10-311] analyzing module processing_system7_bfm_v2_0_arb_hp0_1
INFO: [VRFC 10-2263] Analyzing Verilog file "/home/tim/project_1/project_1.srcs/sources_1/ipshared/xilinx.com/processing_system7_bfm_v2_0/e69044ca/hdl/processing_system7_bfm_v2_0_ssw_hp.v" into library xil_defaultlib
INFO: [VRFC 10-311] analyzing module processing_system7_bfm_v2_0_ssw_hp
INFO: [VRFC 10-2263] Analyzing Verilog file "/home/tim/project_1/project_1.srcs/sources_1/ipshared/xilinx.com/processing_system7_bfm_v2_0/e69044ca/hdl/processing_system7_bfm_v2_0_sparse_mem.v" into library xil_defaultlib
INFO: [VRFC 10-311] analyzing module processing_system7_bfm_v2_0_sparse_mem
INFO: [VRFC 10-2263] Analyzing Verilog file "/home/tim/project_1/project_1.srcs/sources_1/ipshared/xilinx.com/processing_system7_bfm_v2_0/e69044ca/hdl/processing_system7_bfm_v2_0_reg_map.v" into library xil_defaultlib
INFO: [VRFC 10-311] analyzing module processing_system7_bfm_v2_0_reg_map
INFO: [VRFC 10-2263] Analyzing Verilog file "/home/tim/project_1/project_1.srcs/sources_1/ipshared/xilinx.com/processing_system7_bfm_v2_0/e69044ca/hdl/processing_system7_bfm_v2_0_ocm_mem.v" into library xil_defaultlib
INFO: [VRFC 10-311] analyzing module processing_system7_bfm_v2_0_ocm_mem
INFO: [VRFC 10-2263] Analyzing Verilog file "/home/tim/project_1/project_1.srcs/sources_1/ipshared/xilinx.com/processing_system7_bfm_v2_0/e69044ca/hdl/processing_system7_bfm_v2_0_intr_wr_mem.v" into library xil_defaultlib
INFO: [VRFC 10-311] analyzing module processing_system7_bfm_v2_0_intr_wr_mem
INFO: [VRFC 10-2263] Analyzing Verilog file "/home/tim/project_1/project_1.srcs/sources_1/ipshared/xilinx.com/processing_system7_bfm_v2_0/e69044ca/hdl/processing_system7_bfm_v2_0_intr_rd_mem.v" into library xil_defaultlib
INFO: [VRFC 10-311] analyzing module processing_system7_bfm_v2_0_intr_rd_mem
INFO: [VRFC 10-2263] Analyzing Verilog file "/home/tim/project_1/project_1.srcs/sources_1/ipshared/xilinx.com/processing_system7_bfm_v2_0/e69044ca/hdl/processing_system7_bfm_v2_0_fmsw_gp.v" into library xil_defaultlib
INFO: [VRFC 10-311] analyzing module processing_system7_bfm_v2_0_fmsw_gp
INFO: [VRFC 10-2263] Analyzing Verilog file "/home/tim/project_1/project_1.srcs/sources_1/ipshared/xilinx.com/processing_system7_bfm_v2_0/e69044ca/hdl/processing_system7_bfm_v2_0_regc.v" into library xil_defaultlib
INFO: [VRFC 10-311] analyzing module processing_system7_bfm_v2_0_regc
INFO: [VRFC 10-2263] Analyzing Verilog file "/home/tim/project_1/project_1.srcs/sources_1/ipshared/xilinx.com/processing_system7_bfm_v2_0/e69044ca/hdl/processing_system7_bfm_v2_0_ocmc.v" into library xil_defaultlib
INFO: [VRFC 10-311] analyzing module processing_system7_bfm_v2_0_ocmc
INFO: [VRFC 10-2263] Analyzing Verilog file "/home/tim/project_1/project_1.srcs/sources_1/ipshared/xilinx.com/processing_system7_bfm_v2_0/e69044ca/hdl/processing_system7_bfm_v2_0_interconnect_model.v" into library xil_defaultlib
INFO: [VRFC 10-311] analyzing module processing_system7_bfm_v2_0_interconnect_model
INFO: [VRFC 10-2263] Analyzing Verilog file "/home/tim/project_1/project_1.srcs/sources_1/ipshared/xilinx.com/processing_system7_bfm_v2_0/e69044ca/hdl/processing_system7_bfm_v2_0_gen_reset.v" into library xil_defaultlib
INFO: [VRFC 10-311] analyzing module processing_system7_bfm_v2_0_gen_reset
INFO: [VRFC 10-2263] Analyzing Verilog file "/home/tim/project_1/project_1.srcs/sources_1/ipshared/xilinx.com/processing_system7_bfm_v2_0/e69044ca/hdl/processing_system7_bfm_v2_0_gen_clock.v" into library xil_defaultlib
INFO: [VRFC 10-311] analyzing module processing_system7_bfm_v2_0_gen_clock
INFO: [VRFC 10-2263] Analyzing Verilog file "/home/tim/project_1/project_1.srcs/sources_1/ipshared/xilinx.com/processing_system7_bfm_v2_0/e69044ca/hdl/processing_system7_bfm_v2_0_ddrc.v" into library xil_defaultlib
INFO: [VRFC 10-311] analyzing module processing_system7_bfm_v2_0_ddrc
INFO: [VRFC 10-2263] Analyzing Verilog file "/home/tim/project_1/project_1.srcs/sources_1/ipshared/xilinx.com/processing_system7_bfm_v2_0/e69044ca/hdl/processing_system7_bfm_v2_0_axi_slave.v" into library xil_defaultlib
INFO: [VRFC 10-311] analyzing module processing_system7_bfm_v2_0_axi_slave
INFO: [VRFC 10-2263] Analyzing Verilog file "/home/tim/project_1/project_1.srcs/sources_1/ipshared/xilinx.com/processing_system7_bfm_v2_0/e69044ca/hdl/processing_system7_bfm_v2_0_axi_master.v" into library xil_defaultlib
INFO: [VRFC 10-311] analyzing module processing_system7_bfm_v2_0_axi_master
INFO: [VRFC 10-2263] Analyzing Verilog file "/home/tim/project_1/project_1.srcs/sources_1/ipshared/xilinx.com/processing_system7_bfm_v2_0/e69044ca/hdl/processing_system7_bfm_v2_0_afi_slave.v" into library xil_defaultlib
INFO: [VRFC 10-311] analyzing module processing_system7_bfm_v2_0_afi_slave
INFO: [VRFC 10-2263] Analyzing Verilog file "/home/tim/project_1/project_1.srcs/sources_1/ipshared/xilinx.com/processing_system7_bfm_v2_0/e69044ca/hdl/processing_system7_bfm_v2_0_processing_system7_bfm.v" into library xil_defaultlib
INFO: [VRFC 10-311] analyzing module processing_system7_bfm_v2_0_processing_system7_bfm
INFO: [VRFC 10-2263] Analyzing Verilog file "/home/tim/project_1/project_1.srcs/sources_1/bd/design_1/ip/design_1_processing_system7_0_3/sim/design_1_processing_system7_0_3.v" into library xil_defaultlib
INFO: [VRFC 10-311] analyzing module design_1_processing_system7_0_3
INFO: [VRFC 10-2263] Analyzing Verilog file "/home/tim/project_1/project_1.srcs/sources_1/ipshared/xilinx.com/fifo_generator_v12_0/15467f24/simulation/fifo_generator_vlog_beh.v" into library fifo_generator_v12_0
INFO: [VRFC 10-311] analyzing module fifo_generator_vlog_beh
INFO: [VRFC 10-311] analyzing module FIFO_GENERATOR_v12_0_CONV_VER
INFO: [VRFC 10-311] analyzing module fifo_generator_v12_0_sync_stage
INFO: [VRFC 10-311] analyzing module fifo_generator_v12_0_bhv_ver_as
INFO: [VRFC 10-311] analyzing module fifo_generator_v12_0_beh_ver_ll_afifo
INFO: [VRFC 10-311] analyzing module fifo_generator_v12_0_bhv_ver_ss
INFO: [VRFC 10-311] analyzing module fifo_generator_v12_0_bhv_ver_preload0
INFO: [VRFC 10-311] analyzing module fifo_generator_v12_0_axic_reg_slice
INFO: [VRFC 10-2263] Analyzing Verilog file "/home/tim/project_1/project_1.srcs/sources_1/ipshared/xilinx.com/fifo_generator_v12_0/15467f24/hdl/fifo_generator_v12_0_rfs.v" into library fifo_generator_v12_0
INFO: [VRFC 10-311] analyzing module fifo_generator_v12_0
INFO: [VRFC 10-2263] Analyzing Verilog file "/home/tim/project_1/project_1.srcs/sources_1/ipshared/xilinx.com/blk_mem_gen_v8_2/834889ee/simulation/blk_mem_gen_v8_2.v" into library blk_mem_gen_v8_2
INFO: [VRFC 10-311] analyzing module STATE_LOGIC_v8_2
INFO: [VRFC 10-311] analyzing module beh_vlog_muxf7_v8_2
INFO: [VRFC 10-311] analyzing module beh_vlog_ff_clr_v8_2
INFO: [VRFC 10-311] analyzing module beh_vlog_ff_pre_v8_2
INFO: [VRFC 10-311] analyzing module beh_vlog_ff_ce_clr_v8_2
INFO: [VRFC 10-311] analyzing module write_netlist_v8_2
INFO: [VRFC 10-311] analyzing module read_netlist_v8_2
INFO: [VRFC 10-311] analyzing module blk_mem_axi_write_wrapper_beh_v8_2
INFO: [VRFC 10-311] analyzing module blk_mem_axi_read_wrapper_beh_v8_2
INFO: [VRFC 10-311] analyzing module blk_mem_axi_regs_fwd_v8_2
INFO: [VRFC 10-311] analyzing module BLK_MEM_GEN_v8_2_output_stage
INFO: [VRFC 10-311] analyzing module BLK_MEM_GEN_v8_2_softecc_output_reg_stage
INFO: [VRFC 10-311] analyzing module BLK_MEM_GEN_v8_2_mem_module
INFO: [VRFC 10-311] analyzing module blk_mem_gen_v8_2
INFO: [VRFC 10-2263] Analyzing Verilog file "/home/tim/project_1/project_1.srcs/sources_1/ipshared/xilinx.com/axi_vdma_v6_2/02703168/hdl/src/verilog/axi_vdma_v6_2_axis_infrastructure_v1_0_util_axis2vector.v" into library axi_vdma_v6_2
INFO: [VRFC 10-311] analyzing module axi_vdma_v6_2_axis_infrastructure_v1_0_util_axis2vector
INFO: [VRFC 10-2263] Analyzing Verilog file "/home/tim/project_1/project_1.srcs/sources_1/ipshared/xilinx.com/axi_vdma_v6_2/02703168/hdl/src/verilog/axi_vdma_v6_2_axis_infrastructure_v1_0_util_vector2axis.v" into library axi_vdma_v6_2
INFO: [VRFC 10-311] analyzing module axi_vdma_v6_2_axis_infrastructure_v1_0_util_vector2axis
INFO: [VRFC 10-2263] Analyzing Verilog file "/home/tim/project_1/project_1.srcs/sources_1/ipshared/xilinx.com/axi_vdma_v6_2/02703168/hdl/src/verilog/axi_vdma_v6_2_axis_register_slice_v1_0_axisc_register_slice.v" into library axi_vdma_v6_2
INFO: [VRFC 10-311] analyzing module axi_vdma_v6_2_axis_register_slice_v1_0_axisc_register_slice
INFO: [VRFC 10-2263] Analyzing Verilog file "/home/tim/project_1/project_1.srcs/sources_1/ipshared/xilinx.com/axi_vdma_v6_2/02703168/hdl/src/verilog/axi_vdma_v6_2_axis_register_slice_v1_0_axis_register_slice.v" into library axi_vdma_v6_2
INFO: [VRFC 10-311] analyzing module axi_vdma_v6_2_axis_register_slice_v1_0_axis_register_slice
INFO: [VRFC 10-2263] Analyzing Verilog file "/home/tim/project_1/project_1.srcs/sources_1/ipshared/xilinx.com/axi_vdma_v6_2/02703168/hdl/src/verilog/axi_vdma_v6_2_axis_dwidth_converter_v1_0_axisc_upsizer.v" into library axi_vdma_v6_2
INFO: [VRFC 10-311] analyzing module axi_vdma_v6_2_axis_dwidth_converter_v1_0_axisc_upsizer
INFO: [VRFC 10-2263] Analyzing Verilog file "/home/tim/project_1/project_1.srcs/sources_1/ipshared/xilinx.com/axi_vdma_v6_2/02703168/hdl/src/verilog/axi_vdma_v6_2_axis_dwidth_converter_v1_0_axisc_downsizer.v" into library axi_vdma_v6_2
INFO: [VRFC 10-311] analyzing module axi_vdma_v6_2_axis_dwidth_converter_v1_0_axisc_downsizer
INFO: [VRFC 10-2263] Analyzing Verilog file "/home/tim/project_1/project_1.srcs/sources_1/ipshared/xilinx.com/axi_vdma_v6_2/02703168/hdl/src/verilog/axi_vdma_v6_2_axis_dwidth_converter_v1_0_axis_dwidth_converter.v" into library axi_vdma_v6_2
INFO: [VRFC 10-311] analyzing module axi_vdma_v6_2_axis_dwidth_converter_v1_0_axis_dwidth_converter
INFO: [VRFC 10-2263] Analyzing Verilog file "/home/tim/project_1/project_1.srcs/sources_1/ipshared/xilinx.com/generic_baseblocks_v2_1/da89d453/hdl/verilog/generic_baseblocks_v2_1_carry_and.v" into library generic_baseblocks_v2_1
INFO: [VRFC 10-311] analyzing module generic_baseblocks_v2_1_carry_and
INFO: [VRFC 10-2263] Analyzing Verilog file "/home/tim/project_1/project_1.srcs/sources_1/ipshared/xilinx.com/generic_baseblocks_v2_1/da89d453/hdl/verilog/generic_baseblocks_v2_1_carry_latch_and.v" into library generic_baseblocks_v2_1
INFO: [VRFC 10-311] analyzing module generic_baseblocks_v2_1_carry_latch_and
INFO: [VRFC 10-2263] Analyzing Verilog file "/home/tim/project_1/project_1.srcs/sources_1/ipshared/xilinx.com/generic_baseblocks_v2_1/da89d453/hdl/verilog/generic_baseblocks_v2_1_carry_latch_or.v" into library generic_baseblocks_v2_1
INFO: [VRFC 10-311] analyzing module generic_baseblocks_v2_1_carry_latch_or
INFO: [VRFC 10-2263] Analyzing Verilog file "/home/tim/project_1/project_1.srcs/sources_1/ipshared/xilinx.com/generic_baseblocks_v2_1/da89d453/hdl/verilog/generic_baseblocks_v2_1_carry_or.v" into library generic_baseblocks_v2_1
INFO: [VRFC 10-311] analyzing module generic_baseblocks_v2_1_carry_or
INFO: [VRFC 10-2263] Analyzing Verilog file "/home/tim/project_1/project_1.srcs/sources_1/ipshared/xilinx.com/generic_baseblocks_v2_1/da89d453/hdl/verilog/generic_baseblocks_v2_1_carry.v" into library generic_baseblocks_v2_1
INFO: [VRFC 10-311] analyzing module generic_baseblocks_v2_1_carry
INFO: [VRFC 10-2263] Analyzing Verilog file "/home/tim/project_1/project_1.srcs/sources_1/ipshared/xilinx.com/generic_baseblocks_v2_1/da89d453/hdl/verilog/generic_baseblocks_v2_1_command_fifo.v" into library generic_baseblocks_v2_1
INFO: [VRFC 10-311] analyzing module generic_baseblocks_v2_1_command_fifo
INFO: [VRFC 10-2263] Analyzing Verilog file "/home/tim/project_1/project_1.srcs/sources_1/ipshared/xilinx.com/generic_baseblocks_v2_1/da89d453/hdl/verilog/generic_baseblocks_v2_1_comparator_mask_static.v" into library generic_baseblocks_v2_1
INFO: [VRFC 10-311] analyzing module generic_baseblocks_v2_1_comparator_mask_static
INFO: [VRFC 10-2263] Analyzing Verilog file "/home/tim/project_1/project_1.srcs/sources_1/ipshared/xilinx.com/generic_baseblocks_v2_1/da89d453/hdl/verilog/generic_baseblocks_v2_1_comparator_mask.v" into library generic_baseblocks_v2_1
INFO: [VRFC 10-311] analyzing module generic_baseblocks_v2_1_comparator_mask
INFO: [VRFC 10-2263] Analyzing Verilog file "/home/tim/project_1/project_1.srcs/sources_1/ipshared/xilinx.com/generic_baseblocks_v2_1/da89d453/hdl/verilog/generic_baseblocks_v2_1_comparator_sel_mask_static.v" into library generic_baseblocks_v2_1
INFO: [VRFC 10-311] analyzing module generic_baseblocks_v2_1_comparator_sel_mask_static
INFO: [VRFC 10-2263] Analyzing Verilog file "/home/tim/project_1/project_1.srcs/sources_1/ipshared/xilinx.com/generic_baseblocks_v2_1/da89d453/hdl/verilog/generic_baseblocks_v2_1_comparator_sel_mask.v" into library generic_baseblocks_v2_1
INFO: [VRFC 10-311] analyzing module generic_baseblocks_v2_1_comparator_sel_mask
INFO: [VRFC 10-2263] Analyzing Verilog file "/home/tim/project_1/project_1.srcs/sources_1/ipshared/xilinx.com/generic_baseblocks_v2_1/da89d453/hdl/verilog/generic_baseblocks_v2_1_comparator_sel_static.v" into library generic_baseblocks_v2_1
INFO: [VRFC 10-311] analyzing module generic_baseblocks_v2_1_comparator_sel_static
INFO: [VRFC 10-2263] Analyzing Verilog file "/home/tim/project_1/project_1.srcs/sources_1/ipshared/xilinx.com/generic_baseblocks_v2_1/da89d453/hdl/verilog/generic_baseblocks_v2_1_comparator_sel.v" into library generic_baseblocks_v2_1
INFO: [VRFC 10-311] analyzing module generic_baseblocks_v2_1_comparator_sel
INFO: [VRFC 10-2263] Analyzing Verilog file "/home/tim/project_1/project_1.srcs/sources_1/ipshared/xilinx.com/generic_baseblocks_v2_1/da89d453/hdl/verilog/generic_baseblocks_v2_1_comparator_static.v" into library generic_baseblocks_v2_1
INFO: [VRFC 10-311] analyzing module generic_baseblocks_v2_1_comparator_static
INFO: [VRFC 10-2263] Analyzing Verilog file "/home/tim/project_1/project_1.srcs/sources_1/ipshared/xilinx.com/generic_baseblocks_v2_1/da89d453/hdl/verilog/generic_baseblocks_v2_1_comparator.v" into library generic_baseblocks_v2_1
INFO: [VRFC 10-311] analyzing module generic_baseblocks_v2_1_comparator
INFO: [VRFC 10-2263] Analyzing Verilog file "/home/tim/project_1/project_1.srcs/sources_1/ipshared/xilinx.com/generic_baseblocks_v2_1/da89d453/hdl/verilog/generic_baseblocks_v2_1_mux_enc.v" into library generic_baseblocks_v2_1
INFO: [VRFC 10-311] analyzing module generic_baseblocks_v2_1_mux_enc
INFO: [VRFC 10-2263] Analyzing Verilog file "/home/tim/project_1/project_1.srcs/sources_1/ipshared/xilinx.com/generic_baseblocks_v2_1/da89d453/hdl/verilog/generic_baseblocks_v2_1_mux.v" into library generic_baseblocks_v2_1
INFO: [VRFC 10-311] analyzing module generic_baseblocks_v2_1_mux
INFO: [VRFC 10-2263] Analyzing Verilog file "/home/tim/project_1/project_1.srcs/sources_1/ipshared/xilinx.com/generic_baseblocks_v2_1/da89d453/hdl/verilog/generic_baseblocks_v2_1_nto1_mux.v" into library generic_baseblocks_v2_1
INFO: [VRFC 10-311] analyzing module generic_baseblocks_v2_1_nto1_mux
INFO: [VRFC 10-2263] Analyzing Verilog file "/home/tim/project_1/project_1.srcs/sources_1/ipshared/xilinx.com/axi_infrastructure_v1_1/cf21a66f/hdl/verilog/axi_infrastructure_v1_1_axi2vector.v" into library axi_infrastructure_v1_1
INFO: [VRFC 10-311] analyzing module axi_infrastructure_v1_1_axi2vector
INFO: [VRFC 10-2263] Analyzing Verilog file "/home/tim/project_1/project_1.srcs/sources_1/ipshared/xilinx.com/axi_infrastructure_v1_1/cf21a66f/hdl/verilog/axi_infrastructure_v1_1_axic_srl_fifo.v" into library axi_infrastructure_v1_1
INFO: [VRFC 10-311] analyzing module axi_infrastructure_v1_1_axic_srl_fifo
INFO: [VRFC 10-2263] Analyzing Verilog file "/home/tim/project_1/project_1.srcs/sources_1/ipshared/xilinx.com/axi_infrastructure_v1_1/cf21a66f/hdl/verilog/axi_infrastructure_v1_1_vector2axi.v" into library axi_infrastructure_v1_1
INFO: [VRFC 10-311] analyzing module axi_infrastructure_v1_1_vector2axi
INFO: [VRFC 10-2263] Analyzing Verilog file "/home/tim/project_1/project_1.srcs/sources_1/ipshared/xilinx.com/axi_register_slice_v2_1/03a8e0ba/hdl/verilog/axi_register_slice_v2_1_axic_register_slice.v" into library axi_register_slice_v2_1
INFO: [VRFC 10-311] analyzing module axi_register_slice_v2_1_axic_register_slice
INFO: [VRFC 10-2263] Analyzing Verilog file "/home/tim/project_1/project_1.srcs/sources_1/ipshared/xilinx.com/axi_register_slice_v2_1/03a8e0ba/hdl/verilog/axi_register_slice_v2_1_axi_register_slice.v" into library axi_register_slice_v2_1
INFO: [VRFC 10-311] analyzing module axi_register_slice_v2_1_axi_register_slice
INFO: [VRFC 10-2263] Analyzing Verilog file "/home/tim/project_1/project_1.srcs/sources_1/ipshared/xilinx.com/axi_data_fifo_v2_1/82d298e6/hdl/verilog/axi_data_fifo_v2_1_axic_fifo.v" into library axi_data_fifo_v2_1
INFO: [VRFC 10-311] analyzing module axi_data_fifo_v2_1_axic_fifo
INFO: [VRFC 10-2263] Analyzing Verilog file "/home/tim/project_1/project_1.srcs/sources_1/ipshared/xilinx.com/axi_data_fifo_v2_1/82d298e6/hdl/verilog/axi_data_fifo_v2_1_fifo_gen.v" into library axi_data_fifo_v2_1
INFO: [VRFC 10-311] analyzing module axi_data_fifo_v2_1_fifo_gen
INFO: [VRFC 10-2263] Analyzing Verilog file "/home/tim/project_1/project_1.srcs/sources_1/ipshared/xilinx.com/axi_data_fifo_v2_1/82d298e6/hdl/verilog/axi_data_fifo_v2_1_axic_srl_fifo.v" into library axi_data_fifo_v2_1
INFO: [VRFC 10-311] analyzing module axi_data_fifo_v2_1_axic_srl_fifo
INFO: [VRFC 10-2263] Analyzing Verilog file "/home/tim/project_1/project_1.srcs/sources_1/ipshared/xilinx.com/axi_data_fifo_v2_1/82d298e6/hdl/verilog/axi_data_fifo_v2_1_axic_reg_srl_fifo.v" into library axi_data_fifo_v2_1
INFO: [VRFC 10-311] analyzing module axi_data_fifo_v2_1_axic_reg_srl_fifo
INFO: [VRFC 10-2263] Analyzing Verilog file "/home/tim/project_1/project_1.srcs/sources_1/ipshared/xilinx.com/axi_data_fifo_v2_1/82d298e6/hdl/verilog/axi_data_fifo_v2_1_ndeep_srl.v" into library axi_data_fifo_v2_1
INFO: [VRFC 10-311] analyzing module axi_data_fifo_v2_1_ndeep_srl
INFO: [VRFC 10-2263] Analyzing Verilog file "/home/tim/project_1/project_1.srcs/sources_1/ipshared/xilinx.com/axi_data_fifo_v2_1/82d298e6/hdl/verilog/axi_data_fifo_v2_1_axi_data_fifo.v" into library axi_data_fifo_v2_1
INFO: [VRFC 10-311] analyzing module axi_data_fifo_v2_1_axi_data_fifo
INFO: [VRFC 10-2263] Analyzing Verilog file "/home/tim/project_1/project_1.srcs/sources_1/ipshared/xilinx.com/axi_crossbar_v2_1/9368eebf/hdl/verilog/axi_crossbar_v2_1_addr_arbiter_sasd.v" into library axi_crossbar_v2_1
INFO: [VRFC 10-311] analyzing module axi_crossbar_v2_1_addr_arbiter_sasd
INFO: [VRFC 10-2263] Analyzing Verilog file "/home/tim/project_1/project_1.srcs/sources_1/ipshared/xilinx.com/axi_crossbar_v2_1/9368eebf/hdl/verilog/axi_crossbar_v2_1_addr_arbiter.v" into library axi_crossbar_v2_1
INFO: [VRFC 10-311] analyzing module axi_crossbar_v2_1_addr_arbiter
INFO: [VRFC 10-2263] Analyzing Verilog file "/home/tim/project_1/project_1.srcs/sources_1/ipshared/xilinx.com/axi_crossbar_v2_1/9368eebf/hdl/verilog/axi_crossbar_v2_1_addr_decoder.v" into library axi_crossbar_v2_1
INFO: [VRFC 10-311] analyzing module axi_crossbar_v2_1_addr_decoder
INFO: [VRFC 10-2263] Analyzing Verilog file "/home/tim/project_1/project_1.srcs/sources_1/ipshared/xilinx.com/axi_crossbar_v2_1/9368eebf/hdl/verilog/axi_crossbar_v2_1_arbiter_resp.v" into library axi_crossbar_v2_1
INFO: [VRFC 10-311] analyzing module axi_crossbar_v2_1_arbiter_resp
INFO: [VRFC 10-2263] Analyzing Verilog file "/home/tim/project_1/project_1.srcs/sources_1/ipshared/xilinx.com/axi_crossbar_v2_1/9368eebf/hdl/verilog/axi_crossbar_v2_1_crossbar_sasd.v" into library axi_crossbar_v2_1
INFO: [VRFC 10-311] analyzing module axi_crossbar_v2_1_crossbar_sasd
INFO: [VRFC 10-2263] Analyzing Verilog file "/home/tim/project_1/project_1.srcs/sources_1/ipshared/xilinx.com/axi_crossbar_v2_1/9368eebf/hdl/verilog/axi_crossbar_v2_1_crossbar.v" into library axi_crossbar_v2_1
INFO: [VRFC 10-311] analyzing module axi_crossbar_v2_1_crossbar
INFO: [VRFC 10-2263] Analyzing Verilog file "/home/tim/project_1/project_1.srcs/sources_1/ipshared/xilinx.com/axi_crossbar_v2_1/9368eebf/hdl/verilog/axi_crossbar_v2_1_decerr_slave.v" into library axi_crossbar_v2_1
INFO: [VRFC 10-311] analyzing module axi_crossbar_v2_1_decerr_slave
INFO: [VRFC 10-2263] Analyzing Verilog file "/home/tim/project_1/project_1.srcs/sources_1/ipshared/xilinx.com/axi_crossbar_v2_1/9368eebf/hdl/verilog/axi_crossbar_v2_1_si_transactor.v" into library axi_crossbar_v2_1
INFO: [VRFC 10-311] analyzing module axi_crossbar_v2_1_si_transactor
INFO: [VRFC 10-2263] Analyzing Verilog file "/home/tim/project_1/project_1.srcs/sources_1/ipshared/xilinx.com/axi_crossbar_v2_1/9368eebf/hdl/verilog/axi_crossbar_v2_1_splitter.v" into library axi_crossbar_v2_1
INFO: [VRFC 10-311] analyzing module axi_crossbar_v2_1_splitter
INFO: [VRFC 10-2263] Analyzing Verilog file "/home/tim/project_1/project_1.srcs/sources_1/ipshared/xilinx.com/axi_crossbar_v2_1/9368eebf/hdl/verilog/axi_crossbar_v2_1_wdata_mux.v" into library axi_crossbar_v2_1
INFO: [VRFC 10-311] analyzing module axi_crossbar_v2_1_wdata_mux
INFO: [VRFC 10-2263] Analyzing Verilog file "/home/tim/project_1/project_1.srcs/sources_1/ipshared/xilinx.com/axi_crossbar_v2_1/9368eebf/hdl/verilog/axi_crossbar_v2_1_wdata_router.v" into library axi_crossbar_v2_1
INFO: [VRFC 10-311] analyzing module axi_crossbar_v2_1_wdata_router
INFO: [VRFC 10-2263] Analyzing Verilog file "/home/tim/project_1/project_1.srcs/sources_1/ipshared/xilinx.com/axi_crossbar_v2_1/9368eebf/hdl/verilog/axi_crossbar_v2_1_axi_crossbar.v" into library axi_crossbar_v2_1
INFO: [VRFC 10-311] analyzing module axi_crossbar_v2_1_axi_crossbar
INFO: [VRFC 10-2263] Analyzing Verilog file "/home/tim/project_1/project_1.srcs/sources_1/bd/design_1/ip/design_1_xbar_7/sim/design_1_xbar_7.v" into library xil_defaultlib
INFO: [VRFC 10-311] analyzing module design_1_xbar_7
INFO: [VRFC 10-2263] Analyzing Verilog file "/home/tim/project_1/project_1.srcs/sources_1/bd/design_1/ip/design_1_xbar_8/sim/design_1_xbar_8.v" into library xil_defaultlib
INFO: [VRFC 10-311] analyzing module design_1_xbar_8
INFO: [VRFC 10-2263] Analyzing Verilog file "/home/tim/project_1/project_1.srcs/sources_1/ipshared/xilinx.com/xlconstant_v1_1/36911fd5/xlconstant.v" into library xil_defaultlib
INFO: [VRFC 10-311] analyzing module xlconstant
INFO: [VRFC 10-2263] Analyzing Verilog file "/home/tim/project_1/project_1.srcs/sources_1/bd/design_1/ip/design_1_xlconstant_0_0/sim/design_1_xlconstant_0_0.v" into library xil_defaultlib
INFO: [VRFC 10-311] analyzing module design_1_xlconstant_0_0
INFO: [VRFC 10-2263] Analyzing Verilog file "/home/tim/project_1/project_1.srcs/sources_1/ipshared/xilinx.com/image_filter_v1_0/5bcb0bb2/hdl/verilog/image_filter_AXIvideo2Mat_32_480_640_5_s.v" into library xil_defaultlib
INFO: [VRFC 10-311] analyzing module image_filter_AXIvideo2Mat_32_480_640_5_s
INFO: [VRFC 10-2263] Analyzing Verilog file "/home/tim/project_1/project_1.srcs/sources_1/ipshared/xilinx.com/image_filter_v1_0/5bcb0bb2/hdl/verilog/image_filter_Loop_1_proc.v" into library xil_defaultlib
INFO: [VRFC 10-311] analyzing module image_filter_Loop_1_proc
INFO: [VRFC 10-2263] Analyzing Verilog file "/home/tim/project_1/project_1.srcs/sources_1/ipshared/xilinx.com/image_filter_v1_0/5bcb0bb2/hdl/verilog/image_filter.v" into library xil_defaultlib
INFO: [VRFC 10-311] analyzing module image_filter
INFO: [VRFC 10-2263] Analyzing Verilog file "/home/tim/project_1/project_1.srcs/sources_1/ipshared/xilinx.com/image_filter_v1_0/5bcb0bb2/hdl/verilog/image_filter_mul_20s_64ns_84_6.v" into library xil_defaultlib
INFO: [VRFC 10-311] analyzing module image_filter_mul_20s_64ns_84_6_MulnS_0
INFO: [VRFC 10-311] analyzing module image_filter_mul_20s_64ns_84_6
INFO: [VRFC 10-2263] Analyzing Verilog file "/home/tim/project_1/project_1.srcs/sources_1/ipshared/xilinx.com/image_filter_v1_0/5bcb0bb2/hdl/verilog/image_filter_Resize_Test.v" into library xil_defaultlib
INFO: [VRFC 10-311] analyzing module image_filter_Resize_Test
INFO: [VRFC 10-2263] Analyzing Verilog file "/home/tim/project_1/project_1.srcs/sources_1/ipshared/xilinx.com/image_filter_v1_0/5bcb0bb2/hdl/verilog/image_filter_sqrtf1.v" into library xil_defaultlib
INFO: [VRFC 10-311] analyzing module image_filter_sqrtf1
INFO: [VRFC 10-2263] Analyzing Verilog file "/home/tim/project_1/project_1.srcs/sources_1/ipshared/xilinx.com/image_filter_v1_0/5bcb0bb2/hdl/verilog/image_filter_Block_proc1.v" into library xil_defaultlib
INFO: [VRFC 10-311] analyzing module image_filter_Block_proc1
INFO: [VRFC 10-2263] Analyzing Verilog file "/home/tim/project_1/project_1.srcs/sources_1/ipshared/xilinx.com/image_filter_v1_0/5bcb0bb2/hdl/verilog/image_filter_udiv_44ns_28ns_44_48_seq.v" into library xil_defaultlib
INFO: [VRFC 10-311] analyzing module image_filter_udiv_44ns_28ns_44_48_seq_div_u
INFO: [VRFC 10-311] analyzing module image_filter_udiv_44ns_28ns_44_48_seq_div
INFO: [VRFC 10-311] analyzing module image_filter_udiv_44ns_28ns_44_48_seq
INFO: [VRFC 10-2263] Analyzing Verilog file "/home/tim/project_1/project_1.srcs/sources_1/ipshared/xilinx.com/image_filter_v1_0/5bcb0bb2/hdl/verilog/image_filter_fpext_32ns_64_1.v" into library xil_defaultlib
INFO: [VRFC 10-311] analyzing module image_filter_fpext_32ns_64_1
INFO: [VRFC 10-2263] Analyzing Verilog file "/home/tim/project_1/project_1.srcs/sources_1/ipshared/xilinx.com/image_filter_v1_0/5bcb0bb2/hdl/verilog/FIFO_image_filter_img_0_2_data_stream_0_V.v" into library xil_defaultlib
INFO: [VRFC 10-311] analyzing module FIFO_image_filter_img_0_2_data_stream_0_V
INFO: [VRFC 10-2263] Analyzing Verilog file "/home/tim/project_1/project_1.srcs/sources_1/ipshared/xilinx.com/image_filter_v1_0/5bcb0bb2/hdl/verilog/image_filter_AXIvideo2Mat_32_480_640_5_1.v" into library xil_defaultlib
INFO: [VRFC 10-311] analyzing module image_filter_AXIvideo2Mat_32_480_640_5_1
INFO: [VRFC 10-2263] Analyzing Verilog file "/home/tim/project_1/project_1.srcs/sources_1/ipshared/xilinx.com/image_filter_v1_0/5bcb0bb2/hdl/verilog/FIFO_image_filter_tmp_loc_channel.v" into library xil_defaultlib
INFO: [VRFC 10-311] analyzing module FIFO_image_filter_tmp_loc_channel_shiftReg
INFO: [VRFC 10-311] analyzing module FIFO_image_filter_tmp_loc_channel
INFO: [VRFC 10-2263] Analyzing Verilog file "/home/tim/project_1/project_1.srcs/sources_1/ipshared/xilinx.com/image_filter_v1_0/5bcb0bb2/hdl/verilog/FIFO_image_filter_img_0_1_cols_V_channel.v" into library xil_defaultlib
INFO: [VRFC 10-311] analyzing module FIFO_image_filter_img_0_1_cols_V_channel_shiftReg
INFO: [VRFC 10-311] analyzing module FIFO_image_filter_img_0_1_cols_V_channel
INFO: [VRFC 10-2263] Analyzing Verilog file "/home/tim/project_1/project_1.srcs/sources_1/ipshared/xilinx.com/image_filter_v1_0/5bcb0bb2/hdl/verilog/FIFO_image_filter_img_resized_cols_V_channel1.v" into library xil_defaultlib
INFO: [VRFC 10-311] analyzing module FIFO_image_filter_img_resized_cols_V_channel1_shiftReg
INFO: [VRFC 10-311] analyzing module FIFO_image_filter_img_resized_cols_V_channel1
INFO: [VRFC 10-2263] Analyzing Verilog file "/home/tim/project_1/project_1.srcs/sources_1/ipshared/xilinx.com/image_filter_v1_0/5bcb0bb2/hdl/verilog/FIFO_image_filter_img_0_1_data_stream_0_V.v" into library xil_defaultlib
INFO: [VRFC 10-311] analyzing module FIFO_image_filter_img_0_1_data_stream_0_V
INFO: [VRFC 10-2263] Analyzing Verilog file "/home/tim/project_1/project_1.srcs/sources_1/ipshared/xilinx.com/image_filter_v1_0/5bcb0bb2/hdl/verilog/FIFO_image_filter_img_resized_rows_V_channel1.v" into library xil_defaultlib
INFO: [VRFC 10-311] analyzing module FIFO_image_filter_img_resized_rows_V_channel1_shiftReg
INFO: [VRFC 10-311] analyzing module FIFO_image_filter_img_resized_rows_V_channel1
INFO: [VRFC 10-2263] Analyzing Verilog file "/home/tim/project_1/project_1.srcs/sources_1/ipshared/xilinx.com/image_filter_v1_0/5bcb0bb2/hdl/verilog/FIFO_image_filter_img_0_1_rows_V_channel.v" into library xil_defaultlib
INFO: [VRFC 10-311] analyzing module FIFO_image_filter_img_0_1_rows_V_channel_shiftReg
INFO: [VRFC 10-311] analyzing module FIFO_image_filter_img_0_1_rows_V_channel
INFO: [VRFC 10-2263] Analyzing Verilog file "/home/tim/project_1/project_1.srcs/sources_1/ipshared/xilinx.com/image_filter_v1_0/5bcb0bb2/hdl/verilog/image_filter_Resize_Test_k_buf_val_val_0_0.v" into library xil_defaultlib
INFO: [VRFC 10-311] analyzing module image_filter_Resize_Test_k_buf_val_val_0_0_ram
INFO: [VRFC 10-311] analyzing module image_filter_Resize_Test_k_buf_val_val_0_0
INFO: [VRFC 10-2263] Analyzing Verilog file "/home/tim/project_1/project_1.srcs/sources_1/ipshared/xilinx.com/image_filter_v1_0/5bcb0bb2/hdl/verilog/FIFO_image_filter_img_resized_cols_V_channel.v" into library xil_defaultlib
INFO: [VRFC 10-311] analyzing module FIFO_image_filter_img_resized_cols_V_channel_shiftReg
INFO: [VRFC 10-311] analyzing module FIFO_image_filter_img_resized_cols_V_channel
INFO: [VRFC 10-2263] Analyzing Verilog file "/home/tim/project_1/project_1.srcs/sources_1/ipshared/xilinx.com/image_filter_v1_0/5bcb0bb2/hdl/verilog/image_filter_Block_Mat_exit2024_proc.v" into library xil_defaultlib
INFO: [VRFC 10-311] analyzing module image_filter_Block_Mat_exit2024_proc
INFO: [VRFC 10-2263] Analyzing Verilog file "/home/tim/project_1/project_1.srcs/sources_1/ipshared/xilinx.com/image_filter_v1_0/5bcb0bb2/hdl/verilog/FIFO_image_filter_img_resized_data_stream_0_V.v" into library xil_defaultlib
INFO: [VRFC 10-311] analyzing module FIFO_image_filter_img_resized_data_stream_0_V
INFO: [VRFC 10-2263] Analyzing Verilog file "/home/tim/project_1/project_1.srcs/sources_1/ipshared/xilinx.com/image_filter_v1_0/5bcb0bb2/hdl/verilog/FIFO_image_filter_img_0_1_rows_V_channel1.v" into library xil_defaultlib
INFO: [VRFC 10-311] analyzing module FIFO_image_filter_img_0_1_rows_V_channel1_shiftReg
INFO: [VRFC 10-311] analyzing module FIFO_image_filter_img_0_1_rows_V_channel1
INFO: [VRFC 10-2263] Analyzing Verilog file "/home/tim/project_1/project_1.srcs/sources_1/ipshared/xilinx.com/image_filter_v1_0/5bcb0bb2/hdl/verilog/image_filter_control_bus_s_axi.v" into library xil_defaultlib
INFO: [VRFC 10-311] analyzing module image_filter_control_bus_s_axi
INFO: [VRFC 10-2263] Analyzing Verilog file "/home/tim/project_1/project_1.srcs/sources_1/ipshared/xilinx.com/image_filter_v1_0/5bcb0bb2/hdl/verilog/image_filter_mul_32s_13s_32_3.v" into library xil_defaultlib
INFO: [VRFC 10-311] analyzing module image_filter_mul_32s_13s_32_3_Mul3S_0
INFO: [VRFC 10-311] analyzing module image_filter_mul_32s_13s_32_3
INFO: [VRFC 10-2263] Analyzing Verilog file "/home/tim/project_1/project_1.srcs/sources_1/ipshared/xilinx.com/image_filter_v1_0/5bcb0bb2/hdl/verilog/FIFO_image_filter_img_0_1_cols_V_channel1.v" into library xil_defaultlib
INFO: [VRFC 10-311] analyzing module FIFO_image_filter_img_0_1_cols_V_channel1_shiftReg
INFO: [VRFC 10-311] analyzing module FIFO_image_filter_img_0_1_cols_V_channel1
INFO: [VRFC 10-2263] Analyzing Verilog file "/home/tim/project_1/project_1.srcs/sources_1/ipshared/xilinx.com/image_filter_v1_0/5bcb0bb2/hdl/verilog/image_filter_mul_20s_84s_103_7.v" into library xil_defaultlib
INFO: [VRFC 10-311] analyzing module image_filter_mul_20s_84s_103_7_MulnS_1
INFO: [VRFC 10-311] analyzing module image_filter_mul_20s_84s_103_7
INFO: [VRFC 10-2263] Analyzing Verilog file "/home/tim/project_1/project_1.srcs/sources_1/ipshared/xilinx.com/image_filter_v1_0/5bcb0bb2/hdl/verilog/image_filter_fsqrt_32ns_32ns_32_12.v" into library xil_defaultlib
INFO: [VRFC 10-311] analyzing module image_filter_fsqrt_32ns_32ns_32_12
INFO: [VRFC 10-2263] Analyzing Verilog file "/home/tim/project_1/project_1.srcs/sources_1/ipshared/xilinx.com/image_filter_v1_0/5bcb0bb2/hdl/verilog/image_filter_fsub_32ns_32ns_32_5_full_dsp.v" into library xil_defaultlib
INFO: [VRFC 10-311] analyzing module image_filter_fsub_32ns_32ns_32_5_full_dsp
INFO: [VRFC 10-2263] Analyzing Verilog file "/home/tim/project_1/project_1.srcs/sources_1/ipshared/xilinx.com/image_filter_v1_0/5bcb0bb2/hdl/verilog/image_filter_fmul_32ns_32ns_32_4_max_dsp.v" into library xil_defaultlib
INFO: [VRFC 10-311] analyzing module image_filter_fmul_32ns_32ns_32_4_max_dsp
INFO: [VRFC 10-2263] Analyzing Verilog file "/home/tim/project_1/project_1.srcs/sources_1/ipshared/xilinx.com/image_filter_v1_0/5bcb0bb2/hdl/verilog/FIFO_image_filter_p_0_i_i_loc_channel.v" into library xil_defaultlib
INFO: [VRFC 10-311] analyzing module FIFO_image_filter_p_0_i_i_loc_channel_shiftReg
INFO: [VRFC 10-311] analyzing module FIFO_image_filter_p_0_i_i_loc_channel
INFO: [VRFC 10-2263] Analyzing Verilog file "/home/tim/project_1/project_1.srcs/sources_1/ipshared/xilinx.com/image_filter_v1_0/5bcb0bb2/hdl/verilog/image_filter_udiv_29ns_32s_32_33.v" into library xil_defaultlib
INFO: [VRFC 10-311] analyzing module image_filter_udiv_29ns_32s_32_33_div_u
INFO: [VRFC 10-311] analyzing module image_filter_udiv_29ns_32s_32_33_div
INFO: [VRFC 10-311] analyzing module image_filter_udiv_29ns_32s_32_33
INFO: [VRFC 10-2263] Analyzing Verilog file "/home/tim/project_1/project_1.srcs/sources_1/ipshared/xilinx.com/image_filter_v1_0/5bcb0bb2/hdl/verilog/FIFO_image_filter_img_0_2_cols_V_channel.v" into library xil_defaultlib
INFO: [VRFC 10-311] analyzing module FIFO_image_filter_img_0_2_cols_V_channel_shiftReg
INFO: [VRFC 10-311] analyzing module FIFO_image_filter_img_0_2_cols_V_channel
INFO: [VRFC 10-2263] Analyzing Verilog file "/home/tim/project_1/project_1.srcs/sources_1/ipshared/xilinx.com/image_filter_v1_0/5bcb0bb2/hdl/verilog/FIFO_image_filter_img_resized_rows_V_channel.v" into library xil_defaultlib
INFO: [VRFC 10-311] analyzing module FIFO_image_filter_img_resized_rows_V_channel_shiftReg
INFO: [VRFC 10-311] analyzing module FIFO_image_filter_img_resized_rows_V_channel
INFO: [VRFC 10-2263] Analyzing Verilog file "/home/tim/project_1/project_1.srcs/sources_1/ipshared/xilinx.com/image_filter_v1_0/5bcb0bb2/hdl/verilog/image_filter_sitofp_64ns_32_6.v" into library xil_defaultlib
INFO: [VRFC 10-311] analyzing module image_filter_sitofp_64ns_32_6
INFO: [VRFC 10-2263] Analyzing Verilog file "/home/tim/project_1/project_1.srcs/sources_1/ipshared/xilinx.com/image_filter_v1_0/5bcb0bb2/hdl/verilog/FIFO_image_filter_img_0_2_rows_V_channel.v" into library xil_defaultlib
INFO: [VRFC 10-311] analyzing module FIFO_image_filter_img_0_2_rows_V_channel_shiftReg
INFO: [VRFC 10-311] analyzing module FIFO_image_filter_img_0_2_rows_V_channel
INFO: [VRFC 10-2263] Analyzing Verilog file "/home/tim/project_1/project_1.srcs/sources_1/ipshared/xilinx.com/axi_protocol_converter_v2_1/017861a2/hdl/verilog/axi_protocol_converter_v2_1_a_axi3_conv.v" into library axi_protocol_converter_v2_1
INFO: [VRFC 10-311] analyzing module axi_protocol_converter_v2_1_a_axi3_conv
INFO: [VRFC 10-2263] Analyzing Verilog file "/home/tim/project_1/project_1.srcs/sources_1/ipshared/xilinx.com/axi_protocol_converter_v2_1/017861a2/hdl/verilog/axi_protocol_converter_v2_1_axi3_conv.v" into library axi_protocol_converter_v2_1
INFO: [VRFC 10-311] analyzing module axi_protocol_converter_v2_1_axi3_conv
INFO: [VRFC 10-2263] Analyzing Verilog file "/home/tim/project_1/project_1.srcs/sources_1/ipshared/xilinx.com/axi_protocol_converter_v2_1/017861a2/hdl/verilog/axi_protocol_converter_v2_1_axilite_conv.v" into library axi_protocol_converter_v2_1
INFO: [VRFC 10-311] analyzing module axi_protocol_converter_v2_1_axilite_conv
INFO: [VRFC 10-2263] Analyzing Verilog file "/home/tim/project_1/project_1.srcs/sources_1/ipshared/xilinx.com/axi_protocol_converter_v2_1/017861a2/hdl/verilog/axi_protocol_converter_v2_1_r_axi3_conv.v" into library axi_protocol_converter_v2_1
INFO: [VRFC 10-311] analyzing module axi_protocol_converter_v2_1_r_axi3_conv
INFO: [VRFC 10-2263] Analyzing Verilog file "/home/tim/project_1/project_1.srcs/sources_1/ipshared/xilinx.com/axi_protocol_converter_v2_1/017861a2/hdl/verilog/axi_protocol_converter_v2_1_w_axi3_conv.v" into library axi_protocol_converter_v2_1
INFO: [VRFC 10-311] analyzing module axi_protocol_converter_v2_1_w_axi3_conv
INFO: [VRFC 10-2263] Analyzing Verilog file "/home/tim/project_1/project_1.srcs/sources_1/ipshared/xilinx.com/axi_protocol_converter_v2_1/017861a2/hdl/verilog/axi_protocol_converter_v2_1_b_downsizer.v" into library axi_protocol_converter_v2_1
INFO: [VRFC 10-311] analyzing module axi_protocol_converter_v2_1_b_downsizer
INFO: [VRFC 10-2263] Analyzing Verilog file "/home/tim/project_1/project_1.srcs/sources_1/ipshared/xilinx.com/axi_protocol_converter_v2_1/017861a2/hdl/verilog/axi_protocol_converter_v2_1_decerr_slave.v" into library axi_protocol_converter_v2_1
INFO: [VRFC 10-311] analyzing module axi_protocol_converter_v2_1_decerr_slave
INFO: [VRFC 10-2263] Analyzing Verilog file "/home/tim/project_1/project_1.srcs/sources_1/ipshared/xilinx.com/axi_protocol_converter_v2_1/017861a2/hdl/verilog/axi_protocol_converter_v2_1_b2s_simple_fifo.v" into library axi_protocol_converter_v2_1
INFO: [VRFC 10-311] analyzing module axi_protocol_converter_v2_1_b2s_simple_fifo
INFO: [VRFC 10-2263] Analyzing Verilog file "/home/tim/project_1/project_1.srcs/sources_1/ipshared/xilinx.com/axi_protocol_converter_v2_1/017861a2/hdl/verilog/axi_protocol_converter_v2_1_b2s_wrap_cmd.v" into library axi_protocol_converter_v2_1
INFO: [VRFC 10-311] analyzing module axi_protocol_converter_v2_1_b2s_wrap_cmd
INFO: [VRFC 10-2263] Analyzing Verilog file "/home/tim/project_1/project_1.srcs/sources_1/ipshared/xilinx.com/axi_protocol_converter_v2_1/017861a2/hdl/verilog/axi_protocol_converter_v2_1_b2s_incr_cmd.v" into library axi_protocol_converter_v2_1
INFO: [VRFC 10-311] analyzing module axi_protocol_converter_v2_1_b2s_incr_cmd
INFO: [VRFC 10-2263] Analyzing Verilog file "/home/tim/project_1/project_1.srcs/sources_1/ipshared/xilinx.com/axi_protocol_converter_v2_1/017861a2/hdl/verilog/axi_protocol_converter_v2_1_b2s_wr_cmd_fsm.v" into library axi_protocol_converter_v2_1
INFO: [VRFC 10-311] analyzing module axi_protocol_converter_v2_1_b2s_wr_cmd_fsm
INFO: [VRFC 10-2263] Analyzing Verilog file "/home/tim/project_1/project_1.srcs/sources_1/ipshared/xilinx.com/axi_protocol_converter_v2_1/017861a2/hdl/verilog/axi_protocol_converter_v2_1_b2s_rd_cmd_fsm.v" into library axi_protocol_converter_v2_1
INFO: [VRFC 10-311] analyzing module axi_protocol_converter_v2_1_b2s_rd_cmd_fsm
INFO: [VRFC 10-2263] Analyzing Verilog file "/home/tim/project_1/project_1.srcs/sources_1/ipshared/xilinx.com/axi_protocol_converter_v2_1/017861a2/hdl/verilog/axi_protocol_converter_v2_1_b2s_cmd_translator.v" into library axi_protocol_converter_v2_1
INFO: [VRFC 10-311] analyzing module axi_protocol_converter_v2_1_b2s_cmd_translator
INFO: [VRFC 10-2263] Analyzing Verilog file "/home/tim/project_1/project_1.srcs/sources_1/ipshared/xilinx.com/axi_protocol_converter_v2_1/017861a2/hdl/verilog/axi_protocol_converter_v2_1_b2s_b_channel.v" into library axi_protocol_converter_v2_1
INFO: [VRFC 10-311] analyzing module axi_protocol_converter_v2_1_b2s_b_channel
INFO: [VRFC 10-2263] Analyzing Verilog file "/home/tim/project_1/project_1.srcs/sources_1/ipshared/xilinx.com/axi_protocol_converter_v2_1/017861a2/hdl/verilog/axi_protocol_converter_v2_1_b2s_r_channel.v" into library axi_protocol_converter_v2_1
INFO: [VRFC 10-311] analyzing module axi_protocol_converter_v2_1_b2s_r_channel
INFO: [VRFC 10-2263] Analyzing Verilog file "/home/tim/project_1/project_1.srcs/sources_1/ipshared/xilinx.com/axi_protocol_converter_v2_1/017861a2/hdl/verilog/axi_protocol_converter_v2_1_b2s_aw_channel.v" into library axi_protocol_converter_v2_1
INFO: [VRFC 10-311] analyzing module axi_protocol_converter_v2_1_b2s_aw_channel
INFO: [VRFC 10-2263] Analyzing Verilog file "/home/tim/project_1/project_1.srcs/sources_1/ipshared/xilinx.com/axi_protocol_converter_v2_1/017861a2/hdl/verilog/axi_protocol_converter_v2_1_b2s_ar_channel.v" into library axi_protocol_converter_v2_1
INFO: [VRFC 10-311] analyzing module axi_protocol_converter_v2_1_b2s_ar_channel
INFO: [VRFC 10-2263] Analyzing Verilog file "/home/tim/project_1/project_1.srcs/sources_1/ipshared/xilinx.com/axi_protocol_converter_v2_1/017861a2/hdl/verilog/axi_protocol_converter_v2_1_b2s.v" into library axi_protocol_converter_v2_1
INFO: [VRFC 10-311] analyzing module axi_protocol_converter_v2_1_b2s
INFO: [VRFC 10-2263] Analyzing Verilog file "/home/tim/project_1/project_1.srcs/sources_1/ipshared/xilinx.com/axi_protocol_converter_v2_1/017861a2/hdl/verilog/axi_protocol_converter_v2_1_axi_protocol_converter.v" into library axi_protocol_converter_v2_1
INFO: [VRFC 10-311] analyzing module axi_protocol_converter_v2_1_axi_protocol_converter
INFO: [VRFC 10-2263] Analyzing Verilog file "/home/tim/project_1/project_1.srcs/sources_1/bd/design_1/ip/design_1_auto_pc_0/sim/design_1_auto_pc_0.v" into library xil_defaultlib
INFO: [VRFC 10-311] analyzing module design_1_auto_pc_0
INFO: [VRFC 10-2263] Analyzing Verilog file "/home/tim/project_1/project_1.srcs/sources_1/bd/design_1/ip/design_1_auto_pc_1/sim/design_1_auto_pc_1.v" into library xil_defaultlib
INFO: [VRFC 10-311] analyzing module design_1_auto_pc_1
INFO: [VRFC 10-2263] Analyzing Verilog file "/home/tim/project_1/project_1.srcs/sources_1/ipshared/xilinx.com/axi_clock_converter_v2_1/07772de4/hdl/verilog/axi_clock_converter_v2_1_axic_sync_clock_converter.v" into library axi_clock_converter_v2_1
INFO: [VRFC 10-311] analyzing module axi_clock_converter_v2_1_axic_sync_clock_converter
INFO: [VRFC 10-2263] Analyzing Verilog file "/home/tim/project_1/project_1.srcs/sources_1/ipshared/xilinx.com/axi_clock_converter_v2_1/07772de4/hdl/verilog/axi_clock_converter_v2_1_axic_sample_cycle_ratio.v" into library axi_clock_converter_v2_1
INFO: [VRFC 10-311] analyzing module axi_clock_converter_v2_1_axic_sample_cycle_ratio
INFO: [VRFC 10-2263] Analyzing Verilog file "/home/tim/project_1/project_1.srcs/sources_1/ipshared/xilinx.com/axi_clock_converter_v2_1/07772de4/hdl/verilog/axi_clock_converter_v2_1_axi_clock_converter.v" into library axi_clock_converter_v2_1
INFO: [VRFC 10-311] analyzing module axi_clock_converter_v2_1_axi_clock_converter
INFO: [VRFC 10-2263] Analyzing Verilog file "/home/tim/project_1/project_1.srcs/sources_1/ipshared/xilinx.com/axi_dwidth_converter_v2_1/d98fa611/hdl/verilog/axi_dwidth_converter_v2_1_a_downsizer.v" into library axi_dwidth_converter_v2_1
INFO: [VRFC 10-311] analyzing module axi_dwidth_converter_v2_1_a_downsizer
INFO: [VRFC 10-2263] Analyzing Verilog file "/home/tim/project_1/project_1.srcs/sources_1/ipshared/xilinx.com/axi_dwidth_converter_v2_1/d98fa611/hdl/verilog/axi_dwidth_converter_v2_1_b_downsizer.v" into library axi_dwidth_converter_v2_1
INFO: [VRFC 10-311] analyzing module axi_dwidth_converter_v2_1_b_downsizer
INFO: [VRFC 10-2263] Analyzing Verilog file "/home/tim/project_1/project_1.srcs/sources_1/ipshared/xilinx.com/axi_dwidth_converter_v2_1/d98fa611/hdl/verilog/axi_dwidth_converter_v2_1_r_downsizer.v" into library axi_dwidth_converter_v2_1
INFO: [VRFC 10-311] analyzing module axi_dwidth_converter_v2_1_r_downsizer
INFO: [VRFC 10-2263] Analyzing Verilog file "/home/tim/project_1/project_1.srcs/sources_1/ipshared/xilinx.com/axi_dwidth_converter_v2_1/d98fa611/hdl/verilog/axi_dwidth_converter_v2_1_w_downsizer.v" into library axi_dwidth_converter_v2_1
INFO: [VRFC 10-311] analyzing module axi_dwidth_converter_v2_1_w_downsizer
INFO: [VRFC 10-2263] Analyzing Verilog file "/home/tim/project_1/project_1.srcs/sources_1/ipshared/xilinx.com/axi_dwidth_converter_v2_1/d98fa611/hdl/verilog/axi_dwidth_converter_v2_1_axi_downsizer.v" into library axi_dwidth_converter_v2_1
INFO: [VRFC 10-311] analyzing module axi_dwidth_converter_v2_1_axi_downsizer
INFO: [VRFC 10-2263] Analyzing Verilog file "/home/tim/project_1/project_1.srcs/sources_1/ipshared/xilinx.com/axi_dwidth_converter_v2_1/d98fa611/hdl/verilog/axi_dwidth_converter_v2_1_axi4lite_downsizer.v" into library axi_dwidth_converter_v2_1
INFO: [VRFC 10-311] analyzing module axi_dwidth_converter_v2_1_axi4lite_downsizer
INFO: [VRFC 10-2263] Analyzing Verilog file "/home/tim/project_1/project_1.srcs/sources_1/ipshared/xilinx.com/axi_dwidth_converter_v2_1/d98fa611/hdl/verilog/axi_dwidth_converter_v2_1_axi4lite_upsizer.v" into library axi_dwidth_converter_v2_1
INFO: [VRFC 10-311] analyzing module axi_dwidth_converter_v2_1_axi4lite_upsizer
INFO: [VRFC 10-2263] Analyzing Verilog file "/home/tim/project_1/project_1.srcs/sources_1/ipshared/xilinx.com/axi_dwidth_converter_v2_1/d98fa611/hdl/verilog/axi_dwidth_converter_v2_1_a_upsizer.v" into library axi_dwidth_converter_v2_1
INFO: [VRFC 10-311] analyzing module axi_dwidth_converter_v2_1_a_upsizer
INFO: [VRFC 10-2263] Analyzing Verilog file "/home/tim/project_1/project_1.srcs/sources_1/ipshared/xilinx.com/axi_dwidth_converter_v2_1/d98fa611/hdl/verilog/axi_dwidth_converter_v2_1_r_upsizer.v" into library axi_dwidth_converter_v2_1
INFO: [VRFC 10-311] analyzing module axi_dwidth_converter_v2_1_r_upsizer
INFO: [VRFC 10-2263] Analyzing Verilog file "/home/tim/project_1/project_1.srcs/sources_1/ipshared/xilinx.com/axi_dwidth_converter_v2_1/d98fa611/hdl/verilog/axi_dwidth_converter_v2_1_w_upsizer.v" into library axi_dwidth_converter_v2_1
INFO: [VRFC 10-311] analyzing module axi_dwidth_converter_v2_1_w_upsizer
INFO: [VRFC 10-2263] Analyzing Verilog file "/home/tim/project_1/project_1.srcs/sources_1/ipshared/xilinx.com/axi_dwidth_converter_v2_1/d98fa611/hdl/verilog/axi_dwidth_converter_v2_1_w_upsizer_pktfifo.v" into library axi_dwidth_converter_v2_1
INFO: [VRFC 10-311] analyzing module axi_dwidth_converter_v2_1_w_upsizer_pktfifo
INFO: [VRFC 10-2263] Analyzing Verilog file "/home/tim/project_1/project_1.srcs/sources_1/ipshared/xilinx.com/axi_dwidth_converter_v2_1/d98fa611/hdl/verilog/axi_dwidth_converter_v2_1_r_upsizer_pktfifo.v" into library axi_dwidth_converter_v2_1
INFO: [VRFC 10-311] analyzing module axi_dwidth_converter_v2_1_r_upsizer_pktfifo
INFO: [VRFC 10-2263] Analyzing Verilog file "/home/tim/project_1/project_1.srcs/sources_1/ipshared/xilinx.com/axi_dwidth_converter_v2_1/d98fa611/hdl/verilog/axi_dwidth_converter_v2_1_axi_upsizer.v" into library axi_dwidth_converter_v2_1
INFO: [VRFC 10-311] analyzing module axi_dwidth_converter_v2_1_axi_upsizer
INFO: [VRFC 10-2263] Analyzing Verilog file "/home/tim/project_1/project_1.srcs/sources_1/ipshared/xilinx.com/axi_dwidth_converter_v2_1/d98fa611/hdl/verilog/axi_dwidth_converter_v2_1_top.v" into library axi_dwidth_converter_v2_1
INFO: [VRFC 10-311] analyzing module axi_dwidth_converter_v2_1_top
INFO: [VRFC 10-2263] Analyzing Verilog file "/home/tim/project_1/project_1.srcs/sources_1/bd/design_1/ip/design_1_auto_us_0/sim/design_1_auto_us_0.v" into library xil_defaultlib
INFO: [VRFC 10-311] analyzing module design_1_auto_us_0
INFO: [VRFC 10-2263] Analyzing Verilog file "/home/tim/project_1/project_1.srcs/sources_1/bd/design_1/ip/design_1_auto_us_1/sim/design_1_auto_us_1.v" into library xil_defaultlib
INFO: [VRFC 10-311] analyzing module design_1_auto_us_1
INFO: [VRFC 10-2263] Analyzing Verilog file "/home/tim/project_1/project_1.srcs/sources_1/bd/design_1/hdl/design_1.v" into library xil_defaultlib
INFO: [VRFC 10-311] analyzing module design_1
INFO: [VRFC 10-311] analyzing module design_1_axi_mem_intercon_2
INFO: [VRFC 10-311] analyzing module design_1_processing_system7_0_axi_periph_3
INFO: [VRFC 10-311] analyzing module m00_couplers_imp_1R706YB
INFO: [VRFC 10-311] analyzing module m00_couplers_imp_OBU1DD
INFO: [VRFC 10-311] analyzing module m01_couplers_imp_1FBREZ4
INFO: [VRFC 10-311] analyzing module m02_couplers_imp_MVV5YQ
INFO: [VRFC 10-311] analyzing module s00_couplers_imp_1CFO1MB
INFO: [VRFC 10-311] analyzing module s00_couplers_imp_7HNO1D
INFO: [VRFC 10-311] analyzing module s01_couplers_imp_1W60HW0
INFO: [VRFC 10-311] analyzing module s02_couplers_imp_8NCF02
INFO: [VRFC 10-311] analyzing module s03_couplers_imp_1UQ1PUB
INFO: [VRFC 10-2263] Analyzing Verilog file "/home/tim/project_1/project_1.srcs/sources_1/bd/design_1/hdl/design_1_wrapper.v" into library xil_defaultlib
INFO: [VRFC 10-311] analyzing module design_1_wrapper
INFO: [VRFC 10-2263] Analyzing Verilog file "/home/tim/project_1/project_1.sim/sim_1/behav/glbl.v" into library xil_defaultlib
INFO: [VRFC 10-311] analyzing module glbl
