
****** Vivado v2015.1 (64-bit)
  **** SW Build 1215546 on Mon Apr 27 19:07:21 MDT 2015
  **** IP Build 1209967 on Tue Apr 21 11:39:20 MDT 2015
    ** Copyright 1986-2015 Xilinx, Inc. All Rights Reserved.

source run_ippack.tcl -notrace
INFO: [IP_Flow 19-234] Refreshing IP repositories
INFO: [IP_Flow 19-1704] No user IP repositories specified
INFO: [IP_Flow 19-2313] Loaded Vivado IP repository '/media/tim/New/Vivado/2015.1/data/ip'.
INFO: [IP_Flow 19-1686] Generating 'Synthesis' target for IP 'image_filter_fh_ap_fmul_3_max_dsp_32'...
INFO: [IP_Flow 19-1686] Generating 'Simulation' target for IP 'image_filter_fh_ap_fmul_3_max_dsp_32'...
INFO: [IP_Flow 19-1686] Generating 'Synthesis' target for IP 'image_filter_fh_ap_fsub_6_full_dsp_32'...
INFO: [IP_Flow 19-1686] Generating 'Simulation' target for IP 'image_filter_fh_ap_fsub_6_full_dsp_32'...
INFO: [IP_Flow 19-1686] Generating 'Synthesis' target for IP 'image_filter_fh_ap_fadd_6_full_dsp_32'...
INFO: [IP_Flow 19-1686] Generating 'Simulation' target for IP 'image_filter_fh_ap_fadd_6_full_dsp_32'...
****** Webtalk v2015.1 (64-bit)
  **** SW Build 1215546 on Mon Apr 27 19:07:21 MDT 2015
  **** IP Build 1209967 on Tue Apr 21 11:39:20 MDT 2015
    ** Copyright 1986-2015 Xilinx, Inc. All Rights Reserved.

source /home/tim/image_filter_2/solution1/impl/ip/tmp.hw/webtalk/labtool_webtalk.tcl -notrace
INFO: [Common 17-186] '/home/tim/image_filter_2/solution1/impl/ip/tmp.hw/webtalk/usage_statistics_ext_labtool.xml' has been successfully sent to Xilinx on Wed Jun  3 13:53:18 2015. For additional details about this file, please refer to the WebTalk help file at /media/tim/New/Vivado/2015.1/doc/webtalk_introduction.html.
INFO: [Common 17-206] Exiting Webtalk at Wed Jun  3 13:53:18 2015...
INFO: [IP_Flow 19-234] Refreshing IP repositories
INFO: [IP_Flow 19-1704] No user IP repositories specified
INFO: [IP_Flow 19-2313] Loaded Vivado IP repository '/media/tim/New/Vivado/2015.1/data/ip'.
INFO: [Common 17-206] Exiting Vivado at Wed Jun  3 13:53:18 2015...
